---------------------------------------------------------------
[ 2018-07-10T15:12:16+08:00 ] 192.168.0.85 192.168.0.213 GET /db/index/index.html
[ info ] gl.xlh.net/db/index/index.html [运行时间：3.994538s][吞吐率：0.25req/s] [内存消耗：563.46kb] [文件加载：55]
[ sql ] [ DB ] CONNECT:[ UseTime:0.026055s ] mysql:dbname=ebh2;host=192.168.0.85;charset=utf8
[ sql ] [ SQL ] SELECT TABLE_NAME,TABLE_COMMENT,TABLE_ROWS FROM information_schema.TABLES WHERE table_schema='ebh2' [ RunTime:3.255975s ]
[ sql ] [ SQL ] SELECT * FROM INFORMATION_SCHEMA.Columns WHERE table_name='aaa' AND table_schema='ebh2' [ RunTime:0.001716s ]
[ sql ] [ SQL ] SELECT * FROM INFORMATION_SCHEMA.Columns WHERE table_name='ebh_aaaa' AND table_schema='ebh2' [ RunTime:0.000865s ]
[ sql ] [ SQL ] SELECT * FROM INFORMATION_SCHEMA.Columns WHERE table_name='ebh_abc' AND table_schema='ebh2' [ RunTime:0.001068s ]
[ sql ] [ SQL ] SELECT * FROM INFORMATION_SCHEMA.Columns WHERE table_name='ebh_activitys' AND table_schema='ebh2' [ RunTime:0.001579s ]
[ sql ] [ SQL ] SELECT * FROM INFORMATION_SCHEMA.Columns WHERE table_name='ebh_ads' AND table_schema='ebh2' [ RunTime:0.000884s ]
[ sql ] [ SQL ] SELECT * FROM INFORMATION_SCHEMA.Columns WHERE table_name='ebh_ads_copy' AND table_schema='ebh2' [ RunTime:0.000761s ]
[ sql ] [ SQL ] SELECT * FROM INFORMATION_SCHEMA.Columns WHERE table_name='ebh_agents' AND table_schema='ebh2' [ RunTime:0.000943s ]
[ sql ] [ SQL ] SELECT * FROM INFORMATION_SCHEMA.Columns WHERE table_name='ebh_alibpayresult' AND table_schema='ebh2' [ RunTime:0.000878s ]
[ sql ] [ SQL ] SELECT * FROM INFORMATION_SCHEMA.Columns WHERE table_name='ebh_app_navigations' AND table_schema='ebh2' [ RunTime:0.001047s ]
[ sql ] [ SQL ] SELECT * FROM INFORMATION_SCHEMA.Columns WHERE table_name='ebh_app_pushs' AND table_schema='ebh2' [ RunTime:0.001398s ]
[ sql ] [ SQL ] SELECT * FROM INFORMATION_SCHEMA.Columns WHERE table_name='ebh_app_sliders' AND table_schema='ebh2' [ RunTime:0.000951s ]
[ sql ] [ SQL ] SELECT * FROM INFORMATION_SCHEMA.Columns WHERE table_name='ebh_applycards' AND table_schema='ebh2' [ RunTime:0.000887s ]
[ sql ] [ SQL ] SELECT * FROM INFORMATION_SCHEMA.Columns WHERE table_name='ebh_applycash' AND table_schema='ebh2' [ RunTime:0.001005s ]
[ sql ] [ SQL ] SELECT * FROM INFORMATION_SCHEMA.Columns WHERE table_name='ebh_applys' AND table_schema='ebh2' [ RunTime:0.000873s ]
[ sql ] [ SQL ] SELECT * FROM INFORMATION_SCHEMA.Columns WHERE table_name='ebh_appmodules' AND table_schema='ebh2' [ RunTime:0.000957s ]
[ sql ] [ SQL ] SELECT * FROM INFORMATION_SCHEMA.Columns WHERE table_name='ebh_aquestions' AND table_schema='ebh2' [ RunTime:0.001104s ]
[ sql ] [ SQL ] SELECT * FROM INFORMATION_SCHEMA.Columns WHERE table_name='ebh_areviews' AND table_schema='ebh2' [ RunTime:0.000871s ]
[ sql ] [ SQL ] SELECT * FROM INFORMATION_SCHEMA.Columns WHERE table_name='ebh_askanswers' AND table_schema='ebh2' [ RunTime:0.001018s ]
[ sql ] [ SQL ] SELECT * FROM INFORMATION_SCHEMA.Columns WHERE table_name='ebh_askfavorites' AND table_schema='ebh2' [ RunTime:0.000848s ]
[ sql ] [ SQL ] SELECT * FROM INFORMATION_SCHEMA.Columns WHERE table_name='ebh_askquestions' AND table_schema='ebh2' [ RunTime:0.001061s ]
[ sql ] [ SQL ] SELECT * FROM INFORMATION_SCHEMA.Columns WHERE table_name='ebh_attachments' AND table_schema='ebh2' [ RunTime:0.001806s ]
[ sql ] [ SQL ] SELECT * FROM INFORMATION_SCHEMA.Columns WHERE table_name='ebh_attendances' AND table_schema='ebh2' [ RunTime:0.001047s ]
[ sql ] [ SQL ] SELECT * FROM INFORMATION_SCHEMA.Columns WHERE table_name='ebh_best_itemlabels' AND table_schema='ebh2' [ RunTime:0.001362s ]
[ sql ] [ SQL ] SELECT * FROM INFORMATION_SCHEMA.Columns WHERE table_name='ebh_best_items' AND table_schema='ebh2' [ RunTime:0.001095s ]
[ sql ] [ SQL ] SELECT * FROM INFORMATION_SCHEMA.Columns WHERE table_name='ebh_best_labels' AND table_schema='ebh2' [ RunTime:0.000939s ]
[ sql ] [ SQL ] SELECT * FROM INFORMATION_SCHEMA.Columns WHERE table_name='ebh_best_select' AND table_schema='ebh2' [ RunTime:0.000884s ]
[ sql ] [ SQL ] SELECT * FROM INFORMATION_SCHEMA.Columns WHERE table_name='ebh_best_sorts' AND table_schema='ebh2' [ RunTime:0.000913s ]
[ sql ] [ SQL ] SELECT * FROM INFORMATION_SCHEMA.Columns WHERE table_name='ebh_billchecks' AND table_schema='ebh2' [ RunTime:0.000910s ]
[ sql ] [ SQL ] SELECT * FROM INFORMATION_SCHEMA.Columns WHERE table_name='ebh_billdetails' AND table_schema='ebh2' [ RunTime:0.000963s ]
[ sql ] [ SQL ] SELECT * FROM INFORMATION_SCHEMA.Columns WHERE table_name='ebh_billrooms' AND table_schema='ebh2' [ RunTime:0.000851s ]
[ sql ] [ SQL ] SELECT * FROM INFORMATION_SCHEMA.Columns WHERE table_name='ebh_bills' AND table_schema='ebh2' [ RunTime:0.002444s ]
[ sql ] [ SQL ] SELECT * FROM INFORMATION_SCHEMA.Columns WHERE table_name='ebh_billsettings' AND table_schema='ebh2' [ RunTime:0.001016s ]
[ sql ] [ SQL ] SELECT * FROM INFORMATION_SCHEMA.Columns WHERE table_name='ebh_billteachrole' AND table_schema='ebh2' [ RunTime:0.000817s ]
[ sql ] [ SQL ] SELECT * FROM INFORMATION_SCHEMA.Columns WHERE table_name='ebh_billusers' AND table_schema='ebh2' [ RunTime:0.000773s ]
[ sql ] [ SQL ] SELECT * FROM INFORMATION_SCHEMA.Columns WHERE table_name='ebh_billwithdraw' AND table_schema='ebh2' [ RunTime:0.000899s ]
[ sql ] [ SQL ] SELECT * FROM INFORMATION_SCHEMA.Columns WHERE table_name='ebh_billwithdrawset' AND table_schema='ebh2' [ RunTime:0.001002s ]
[ sql ] [ SQL ] SELECT * FROM INFORMATION_SCHEMA.Columns WHERE table_name='ebh_binds' AND table_schema='ebh2' [ RunTime:0.000944s ]
[ sql ] [ SQL ] SELECT * FROM INFORMATION_SCHEMA.Columns WHERE table_name='ebh_blacklists' AND table_schema='ebh2' [ RunTime:0.000952s ]
[ sql ] [ SQL ] SELECT * FROM INFORMATION_SCHEMA.Columns WHERE table_name='ebh_bonusissues' AND table_schema='ebh2' [ RunTime:0.000880s ]
[ sql ] [ SQL ] SELECT * FROM INFORMATION_SCHEMA.Columns WHERE table_name='ebh_bundle_assos' AND table_schema='ebh2' [ RunTime:0.000881s ]
[ sql ] [ SQL ] SELECT * FROM INFORMATION_SCHEMA.Columns WHERE table_name='ebh_bundlelogs' AND table_schema='ebh2' [ RunTime:0.001974s ]
[ sql ] [ SQL ] SELECT * FROM INFORMATION_SCHEMA.Columns WHERE table_name='ebh_bundles' AND table_schema='ebh2' [ RunTime:0.000982s ]
[ sql ] [ SQL ] SELECT * FROM INFORMATION_SCHEMA.Columns WHERE table_name='ebh_cardbatch' AND table_schema='ebh2' [ RunTime:0.000853s ]
[ sql ] [ SQL ] SELECT * FROM INFORMATION_SCHEMA.Columns WHERE table_name='ebh_cards' AND table_schema='ebh2' [ RunTime:0.001125s ]
[ sql ] [ SQL ] SELECT * FROM INFORMATION_SCHEMA.Columns WHERE table_name='ebh_cashback' AND table_schema='ebh2' [ RunTime:0.001368s ]
[ sql ] [ SQL ] SELECT * FROM INFORMATION_SCHEMA.Columns WHERE table_name='ebh_cashrecords' AND table_schema='ebh2' [ RunTime:0.001450s ]
[ sql ] [ SQL ] SELECT * FROM INFORMATION_SCHEMA.Columns WHERE table_name='ebh_cashs' AND table_schema='ebh2' [ RunTime:0.000903s ]
[ sql ] [ SQL ] SELECT * FROM INFORMATION_SCHEMA.Columns WHERE table_name='ebh_categories' AND table_schema='ebh2' [ RunTime:0.001158s ]
[ sql ] [ SQL ] SELECT * FROM INFORMATION_SCHEMA.Columns WHERE table_name='ebh_changeclass' AND table_schema='ebh2' [ RunTime:0.001855s ]
[ sql ] [ SQL ] SELECT * FROM INFORMATION_SCHEMA.Columns WHERE table_name='ebh_chapters' AND table_schema='ebh2' [ RunTime:0.000862s ]
[ sql ] [ SQL ] SELECT * FROM INFORMATION_SCHEMA.Columns WHERE table_name='ebh_charges' AND table_schema='ebh2' [ RunTime:0.001938s ]
[ sql ] [ SQL ] SELECT * FROM INFORMATION_SCHEMA.Columns WHERE table_name='ebh_cities' AND table_schema='ebh2' [ RunTime:0.000992s ]
[ sql ] [ SQL ] SELECT * FROM INFORMATION_SCHEMA.Columns WHERE table_name='ebh_cities_old' AND table_schema='ebh2' [ RunTime:0.001345s ]
[ sql ] [ SQL ] SELECT * FROM INFORMATION_SCHEMA.Columns WHERE table_name='ebh_classcourses' AND table_schema='ebh2' [ RunTime:0.001119s ]
[ sql ] [ SQL ] SELECT * FROM INFORMATION_SCHEMA.Columns WHERE table_name='ebh_classcwstats' AND table_schema='ebh2' [ RunTime:0.000901s ]
[ sql ] [ SQL ] SELECT * FROM INFORMATION_SCHEMA.Columns WHERE table_name='ebh_classes' AND table_schema='ebh2' [ RunTime:0.000962s ]
[ sql ] [ SQL ] SELECT * FROM INFORMATION_SCHEMA.Columns WHERE table_name='ebh_classlog' AND table_schema='ebh2' [ RunTime:0.000837s ]
[ sql ] [ SQL ] SELECT * FROM INFORMATION_SCHEMA.Columns WHERE table_name='ebh_classrooms' AND table_schema='ebh2' [ RunTime:0.001831s ]
[ sql ] [ SQL ] SELECT * FROM INFORMATION_SCHEMA.Columns WHERE table_name='ebh_classslock' AND table_schema='ebh2' [ RunTime:0.000907s ]
[ sql ] [ SQL ] SELECT * FROM INFORMATION_SCHEMA.Columns WHERE table_name='ebh_classstudents' AND table_schema='ebh2' [ RunTime:0.001234s ]
[ sql ] [ SQL ] SELECT * FROM INFORMATION_SCHEMA.Columns WHERE table_name='ebh_classteachers' AND table_schema='ebh2' [ RunTime:0.001377s ]
[ sql ] [ SQL ] SELECT * FROM INFORMATION_SCHEMA.Columns WHERE table_name='ebh_cloudnotes' AND table_schema='ebh2' [ RunTime:0.001110s ]
[ sql ] [ SQL ] SELECT * FROM INFORMATION_SCHEMA.Columns WHERE table_name='ebh_collects' AND table_schema='ebh2' [ RunTime:0.000855s ]
[ sql ] [ SQL ] SELECT * FROM INFORMATION_SCHEMA.Columns WHERE table_name='ebh_commisions' AND table_schema='ebh2' [ RunTime:0.000892s ]
[ sql ] [ SQL ] SELECT * FROM INFORMATION_SCHEMA.Columns WHERE table_name='ebh_component_bases' AND table_schema='ebh2' [ RunTime:0.000898s ]
[ sql ] [ SQL ] SELECT * FROM INFORMATION_SCHEMA.Columns WHERE table_name='ebh_component_item_options' AND table_schema='ebh2' [ RunTime:0.000860s ]
[ sql ] [ SQL ] SELECT * FROM INFORMATION_SCHEMA.Columns WHERE table_name='ebh_component_items' AND table_schema='ebh2' [ RunTime:0.001011s ]
[ sql ] [ SQL ] SELECT * FROM INFORMATION_SCHEMA.Columns WHERE table_name='ebh_component_richtexts' AND table_schema='ebh2' [ RunTime:0.000876s ]
[ sql ] [ SQL ] SELECT * FROM INFORMATION_SCHEMA.Columns WHERE table_name='ebh_component_schools' AND table_schema='ebh2' [ RunTime:0.000856s ]
[ sql ] [ SQL ] SELECT * FROM INFORMATION_SCHEMA.Columns WHERE table_name='ebh_constitution' AND table_schema='ebh2' [ RunTime:0.001150s ]
[ sql ] [ SQL ] SELECT * FROM INFORMATION_SCHEMA.Columns WHERE table_name='ebh_contacts' AND table_schema='ebh2' [ RunTime:0.000819s ]
[ sql ] [ SQL ] SELECT * FROM INFORMATION_SCHEMA.Columns WHERE table_name='ebh_counter' AND table_schema='ebh2' [ RunTime:0.000799s ]
[ sql ] [ SQL ] SELECT * FROM INFORMATION_SCHEMA.Columns WHERE table_name='ebh_coupons' AND table_schema='ebh2' [ RunTime:0.002260s ]
[ sql ] [ SQL ] SELECT * FROM INFORMATION_SCHEMA.Columns WHERE table_name='ebh_course_liveinfos' AND table_schema='ebh2' [ RunTime:0.001070s ]
[ sql ] [ SQL ] SELECT * FROM INFORMATION_SCHEMA.Columns WHERE table_name='ebh_courseranks' AND table_schema='ebh2' [ RunTime:0.001282s ]
[ sql ] [ SQL ] SELECT * FROM INFORMATION_SCHEMA.Columns WHERE table_name='ebh_coursewares' AND table_schema='ebh2' [ RunTime:0.001573s ]
[ sql ] [ SQL ] SELECT * FROM INFORMATION_SCHEMA.Columns WHERE table_name='ebh_creditlogs' AND table_schema='ebh2' [ RunTime:0.001355s ]
[ sql ] [ SQL ] SELECT * FROM INFORMATION_SCHEMA.Columns WHERE table_name='ebh_creditrules' AND table_schema='ebh2' [ RunTime:0.001011s ]
[ sql ] [ SQL ] SELECT * FROM INFORMATION_SCHEMA.Columns WHERE table_name='ebh_crons' AND table_schema='ebh2' [ RunTime:0.001823s ]
[ sql ] [ SQL ] SELECT * FROM INFORMATION_SCHEMA.Columns WHERE table_name='ebh_custommessages' AND table_schema='ebh2' [ RunTime:0.001470s ]
[ sql ] [ SQL ] SELECT * FROM INFORMATION_SCHEMA.Columns WHERE table_name='ebh_cwusers' AND table_schema='ebh2' [ RunTime:0.000886s ]
[ sql ] [ SQL ] SELECT * FROM INFORMATION_SCHEMA.Columns WHERE table_name='ebh_designcoursewares' AND table_schema='ebh2' [ RunTime:0.000884s ]
[ sql ] [ SQL ] SELECT * FROM INFORMATION_SCHEMA.Columns WHERE table_name='ebh_domainchecks' AND table_schema='ebh2' [ RunTime:0.000794s ]
[ sql ] [ SQL ] SELECT * FROM INFORMATION_SCHEMA.Columns WHERE table_name='ebh_domains' AND table_schema='ebh2' [ RunTime:0.000875s ]
[ sql ] [ SQL ] SELECT * FROM INFORMATION_SCHEMA.Columns WHERE table_name='ebh_errorbook' AND table_schema='ebh2' [ RunTime:0.000888s ]
[ sql ] [ SQL ] SELECT * FROM INFORMATION_SCHEMA.Columns WHERE table_name='ebh_eth_messages' AND table_schema='ebh2' [ RunTime:0.001765s ]
[ sql ] [ SQL ] SELECT * FROM INFORMATION_SCHEMA.Columns WHERE table_name='ebh_evaluate_answers' AND table_schema='ebh2' [ RunTime:0.001047s ]
[ sql ] [ SQL ] SELECT * FROM INFORMATION_SCHEMA.Columns WHERE table_name='ebh_evaluate_questions' AND table_schema='ebh2' [ RunTime:0.000834s ]
[ sql ] [ SQL ] SELECT * FROM INFORMATION_SCHEMA.Columns WHERE table_name='ebh_evaluate_refers' AND table_schema='ebh2' [ RunTime:0.000854s ]
[ sql ] [ SQL ] SELECT * FROM INFORMATION_SCHEMA.Columns WHERE table_name='ebh_evaluates' AND table_schema='ebh2' [ RunTime:0.000929s ]
[ sql ] [ SQL ] SELECT * FROM INFORMATION_SCHEMA.Columns WHERE table_name='ebh_exam_favsubjects' AND table_schema='ebh2' [ RunTime:0.000828s ]
[ sql ] [ SQL ] SELECT * FROM INFORMATION_SCHEMA.Columns WHERE table_name='ebh_examanswers' AND table_schema='ebh2' [ RunTime:0.001910s ]
[ sql ] [ SQL ] SELECT * FROM INFORMATION_SCHEMA.Columns WHERE table_name='ebh_examapplys' AND table_schema='ebh2' [ RunTime:0.001267s ]
[ sql ] [ SQL ] SELECT * FROM INFORMATION_SCHEMA.Columns WHERE table_name='ebh_examawards' AND table_schema='ebh2' [ RunTime:0.001007s ]
[ sql ] [ SQL ] SELECT * FROM INFORMATION_SCHEMA.Columns WHERE table_name='ebh_examchecks' AND table_schema='ebh2' [ RunTime:0.000857s ]
[ sql ] [ SQL ] SELECT * FROM INFORMATION_SCHEMA.Columns WHERE table_name='ebh_exampapers' AND table_schema='ebh2' [ RunTime:0.001125s ]
[ sql ] [ SQL ] SELECT * FROM INFORMATION_SCHEMA.Columns WHERE table_name='ebh_exams' AND table_schema='ebh2' [ RunTime:0.001513s ]
[ sql ] [ SQL ] SELECT * FROM INFORMATION_SCHEMA.Columns WHERE table_name='ebh_excel_sources' AND table_schema='ebh2' [ RunTime:0.001825s ]
[ sql ] [ SQL ] SELECT * FROM INFORMATION_SCHEMA.Columns WHERE table_name='ebh_experiences' AND table_schema='ebh2' [ RunTime:0.000821s ]
[ sql ] [ SQL ] SELECT * FROM INFORMATION_SCHEMA.Columns WHERE table_name='ebh_favchapters' AND table_schema='ebh2' [ RunTime:0.000805s ]
[ sql ] [ SQL ] SELECT * FROM INFORMATION_SCHEMA.Columns WHERE table_name='ebh_favorites' AND table_schema='ebh2' [ RunTime:0.001102s ]
[ sql ] [ SQL ] SELECT * FROM INFORMATION_SCHEMA.Columns WHERE table_name='ebh_feedbacks' AND table_schema='ebh2' [ RunTime:0.000867s ]
[ sql ] [ SQL ] SELECT * FROM INFORMATION_SCHEMA.Columns WHERE table_name='ebh_filters' AND table_schema='ebh2' [ RunTime:0.000857s ]
[ sql ] [ SQL ] SELECT * FROM INFORMATION_SCHEMA.Columns WHERE table_name='ebh_folder_intros' AND table_schema='ebh2' [ RunTime:0.000819s ]
[ sql ] [ SQL ] SELECT * FROM INFORMATION_SCHEMA.Columns WHERE table_name='ebh_folders' AND table_schema='ebh2' [ RunTime:0.001063s ]
[ sql ] [ SQL ] SELECT * FROM INFORMATION_SCHEMA.Columns WHERE table_name='ebh_foldertargets' AND table_schema='ebh2' [ RunTime:0.001076s ]
[ sql ] [ SQL ] SELECT * FROM INFORMATION_SCHEMA.Columns WHERE table_name='ebh_forums' AND table_schema='ebh2' [ RunTime:0.003121s ]
[ sql ] [ SQL ] SELECT * FROM INFORMATION_SCHEMA.Columns WHERE table_name='ebh_forums_categorys' AND table_schema='ebh2' [ RunTime:0.001313s ]
[ sql ] [ SQL ] SELECT * FROM INFORMATION_SCHEMA.Columns WHERE table_name='ebh_forums_contents' AND table_schema='ebh2' [ RunTime:0.000866s ]
[ sql ] [ SQL ] SELECT * FROM INFORMATION_SCHEMA.Columns WHERE table_name='ebh_forums_follows' AND table_schema='ebh2' [ RunTime:0.000786s ]
[ sql ] [ SQL ] SELECT * FROM INFORMATION_SCHEMA.Columns WHERE table_name='ebh_forums_managers' AND table_schema='ebh2' [ RunTime:0.000828s ]
[ sql ] [ SQL ] SELECT * FROM INFORMATION_SCHEMA.Columns WHERE table_name='ebh_forums_subject_replys' AND table_schema='ebh2' [ RunTime:0.000856s ]
[ sql ] [ SQL ] SELECT * FROM INFORMATION_SCHEMA.Columns WHERE table_name='ebh_forums_subjects' AND table_schema='ebh2' [ RunTime:0.000956s ]
[ sql ] [ SQL ] SELECT * FROM INFORMATION_SCHEMA.Columns WHERE table_name='ebh_freezn_times' AND table_schema='ebh2' [ RunTime:0.000801s ]
[ sql ] [ SQL ] SELECT * FROM INFORMATION_SCHEMA.Columns WHERE table_name='ebh_grades' AND table_schema='ebh2' [ RunTime:0.001719s ]
[ sql ] [ SQL ] SELECT * FROM INFORMATION_SCHEMA.Columns WHERE table_name='ebh_groups' AND table_schema='ebh2' [ RunTime:0.001986s ]
[ sql ] [ SQL ] SELECT * FROM INFORMATION_SCHEMA.Columns WHERE table_name='ebh_health_comment' AND table_schema='ebh2' [ RunTime:0.000956s ]
[ sql ] [ SQL ] SELECT * FROM INFORMATION_SCHEMA.Columns WHERE table_name='ebh_ia_class' AND table_schema='ebh2' [ RunTime:0.000873s ]
[ sql ] [ SQL ] SELECT * FROM INFORMATION_SCHEMA.Columns WHERE table_name='ebh_iaclassroom' AND table_schema='ebh2' [ RunTime:0.000970s ]
[ sql ] [ SQL ] SELECT * FROM INFORMATION_SCHEMA.Columns WHERE table_name='ebh_iaclassroomlog' AND table_schema='ebh2' [ RunTime:0.000948s ]
[ sql ] [ SQL ] SELECT * FROM INFORMATION_SCHEMA.Columns WHERE table_name='ebh_icanswers' AND table_schema='ebh2' [ RunTime:0.000943s ]
[ sql ] [ SQL ] SELECT * FROM INFORMATION_SCHEMA.Columns WHERE table_name='ebh_icfolders' AND table_schema='ebh2' [ RunTime:0.000968s ]
[ sql ] [ SQL ] SELECT * FROM INFORMATION_SCHEMA.Columns WHERE table_name='ebh_icitems' AND table_schema='ebh2' [ RunTime:0.000892s ]
[ sql ] [ SQL ] SELECT * FROM INFORMATION_SCHEMA.Columns WHERE table_name='ebh_icquestions' AND table_schema='ebh2' [ RunTime:0.000795s ]
[ sql ] [ SQL ] SELECT * FROM INFORMATION_SCHEMA.Columns WHERE table_name='ebh_ics' AND table_schema='ebh2' [ RunTime:0.001240s ]
[ sql ] [ SQL ] SELECT * FROM INFORMATION_SCHEMA.Columns WHERE table_name='ebh_imfiles' AND table_schema='ebh2' [ RunTime:0.000969s ]
[ sql ] [ SQL ] SELECT * FROM INFORMATION_SCHEMA.Columns WHERE table_name='ebh_imfriends' AND table_schema='ebh2' [ RunTime:0.000904s ]
[ sql ] [ SQL ] SELECT * FROM INFORMATION_SCHEMA.Columns WHERE table_name='ebh_imgroups' AND table_schema='ebh2' [ RunTime:0.000957s ]
[ sql ] [ SQL ] SELECT * FROM INFORMATION_SCHEMA.Columns WHERE table_name='ebh_immessages' AND table_schema='ebh2' [ RunTime:0.001945s ]
[ sql ] [ SQL ] SELECT * FROM INFORMATION_SCHEMA.Columns WHERE table_name='ebh_imqunmembers' AND table_schema='ebh2' [ RunTime:0.001345s ]
[ sql ] [ SQL ] SELECT * FROM INFORMATION_SCHEMA.Columns WHERE table_name='ebh_imquns' AND table_schema='ebh2' [ RunTime:0.001337s ]
[ sql ] [ SQL ] SELECT * FROM INFORMATION_SCHEMA.Columns WHERE table_name='ebh_ip_blacklists' AND table_schema='ebh2' [ RunTime:0.001423s ]
[ sql ] [ SQL ] SELECT * FROM INFORMATION_SCHEMA.Columns WHERE table_name='ebh_ipstrs' AND table_schema='ebh2' [ RunTime:0.001182s ]
[ sql ] [ SQL ] SELECT * FROM INFORMATION_SCHEMA.Columns WHERE table_name='ebh_isps' AND table_schema='ebh2' [ RunTime:0.001496s ]
[ sql ] [ SQL ] SELECT * FROM INFORMATION_SCHEMA.Columns WHERE table_name='ebh_items' AND table_schema='ebh2' [ RunTime:0.001728s ]
[ sql ] [ SQL ] SELECT * FROM INFORMATION_SCHEMA.Columns WHERE table_name='ebh_jsapplys' AND table_schema='ebh2' [ RunTime:0.001093s ]
[ sql ] [ SQL ] SELECT * FROM INFORMATION_SCHEMA.Columns WHERE table_name='ebh_jsauths' AND table_schema='ebh2' [ RunTime:0.001131s ]
[ sql ] [ SQL ] SELECT * FROM INFORMATION_SCHEMA.Columns WHERE table_name='ebh_keywords' AND table_schema='ebh2' [ RunTime:0.001083s ]
[ sql ] [ SQL ] SELECT * FROM INFORMATION_SCHEMA.Columns WHERE table_name='ebh_labels' AND table_schema='ebh2' [ RunTime:0.001089s ]
[ sql ] [ SQL ] SELECT * FROM INFORMATION_SCHEMA.Columns WHERE table_name='ebh_lguidcoods' AND table_schema='ebh2' [ RunTime:0.000910s ]
[ sql ] [ SQL ] SELECT * FROM INFORMATION_SCHEMA.Columns WHERE table_name='ebh_lguides' AND table_schema='ebh2' [ RunTime:0.001014s ]
[ sql ] [ SQL ] SELECT * FROM INFORMATION_SCHEMA.Columns WHERE table_name='ebh_lguideusers' AND table_schema='ebh2' [ RunTime:0.001347s ]
[ sql ] [ SQL ] SELECT * FROM INFORMATION_SCHEMA.Columns WHERE table_name='ebh_lifegroups' AND table_schema='ebh2' [ RunTime:0.001204s ]
[ sql ] [ SQL ] SELECT * FROM INFORMATION_SCHEMA.Columns WHERE table_name='ebh_limitlogs' AND table_schema='ebh2' [ RunTime:0.001034s ]
[ sql ] [ SQL ] SELECT * FROM INFORMATION_SCHEMA.Columns WHERE table_name='ebh_loginlogs' AND table_schema='ebh2' [ RunTime:0.001129s ]
[ sql ] [ SQL ] SELECT * FROM INFORMATION_SCHEMA.Columns WHERE table_name='ebh_logs' AND table_schema='ebh2' [ RunTime:0.001191s ]
[ sql ] [ SQL ] SELECT * FROM INFORMATION_SCHEMA.Columns WHERE table_name='ebh_machines' AND table_schema='ebh2' [ RunTime:0.000881s ]
[ sql ] [ SQL ] SELECT * FROM INFORMATION_SCHEMA.Columns WHERE table_name='ebh_manual_courses' AND table_schema='ebh2' [ RunTime:0.001351s ]
[ sql ] [ SQL ] SELECT * FROM INFORMATION_SCHEMA.Columns WHERE table_name='ebh_masters' AND table_schema='ebh2' [ RunTime:0.000979s ]
[ sql ] [ SQL ] SELECT * FROM INFORMATION_SCHEMA.Columns WHERE table_name='ebh_mediacenters' AND table_schema='ebh2' [ RunTime:0.001840s ]
[ sql ] [ SQL ] SELECT * FROM INFORMATION_SCHEMA.Columns WHERE table_name='ebh_members' AND table_schema='ebh2' [ RunTime:0.001335s ]
[ sql ] [ SQL ] SELECT * FROM INFORMATION_SCHEMA.Columns WHERE table_name='ebh_mentaltests' AND table_schema='ebh2' [ RunTime:0.001054s ]
[ sql ] [ SQL ] SELECT * FROM INFORMATION_SCHEMA.Columns WHERE table_name='ebh_menus' AND table_schema='ebh2' [ RunTime:0.001118s ]
[ sql ] [ SQL ] SELECT * FROM INFORMATION_SCHEMA.Columns WHERE table_name='ebh_messages' AND table_schema='ebh2' [ RunTime:0.000997s ]
[ sql ] [ SQL ] SELECT * FROM INFORMATION_SCHEMA.Columns WHERE table_name='ebh_mobilelocations' AND table_schema='ebh2' [ RunTime:0.000992s ]
[ sql ] [ SQL ] SELECT * FROM INFORMATION_SCHEMA.Columns WHERE table_name='ebh_modules' AND table_schema='ebh2' [ RunTime:0.000974s ]
[ sql ] [ SQL ] SELECT * FROM INFORMATION_SCHEMA.Columns WHERE table_name='ebh_modulevedios' AND table_schema='ebh2' [ RunTime:0.001717s ]
[ sql ] [ SQL ] SELECT * FROM INFORMATION_SCHEMA.Columns WHERE table_name='ebh_news' AND table_schema='ebh2' [ RunTime:0.001263s ]
[ sql ] [ SQL ] SELECT * FROM INFORMATION_SCHEMA.Columns WHERE table_name='ebh_news_reviews' AND table_schema='ebh2' [ RunTime:0.000939s ]
[ sql ] [ SQL ] SELECT * FROM INFORMATION_SCHEMA.Columns WHERE table_name='ebh_noteattas' AND table_schema='ebh2' [ RunTime:0.000937s ]
[ sql ] [ SQL ] SELECT * FROM INFORMATION_SCHEMA.Columns WHERE table_name='ebh_notes' AND table_schema='ebh2' [ RunTime:0.000948s ]
[ sql ] [ SQL ] SELECT * FROM INFORMATION_SCHEMA.Columns WHERE table_name='ebh_notice_receipts' AND table_schema='ebh2' [ RunTime:0.000914s ]
[ sql ] [ SQL ] SELECT * FROM INFORMATION_SCHEMA.Columns WHERE table_name='ebh_notices' AND table_schema='ebh2' [ RunTime:0.001197s ]
[ sql ] [ SQL ] SELECT * FROM INFORMATION_SCHEMA.Columns WHERE table_name='ebh_onlineatts' AND table_schema='ebh2' [ RunTime:0.000979s ]
[ sql ] [ SQL ] SELECT * FROM INFORMATION_SCHEMA.Columns WHERE table_name='ebh_onlinecourse_classes' AND table_schema='ebh2' [ RunTime:0.000821s ]
[ sql ] [ SQL ] SELECT * FROM INFORMATION_SCHEMA.Columns WHERE table_name='ebh_onlinecourses' AND table_schema='ebh2' [ RunTime:0.001651s ]
[ sql ] [ SQL ] SELECT * FROM INFORMATION_SCHEMA.Columns WHERE table_name='ebh_openwxs' AND table_schema='ebh2' [ RunTime:0.000919s ]
[ sql ] [ SQL ] SELECT * FROM INFORMATION_SCHEMA.Columns WHERE table_name='ebh_operations' AND table_schema='ebh2' [ RunTime:0.002057s ]
[ sql ] [ SQL ] SELECT * FROM INFORMATION_SCHEMA.Columns WHERE table_name='ebh_ordercash' AND table_schema='ebh2' [ RunTime:0.001084s ]
[ sql ] [ SQL ] SELECT * FROM INFORMATION_SCHEMA.Columns WHERE table_name='ebh_orders' AND table_schema='ebh2' [ RunTime:0.000986s ]
[ sql ] [ SQL ] SELECT * FROM INFORMATION_SCHEMA.Columns WHERE table_name='ebh_ousers' AND table_schema='ebh2' [ RunTime:0.001071s ]
[ sql ] [ SQL ] SELECT * FROM INFORMATION_SCHEMA.Columns WHERE table_name='ebh_pads' AND table_schema='ebh2' [ RunTime:0.001245s ]
[ sql ] [ SQL ] SELECT * FROM INFORMATION_SCHEMA.Columns WHERE table_name='ebh_padstypes' AND table_schema='ebh2' [ RunTime:0.001205s ]
[ sql ] [ SQL ] SELECT * FROM INFORMATION_SCHEMA.Columns WHERE table_name='ebh_pay_items' AND table_schema='ebh2' [ RunTime:0.002088s ]
[ sql ] [ SQL ] SELECT * FROM INFORMATION_SCHEMA.Columns WHERE table_name='ebh_pay_orderdetails' AND table_schema='ebh2' [ RunTime:0.001146s ]
[ sql ] [ SQL ] SELECT * FROM INFORMATION_SCHEMA.Columns WHERE table_name='ebh_pay_orders' AND table_schema='ebh2' [ RunTime:0.001223s ]
[ sql ] [ SQL ] SELECT * FROM INFORMATION_SCHEMA.Columns WHERE table_name='ebh_pay_packages' AND table_schema='ebh2' [ RunTime:0.001021s ]
[ sql ] [ SQL ] SELECT * FROM INFORMATION_SCHEMA.Columns WHERE table_name='ebh_pay_sorts' AND table_schema='ebh2' [ RunTime:0.000998s ]
[ sql ] [ SQL ] SELECT * FROM INFORMATION_SCHEMA.Columns WHERE table_name='ebh_pay_terms' AND table_schema='ebh2' [ RunTime:0.001303s ]
[ sql ] [ SQL ] SELECT * FROM INFORMATION_SCHEMA.Columns WHERE table_name='ebh_pay_torders' AND table_schema='ebh2' [ RunTime:0.001203s ]
[ sql ] [ SQL ] SELECT * FROM INFORMATION_SCHEMA.Columns WHERE table_name='ebh_pcategories' AND table_schema='ebh2' [ RunTime:0.001553s ]
[ sql ] [ SQL ] SELECT * FROM INFORMATION_SCHEMA.Columns WHERE table_name='ebh_permissions' AND table_schema='ebh2' [ RunTime:0.001563s ]
[ sql ] [ SQL ] SELECT * FROM INFORMATION_SCHEMA.Columns WHERE table_name='ebh_pitems' AND table_schema='ebh2' [ RunTime:0.001267s ]
[ sql ] [ SQL ] SELECT * FROM INFORMATION_SCHEMA.Columns WHERE table_name='ebh_playlogs' AND table_schema='ebh2' [ RunTime:0.000990s ]
[ sql ] [ SQL ] SELECT * FROM INFORMATION_SCHEMA.Columns WHERE table_name='ebh_polls' AND table_schema='ebh2' [ RunTime:0.001203s ]
[ sql ] [ SQL ] SELECT * FROM INFORMATION_SCHEMA.Columns WHERE table_name='ebh_posts' AND table_schema='ebh2' [ RunTime:0.001077s ]
[ sql ] [ SQL ] SELECT * FROM INFORMATION_SCHEMA.Columns WHERE table_name='ebh_previewnotes' AND table_schema='ebh2' [ RunTime:0.000924s ]
[ sql ] [ SQL ] SELECT * FROM INFORMATION_SCHEMA.Columns WHERE table_name='ebh_previews' AND table_schema='ebh2' [ RunTime:0.000942s ]
[ sql ] [ SQL ] SELECT * FROM INFORMATION_SCHEMA.Columns WHERE table_name='ebh_products' AND table_schema='ebh2' [ RunTime:0.001052s ]
[ sql ] [ SQL ] SELECT * FROM INFORMATION_SCHEMA.Columns WHERE table_name='ebh_projectfeedbacks' AND table_schema='ebh2' [ RunTime:0.001050s ]
[ sql ] [ SQL ] SELECT * FROM INFORMATION_SCHEMA.Columns WHERE table_name='ebh_promotions' AND table_schema='ebh2' [ RunTime:0.001786s ]
[ sql ] [ SQL ] SELECT * FROM INFORMATION_SCHEMA.Columns WHERE table_name='ebh_questions' AND table_schema='ebh2' [ RunTime:0.001128s ]
[ sql ] [ SQL ] SELECT * FROM INFORMATION_SCHEMA.Columns WHERE table_name='ebh_records' AND table_schema='ebh2' [ RunTime:0.001003s ]
[ sql ] [ SQL ] SELECT * FROM INFORMATION_SCHEMA.Columns WHERE table_name='ebh_redeem_cards' AND table_schema='ebh2' [ RunTime:0.001112s ]
[ sql ] [ SQL ] SELECT * FROM INFORMATION_SCHEMA.Columns WHERE table_name='ebh_redeem_lots' AND table_schema='ebh2' [ RunTime:0.000937s ]
[ sql ] [ SQL ] SELECT * FROM INFORMATION_SCHEMA.Columns WHERE table_name='ebh_resgroups' AND table_schema='ebh2' [ RunTime:0.001006s ]
[ sql ] [ SQL ] SELECT * FROM INFORMATION_SCHEMA.Columns WHERE table_name='ebh_reslibs' AND table_schema='ebh2' [ RunTime:0.001186s ]
[ sql ] [ SQL ] SELECT * FROM INFORMATION_SCHEMA.Columns WHERE table_name='ebh_revert' AND table_schema='ebh2' [ RunTime:0.001003s ]
[ sql ] [ SQL ] SELECT * FROM INFORMATION_SCHEMA.Columns WHERE table_name='ebh_reviews' AND table_schema='ebh2' [ RunTime:0.001191s ]
[ sql ] [ SQL ] SELECT * FROM INFORMATION_SCHEMA.Columns WHERE table_name='ebh_reward_totals' AND table_schema='ebh2' [ RunTime:0.001106s ]
[ sql ] [ SQL ] SELECT * FROM INFORMATION_SCHEMA.Columns WHERE table_name='ebh_rewards' AND table_schema='ebh2' [ RunTime:0.002104s ]
[ sql ] [ SQL ] SELECT * FROM INFORMATION_SCHEMA.Columns WHERE table_name='ebh_rfiles' AND table_schema='ebh2' [ RunTime:0.001176s ]
[ sql ] [ SQL ] SELECT * FROM INFORMATION_SCHEMA.Columns WHERE table_name='ebh_robots' AND table_schema='ebh2' [ RunTime:0.001705s ]
[ sql ] [ SQL ] SELECT * FROM INFORMATION_SCHEMA.Columns WHERE table_name='ebh_rollcalls' AND table_schema='ebh2' [ RunTime:0.001171s ]
[ sql ] [ SQL ] SELECT * FROM INFORMATION_SCHEMA.Columns WHERE table_name='ebh_rollcallusers' AND table_schema='ebh2' [ RunTime:0.000987s ]
[ sql ] [ SQL ] SELECT * FROM INFORMATION_SCHEMA.Columns WHERE table_name='ebh_room_configs' AND table_schema='ebh2' [ RunTime:0.000881s ]
[ sql ] [ SQL ] SELECT * FROM INFORMATION_SCHEMA.Columns WHERE table_name='ebh_roomalbums' AND table_schema='ebh2' [ RunTime:0.001001s ]
[ sql ] [ SQL ] SELECT * FROM INFORMATION_SCHEMA.Columns WHERE table_name='ebh_roomapps' AND table_schema='ebh2' [ RunTime:0.000908s ]
[ sql ] [ SQL ] SELECT * FROM INFORMATION_SCHEMA.Columns WHERE table_name='ebh_roomcontrols' AND table_schema='ebh2' [ RunTime:0.000926s ]
[ sql ] [ SQL ] SELECT * FROM INFORMATION_SCHEMA.Columns WHERE table_name='ebh_roomcourses' AND table_schema='ebh2' [ RunTime:0.001982s ]
[ sql ] [ SQL ] SELECT * FROM INFORMATION_SCHEMA.Columns WHERE table_name='ebh_roomdesigns' AND table_schema='ebh2' [ RunTime:0.001139s ]
[ sql ] [ SQL ] SELECT * FROM INFORMATION_SCHEMA.Columns WHERE table_name='ebh_roommenus' AND table_schema='ebh2' [ RunTime:0.000922s ]
[ sql ] [ SQL ] SELECT * FROM INFORMATION_SCHEMA.Columns WHERE table_name='ebh_roommodules' AND table_schema='ebh2' [ RunTime:0.001079s ]
[ sql ] [ SQL ] SELECT * FROM INFORMATION_SCHEMA.Columns WHERE table_name='ebh_roompermissions' AND table_schema='ebh2' [ RunTime:0.001614s ]
[ sql ] [ SQL ] SELECT * FROM INFORMATION_SCHEMA.Columns WHERE table_name='ebh_roomphotos' AND table_schema='ebh2' [ RunTime:0.001161s ]
[ sql ] [ SQL ] SELECT * FROM INFORMATION_SCHEMA.Columns WHERE table_name='ebh_roomsms' AND table_schema='ebh2' [ RunTime:0.000995s ]
[ sql ] [ SQL ] SELECT * FROM INFORMATION_SCHEMA.Columns WHERE table_name='ebh_roomteachers' AND table_schema='ebh2' [ RunTime:0.000915s ]
[ sql ] [ SQL ] SELECT * FROM INFORMATION_SCHEMA.Columns WHERE table_name='ebh_roomtypes' AND table_schema='ebh2' [ RunTime:0.000876s ]
[ sql ] [ SQL ] SELECT * FROM INFORMATION_SCHEMA.Columns WHERE table_name='ebh_roomusers' AND table_schema='ebh2' [ RunTime:0.001852s ]
[ sql ] [ SQL ] SELECT * FROM INFORMATION_SCHEMA.Columns WHERE table_name='ebh_schcatalogfolders' AND table_schema='ebh2' [ RunTime:0.001251s ]
[ sql ] [ SQL ] SELECT * FROM INFORMATION_SCHEMA.Columns WHERE table_name='ebh_schcatalogs' AND table_schema='ebh2' [ RunTime:0.000978s ]
[ sql ] [ SQL ] SELECT * FROM INFORMATION_SCHEMA.Columns WHERE table_name='ebh_schchapters' AND table_schema='ebh2' [ RunTime:0.001026s ]
[ sql ] [ SQL ] SELECT * FROM INFORMATION_SCHEMA.Columns WHERE table_name='ebh_schcoursewares' AND table_schema='ebh2' [ RunTime:0.000977s ]
[ sql ] [ SQL ] SELECT * FROM INFORMATION_SCHEMA.Columns WHERE table_name='ebh_schcredit' AND table_schema='ebh2' [ RunTime:0.000920s ]
[ sql ] [ SQL ] SELECT * FROM INFORMATION_SCHEMA.Columns WHERE table_name='ebh_schcreditlog' AND table_schema='ebh2' [ RunTime:0.001041s ]
[ sql ] [ SQL ] SELECT * FROM INFORMATION_SCHEMA.Columns WHERE table_name='ebh_schexam_estype' AND table_schema='ebh2' [ RunTime:0.000873s ]
[ sql ] [ SQL ] SELECT * FROM INFORMATION_SCHEMA.Columns WHERE table_name='ebh_schexamanswers' AND table_schema='ebh2' [ RunTime:0.000983s ]
[ sql ] [ SQL ] SELECT * FROM INFORMATION_SCHEMA.Columns WHERE table_name='ebh_schexams' AND table_schema='ebh2' [ RunTime:0.001063s ]
[ sql ] [ SQL ] SELECT * FROM INFORMATION_SCHEMA.Columns WHERE table_name='ebh_schnotes' AND table_schema='ebh2' [ RunTime:0.002274s ]
[ sql ] [ SQL ] SELECT * FROM INFORMATION_SCHEMA.Columns WHERE table_name='ebh_school_year' AND table_schema='ebh2' [ RunTime:0.001335s ]
[ sql ] [ SQL ] SELECT * FROM INFORMATION_SCHEMA.Columns WHERE table_name='ebh_schquechapters' AND table_schema='ebh2' [ RunTime:0.001159s ]
[ sql ] [ SQL ] SELECT * FROM INFORMATION_SCHEMA.Columns WHERE table_name='ebh_schquestions' AND table_schema='ebh2' [ RunTime:0.001097s ]
[ sql ] [ SQL ] SELECT * FROM INFORMATION_SCHEMA.Columns WHERE table_name='ebh_schsourceclaasitems' AND table_schema='ebh2' [ RunTime:0.000898s ]
[ sql ] [ SQL ] SELECT * FROM INFORMATION_SCHEMA.Columns WHERE table_name='ebh_schsourceitems' AND table_schema='ebh2' [ RunTime:0.001551s ]
[ sql ] [ SQL ] SELECT * FROM INFORMATION_SCHEMA.Columns WHERE table_name='ebh_schsources' AND table_schema='ebh2' [ RunTime:0.001016s ]
[ sql ] [ SQL ] SELECT * FROM INFORMATION_SCHEMA.Columns WHERE table_name='ebh_searchableclassrooms' AND table_schema='ebh2' [ RunTime:0.001910s ]
[ sql ] [ SQL ] SELECT * FROM INFORMATION_SCHEMA.Columns WHERE table_name='ebh_sections' AND table_schema='ebh2' [ RunTime:0.001335s ]
[ sql ] [ SQL ] SELECT * FROM INFORMATION_SCHEMA.Columns WHERE table_name='ebh_selectcourse' AND table_schema='ebh2' [ RunTime:0.001428s ]
[ sql ] [ SQL ] SELECT * FROM INFORMATION_SCHEMA.Columns WHERE table_name='ebh_selectcourseterms' AND table_schema='ebh2' [ RunTime:0.000870s ]
[ sql ] [ SQL ] SELECT * FROM INFORMATION_SCHEMA.Columns WHERE table_name='ebh_selectcourseusers' AND table_schema='ebh2' [ RunTime:0.001118s ]
[ sql ] [ SQL ] SELECT * FROM INFORMATION_SCHEMA.Columns WHERE table_name='ebh_sendinfo' AND table_schema='ebh2' [ RunTime:0.000964s ]
[ sql ] [ SQL ] SELECT * FROM INFORMATION_SCHEMA.Columns WHERE table_name='ebh_serials' AND table_schema='ebh2' [ RunTime:0.001154s ]
[ sql ] [ SQL ] SELECT * FROM INFORMATION_SCHEMA.Columns WHERE table_name='ebh_settings' AND table_schema='ebh2' [ RunTime:0.000889s ]
[ sql ] [ SQL ] SELECT * FROM INFORMATION_SCHEMA.Columns WHERE table_name='ebh_shortcuts' AND table_schema='ebh2' [ RunTime:0.001768s ]
[ sql ] [ SQL ] SELECT * FROM INFORMATION_SCHEMA.Columns WHERE table_name='ebh_signlogs' AND table_schema='ebh2' [ RunTime:0.001205s ]
[ sql ] [ SQL ] SELECT * FROM INFORMATION_SCHEMA.Columns WHERE table_name='ebh_slock' AND table_schema='ebh2' [ RunTime:0.001171s ]
[ sql ] [ SQL ] SELECT * FROM INFORMATION_SCHEMA.Columns WHERE table_name='ebh_smarterrorbook' AND table_schema='ebh2' [ RunTime:0.001008s ]
[ sql ] [ SQL ] SELECT * FROM INFORMATION_SCHEMA.Columns WHERE table_name='ebh_smartexamanswers' AND table_schema='ebh2' [ RunTime:0.001186s ]
[ sql ] [ SQL ] SELECT * FROM INFORMATION_SCHEMA.Columns WHERE table_name='ebh_smartexamfolders' AND table_schema='ebh2' [ RunTime:0.001003s ]
[ sql ] [ SQL ] SELECT * FROM INFORMATION_SCHEMA.Columns WHERE table_name='ebh_smartexams' AND table_schema='ebh2' [ RunTime:0.001063s ]
[ sql ] [ SQL ] SELECT * FROM INFORMATION_SCHEMA.Columns WHERE table_name='ebh_smartexamsummary' AND table_schema='ebh2' [ RunTime:0.001296s ]
[ sql ] [ SQL ] SELECT * FROM INFORMATION_SCHEMA.Columns WHERE table_name='ebh_smscharge' AND table_schema='ebh2' [ RunTime:0.001329s ]
[ sql ] [ SQL ] SELECT * FROM INFORMATION_SCHEMA.Columns WHERE table_name='ebh_sources' AND table_schema='ebh2' [ RunTime:0.001036s ]
[ sql ] [ SQL ] SELECT * FROM INFORMATION_SCHEMA.Columns WHERE table_name='ebh_specialeffects' AND table_schema='ebh2' [ RunTime:0.000985s ]
[ sql ] [ SQL ] SELECT * FROM INFORMATION_SCHEMA.Columns WHERE table_name='ebh_specials' AND table_schema='ebh2' [ RunTime:0.001019s ]
[ sql ] [ SQL ] SELECT * FROM INFORMATION_SCHEMA.Columns WHERE table_name='ebh_sph_counter' AND table_schema='ebh2' [ RunTime:0.001550s ]
[ sql ] [ SQL ] SELECT * FROM INFORMATION_SCHEMA.Columns WHERE table_name='ebh_studentactivitys' AND table_schema='ebh2' [ RunTime:0.001100s ]
[ sql ] [ SQL ] SELECT * FROM INFORMATION_SCHEMA.Columns WHERE table_name='ebh_studentlinks' AND table_schema='ebh2' [ RunTime:0.001180s ]
[ sql ] [ SQL ] SELECT * FROM INFORMATION_SCHEMA.Columns WHERE table_name='ebh_studycreditlogs' AND table_schema='ebh2' [ RunTime:0.000986s ]
[ sql ] [ SQL ] SELECT * FROM INFORMATION_SCHEMA.Columns WHERE table_name='ebh_studylogs' AND table_schema='ebh2' [ RunTime:0.001033s ]
[ sql ] [ SQL ] SELECT * FROM INFORMATION_SCHEMA.Columns WHERE table_name='ebh_stuexams' AND table_schema='ebh2' [ RunTime:0.001436s ]
[ sql ] [ SQL ] SELECT * FROM INFORMATION_SCHEMA.Columns WHERE table_name='ebh_styles' AND table_schema='ebh2' [ RunTime:0.001119s ]
[ sql ] [ SQL ] SELECT * FROM INFORMATION_SCHEMA.Columns WHERE table_name='ebh_subjects' AND table_schema='ebh2' [ RunTime:0.000848s ]
[ sql ] [ SQL ] SELECT * FROM INFORMATION_SCHEMA.Columns WHERE table_name='ebh_surveyanswers' AND table_schema='ebh2' [ RunTime:0.000974s ]
[ sql ] [ SQL ] SELECT * FROM INFORMATION_SCHEMA.Columns WHERE table_name='ebh_surveyoptions' AND table_schema='ebh2' [ RunTime:0.001036s ]
[ sql ] [ SQL ] SELECT * FROM INFORMATION_SCHEMA.Columns WHERE table_name='ebh_surveyquestion_groups' AND table_schema='ebh2' [ RunTime:0.001019s ]
[ sql ] [ SQL ] SELECT * FROM INFORMATION_SCHEMA.Columns WHERE table_name='ebh_surveyquestions' AND table_schema='ebh2' [ RunTime:0.000929s ]
[ sql ] [ SQL ] SELECT * FROM INFORMATION_SCHEMA.Columns WHERE table_name='ebh_surveys' AND table_schema='ebh2' [ RunTime:0.001427s ]
[ sql ] [ SQL ] SELECT * FROM INFORMATION_SCHEMA.Columns WHERE table_name='ebh_systemsettings' AND table_schema='ebh2' [ RunTime:0.001173s ]
[ sql ] [ SQL ] SELECT * FROM INFORMATION_SCHEMA.Columns WHERE table_name='ebh_tags' AND table_schema='ebh2' [ RunTime:0.001572s ]
[ sql ] [ SQL ] SELECT * FROM INFORMATION_SCHEMA.Columns WHERE table_name='ebh_take_accounts' AND table_schema='ebh2' [ RunTime:0.000816s ]
[ sql ] [ SQL ] SELECT * FROM INFORMATION_SCHEMA.Columns WHERE table_name='ebh_take_details' AND table_schema='ebh2' [ RunTime:0.002362s ]
[ sql ] [ SQL ] SELECT * FROM INFORMATION_SCHEMA.Columns WHERE table_name='ebh_takes' AND table_schema='ebh2' [ RunTime:0.001055s ]
[ sql ] [ SQL ] SELECT * FROM INFORMATION_SCHEMA.Columns WHERE table_name='ebh_tasks' AND table_schema='ebh2' [ RunTime:0.001040s ]
[ sql ] [ SQL ] SELECT * FROM INFORMATION_SCHEMA.Columns WHERE table_name='ebh_teacher_roles' AND table_schema='ebh2' [ RunTime:0.000964s ]
[ sql ] [ SQL ] SELECT * FROM INFORMATION_SCHEMA.Columns WHERE table_name='ebh_teacherfolders' AND table_schema='ebh2' [ RunTime:0.000926s ]
[ sql ] [ SQL ] SELECT * FROM INFORMATION_SCHEMA.Columns WHERE table_name='ebh_teachergroups' AND table_schema='ebh2' [ RunTime:0.000906s ]
[ sql ] [ SQL ] SELECT * FROM INFORMATION_SCHEMA.Columns WHERE table_name='ebh_teachers' AND table_schema='ebh2' [ RunTime:0.001254s ]
[ sql ] [ SQL ] SELECT * FROM INFORMATION_SCHEMA.Columns WHERE table_name='ebh_teachingplanatts' AND table_schema='ebh2' [ RunTime:0.000842s ]
[ sql ] [ SQL ] SELECT * FROM INFORMATION_SCHEMA.Columns WHERE table_name='ebh_teachingplans' AND table_schema='ebh2' [ RunTime:0.002612s ]
[ sql ] [ SQL ] SELECT * FROM INFORMATION_SCHEMA.Columns WHERE table_name='ebh_tempincomes' AND table_schema='ebh2' [ RunTime:0.001154s ]
[ sql ] [ SQL ] SELECT * FROM INFORMATION_SCHEMA.Columns WHERE table_name='ebh_tempstudents' AND table_schema='ebh2' [ RunTime:0.001243s ]
[ sql ] [ SQL ] SELECT * FROM INFORMATION_SCHEMA.Columns WHERE table_name='ebh_testfiles' AND table_schema='ebh2' [ RunTime:0.000911s ]
[ sql ] [ SQL ] SELECT * FROM INFORMATION_SCHEMA.Columns WHERE table_name='ebh_tgroups' AND table_schema='ebh2' [ RunTime:0.001158s ]
[ sql ] [ SQL ] SELECT * FROM INFORMATION_SCHEMA.Columns WHERE table_name='ebh_user_blacklists' AND table_schema='ebh2' [ RunTime:0.000975s ]
[ sql ] [ SQL ] SELECT * FROM INFORMATION_SCHEMA.Columns WHERE table_name='ebh_user_composite' AND table_schema='ebh2' [ RunTime:0.001269s ]
[ sql ] [ SQL ] SELECT * FROM INFORMATION_SCHEMA.Columns WHERE table_name='ebh_userclients' AND table_schema='ebh2' [ RunTime:0.001135s ]
[ sql ] [ SQL ] SELECT * FROM INFORMATION_SCHEMA.Columns WHERE table_name='ebh_usercoursewares' AND table_schema='ebh2' [ RunTime:0.001029s ]
[ sql ] [ SQL ] SELECT * FROM INFORMATION_SCHEMA.Columns WHERE table_name='ebh_usergroups' AND table_schema='ebh2' [ RunTime:0.000827s ]
[ sql ] [ SQL ] SELECT * FROM INFORMATION_SCHEMA.Columns WHERE table_name='ebh_usernotices' AND table_schema='ebh2' [ RunTime:0.000903s ]
[ sql ] [ SQL ] SELECT * FROM INFORMATION_SCHEMA.Columns WHERE table_name='ebh_userpermisions' AND table_schema='ebh2' [ RunTime:0.001476s ]
[ sql ] [ SQL ] SELECT * FROM INFORMATION_SCHEMA.Columns WHERE table_name='ebh_users' AND table_schema='ebh2' [ RunTime:0.001304s ]
[ sql ] [ SQL ] SELECT * FROM INFORMATION_SCHEMA.Columns WHERE table_name='ebh_usershares' AND table_schema='ebh2' [ RunTime:0.000889s ]
[ sql ] [ SQL ] SELECT * FROM INFORMATION_SCHEMA.Columns WHERE table_name='ebh_userstates' AND table_schema='ebh2' [ RunTime:0.000884s ]
[ sql ] [ SQL ] SELECT * FROM INFORMATION_SCHEMA.Columns WHERE table_name='ebh_useruploads' AND table_schema='ebh2' [ RunTime:0.000948s ]
[ sql ] [ SQL ] SELECT * FROM INFORMATION_SCHEMA.Columns WHERE table_name='ebh_userzan' AND table_schema='ebh2' [ RunTime:0.001405s ]
[ sql ] [ SQL ] SELECT * FROM INFORMATION_SCHEMA.Columns WHERE table_name='ebh_weixinbindings' AND table_schema='ebh2' [ RunTime:0.001826s ]
[ sql ] [ SQL ] SELECT * FROM INFORMATION_SCHEMA.Columns WHERE table_name='ebh_weixinhistorys' AND table_schema='ebh2' [ RunTime:0.001349s ]
[ sql ] [ SQL ] SELECT * FROM INFORMATION_SCHEMA.Columns WHERE table_name='ebh_weixinreplies' AND table_schema='ebh2' [ RunTime:0.000920s ]
[ sql ] [ SQL ] SELECT * FROM INFORMATION_SCHEMA.Columns WHERE table_name='ebh_weixinuserinfos' AND table_schema='ebh2' [ RunTime:0.001391s ]
[ sql ] [ SQL ] SELECT * FROM INFORMATION_SCHEMA.Columns WHERE table_name='ebh_xk_activitys' AND table_schema='ebh2' [ RunTime:0.000990s ]
[ sql ] [ SQL ] SELECT * FROM INFORMATION_SCHEMA.Columns WHERE table_name='ebh_xk_courses' AND table_schema='ebh2' [ RunTime:0.001037s ]
[ sql ] [ SQL ] SELECT * FROM INFORMATION_SCHEMA.Columns WHERE table_name='ebh_xk_msgs' AND table_schema='ebh2' [ RunTime:0.000957s ]
[ sql ] [ SQL ] SELECT * FROM INFORMATION_SCHEMA.Columns WHERE table_name='ebh_xk_rules' AND table_schema='ebh2' [ RunTime:0.000905s ]
[ sql ] [ SQL ] SELECT * FROM INFORMATION_SCHEMA.Columns WHERE table_name='ebh_xk_students' AND table_schema='ebh2' [ RunTime:0.000876s ]
[ sql ] [ SQL ] SELECT * FROM INFORMATION_SCHEMA.Columns WHERE table_name='ebh_yearcards' AND table_schema='ebh2' [ RunTime:0.001249s ]
[ sql ] [ SQL ] SELECT * FROM INFORMATION_SCHEMA.Columns WHERE table_name='migrations' AND table_schema='ebh2' [ RunTime:0.000854s ]
[ sql ] [ SQL ] SELECT * FROM INFORMATION_SCHEMA.Columns WHERE table_name='myu' AND table_schema='ebh2' [ RunTime:0.000977s ]
[ sql ] [ SQL ] SELECT * FROM INFORMATION_SCHEMA.Columns WHERE table_name='registrations' AND table_schema='ebh2' [ RunTime:0.000773s ]
[ sql ] [ SQL ] SELECT * FROM INFORMATION_SCHEMA.Columns WHERE table_name='temp1' AND table_schema='ebh2' [ RunTime:0.001360s ]
[ sql ] [ SQL ] SELECT * FROM INFORMATION_SCHEMA.Columns WHERE table_name='temp2' AND table_schema='ebh2' [ RunTime:0.001059s ]
[ sql ] [ SQL ] SELECT * FROM INFORMATION_SCHEMA.Columns WHERE table_name='tempfolder' AND table_schema='ebh2' [ RunTime:0.000983s ]
[ sql ] [ SQL ] SELECT * FROM INFORMATION_SCHEMA.Columns WHERE table_name='temproomcourse' AND table_schema='ebh2' [ RunTime:0.000929s ]
[ sql ] [ SQL ] SELECT * FROM INFORMATION_SCHEMA.Columns WHERE table_name='tempstuinsert' AND table_schema='ebh2' [ RunTime:0.000892s ]
[ sql ] [ SQL ] SELECT * FROM INFORMATION_SCHEMA.Columns WHERE table_name='test' AND table_schema='ebh2' [ RunTime:0.000917s ]
[ sql ] [ SQL ] SELECT * FROM INFORMATION_SCHEMA.Columns WHERE table_name='testplaylogs' AND table_schema='ebh2' [ RunTime:0.001059s ]
[ sql ] [ SQL ] SELECT * FROM INFORMATION_SCHEMA.Columns WHERE table_name='thirduser' AND table_schema='ebh2' [ RunTime:0.001124s ]
[ sql ] [ SQL ] SELECT * FROM INFORMATION_SCHEMA.Columns WHERE table_name='thirduserfix' AND table_schema='ebh2' [ RunTime:0.002122s ]
[ sql ] [ SQL ] SELECT * FROM INFORMATION_SCHEMA.Columns WHERE table_name='tmpuname' AND table_schema='ebh2' [ RunTime:0.001138s ]
[ sql ] [ SQL ] SELECT * FROM INFORMATION_SCHEMA.Columns WHERE table_name='users' AND table_schema='ebh2' [ RunTime:0.000777s ]
---------------------------------------------------------------
[ 2018-07-10T17:04:43+08:00 ] 192.168.0.85 192.168.0.213 GET /api/v1/orm/11177
[ info ] gl.xlh.net/api/v1/orm/11177 [运行时间：0.314109s][吞吐率：3.18req/s] [内存消耗：734.27kb] [文件加载：68]
[ sql ] [ DB ] CONNECT:[ UseTime:0.004280s ] mysql:dbname=ebh2;host=192.168.0.85;charset=utf8
[ sql ] [ SQL ] SHOW COLUMNS FROM `ebh_users` [ RunTime:0.006075s ]
[ sql ] [ SQL ] SELECT * FROM `ebh_users` LIMIT 10 [ RunTime:0.016101s ]
[ sql ] [ SQL ] SHOW COLUMNS FROM `ebh_roomusers` [ RunTime:0.001541s ]
[ sql ] [ SQL ] SELECT * FROM `ebh_roomusers` WHERE  `uid` IN (1,2,3,4,5,6,7,8,9,10) [ RunTime:0.009418s ]
[ sql ] [ SQL ] SHOW COLUMNS FROM `ebh_groups` [ RunTime:0.001769s ]
[ sql ] [ SQL ] SELECT * FROM `ebh_groups` WHERE  `groupid` IN (5,6) [ RunTime:0.000583s ]
[ sql ] [ SQL ] SELECT * FROM `ebh_roomusers` WHERE  `uid` IN (1,2,3,4,5,6,7,8,9,10) [ RunTime:0.000913s ]
[ sql ] [ SQL ] SHOW COLUMNS FROM `ebh_classrooms` [ RunTime:0.001943s ]
[ sql ] [ SQL ] SELECT * FROM `ebh_classrooms` WHERE  `crid` IN (10622) [ RunTime:0.018190s ]
---------------------------------------------------------------
[ 2018-07-10T17:08:03+08:00 ] 192.168.0.85 192.168.0.213 GET /api/v1/orm/11177
[ info ] gl.xlh.net/api/v1/orm/11177 [运行时间：0.137394s][吞吐率：7.28req/s] [内存消耗：731.93kb] [文件加载：68]
[ sql ] [ DB ] CONNECT:[ UseTime:0.000638s ] mysql:dbname=ebh2;host=192.168.0.85;charset=utf8
[ sql ] [ SQL ] SHOW COLUMNS FROM `ebh_users` [ RunTime:0.001293s ]
[ sql ] [ SQL ] SELECT * FROM `ebh_users` LIMIT 10 [ RunTime:0.000933s ]
[ sql ] [ SQL ] SHOW COLUMNS FROM `ebh_roomusers` [ RunTime:0.001205s ]
[ sql ] [ SQL ] SELECT * FROM `ebh_roomusers` WHERE  `uid` IN (1,2,3,4,5,6,7,8,9,10) [ RunTime:0.000991s ]
[ sql ] [ SQL ] SHOW COLUMNS FROM `ebh_groups` [ RunTime:0.000977s ]
[ sql ] [ SQL ] SELECT * FROM `ebh_groups` WHERE  `groupid` IN (5,6) [ RunTime:0.000678s ]
[ sql ] [ SQL ] SELECT * FROM `ebh_roomusers` WHERE  `uid` IN (1,2,3,4,5,6,7,8,9,10) [ RunTime:0.000857s ]
[ sql ] [ SQL ] SHOW COLUMNS FROM `ebh_classrooms` [ RunTime:0.001472s ]
[ sql ] [ SQL ] SELECT * FROM `ebh_classrooms` WHERE  `crid` IN (10622) [ RunTime:0.001729s ]
