---------------------------------------------------------------
[ 2018-07-31T09:41:14+08:00 ] 192.168.0.85 192.168.0.213 GET /db/index/index.html
[ info ] gl.xlh.net/db/index/index.html [运行时间：4.480894s][吞吐率：0.22req/s] [内存消耗：8,386.75kb] [文件加载：57]
[ sql ] [ DB ] CONNECT:[ UseTime:0.019355s ] mysql:dbname=ebh2;host=192.168.0.85;charset=utf8
[ sql ] [ SQL ] SELECT TABLE_NAME,TABLE_COMMENT,TABLE_ROWS FROM information_schema.TABLES WHERE table_schema='ebh2' [ RunTime:3.717759s ]
[ sql ] [ SQL ] SELECT * FROM INFORMATION_SCHEMA.Columns WHERE table_name='aaa' AND table_schema='ebh2' [ RunTime:0.011165s ]
[ sql ] [ SQL ] SELECT * FROM INFORMATION_SCHEMA.Columns WHERE table_name='ebh_aaaa' AND table_schema='ebh2' [ RunTime:0.000864s ]
[ sql ] [ SQL ] SELECT * FROM INFORMATION_SCHEMA.Columns WHERE table_name='ebh_abc' AND table_schema='ebh2' [ RunTime:0.001303s ]
[ sql ] [ SQL ] SELECT * FROM INFORMATION_SCHEMA.Columns WHERE table_name='ebh_activitys' AND table_schema='ebh2' [ RunTime:0.000911s ]
[ sql ] [ SQL ] SELECT * FROM INFORMATION_SCHEMA.Columns WHERE table_name='ebh_ads' AND table_schema='ebh2' [ RunTime:0.000898s ]
[ sql ] [ SQL ] SELECT * FROM INFORMATION_SCHEMA.Columns WHERE table_name='ebh_ads_copy' AND table_schema='ebh2' [ RunTime:0.000827s ]
[ sql ] [ SQL ] SELECT * FROM INFORMATION_SCHEMA.Columns WHERE table_name='ebh_agents' AND table_schema='ebh2' [ RunTime:0.001011s ]
[ sql ] [ SQL ] SELECT * FROM INFORMATION_SCHEMA.Columns WHERE table_name='ebh_alibpayresult' AND table_schema='ebh2' [ RunTime:0.000817s ]
[ sql ] [ SQL ] SELECT * FROM INFORMATION_SCHEMA.Columns WHERE table_name='ebh_app_navigations' AND table_schema='ebh2' [ RunTime:0.001401s ]
[ sql ] [ SQL ] SELECT * FROM INFORMATION_SCHEMA.Columns WHERE table_name='ebh_app_pushs' AND table_schema='ebh2' [ RunTime:0.000863s ]
[ sql ] [ SQL ] SELECT * FROM INFORMATION_SCHEMA.Columns WHERE table_name='ebh_app_sliders' AND table_schema='ebh2' [ RunTime:0.000964s ]
[ sql ] [ SQL ] SELECT * FROM INFORMATION_SCHEMA.Columns WHERE table_name='ebh_applycards' AND table_schema='ebh2' [ RunTime:0.000924s ]
[ sql ] [ SQL ] SELECT * FROM INFORMATION_SCHEMA.Columns WHERE table_name='ebh_applycash' AND table_schema='ebh2' [ RunTime:0.001519s ]
[ sql ] [ SQL ] SELECT * FROM INFORMATION_SCHEMA.Columns WHERE table_name='ebh_applys' AND table_schema='ebh2' [ RunTime:0.000907s ]
[ sql ] [ SQL ] SELECT * FROM INFORMATION_SCHEMA.Columns WHERE table_name='ebh_appmodules' AND table_schema='ebh2' [ RunTime:0.000896s ]
[ sql ] [ SQL ] SELECT * FROM INFORMATION_SCHEMA.Columns WHERE table_name='ebh_aquestions' AND table_schema='ebh2' [ RunTime:0.000976s ]
[ sql ] [ SQL ] SELECT * FROM INFORMATION_SCHEMA.Columns WHERE table_name='ebh_areviews' AND table_schema='ebh2' [ RunTime:0.000894s ]
[ sql ] [ SQL ] SELECT * FROM INFORMATION_SCHEMA.Columns WHERE table_name='ebh_askanswers' AND table_schema='ebh2' [ RunTime:0.001117s ]
[ sql ] [ SQL ] SELECT * FROM INFORMATION_SCHEMA.Columns WHERE table_name='ebh_askfavorites' AND table_schema='ebh2' [ RunTime:0.000829s ]
[ sql ] [ SQL ] SELECT * FROM INFORMATION_SCHEMA.Columns WHERE table_name='ebh_askquestions' AND table_schema='ebh2' [ RunTime:0.001129s ]
[ sql ] [ SQL ] SELECT * FROM INFORMATION_SCHEMA.Columns WHERE table_name='ebh_attachments' AND table_schema='ebh2' [ RunTime:0.001049s ]
[ sql ] [ SQL ] SELECT * FROM INFORMATION_SCHEMA.Columns WHERE table_name='ebh_attendances' AND table_schema='ebh2' [ RunTime:0.000875s ]
[ sql ] [ SQL ] SELECT * FROM INFORMATION_SCHEMA.Columns WHERE table_name='ebh_best_itemlabels' AND table_schema='ebh2' [ RunTime:0.000840s ]
[ sql ] [ SQL ] SELECT * FROM INFORMATION_SCHEMA.Columns WHERE table_name='ebh_best_items' AND table_schema='ebh2' [ RunTime:0.001002s ]
[ sql ] [ SQL ] SELECT * FROM INFORMATION_SCHEMA.Columns WHERE table_name='ebh_best_labels' AND table_schema='ebh2' [ RunTime:0.000857s ]
[ sql ] [ SQL ] SELECT * FROM INFORMATION_SCHEMA.Columns WHERE table_name='ebh_best_select' AND table_schema='ebh2' [ RunTime:0.000798s ]
[ sql ] [ SQL ] SELECT * FROM INFORMATION_SCHEMA.Columns WHERE table_name='ebh_best_sorts' AND table_schema='ebh2' [ RunTime:0.000810s ]
[ sql ] [ SQL ] SELECT * FROM INFORMATION_SCHEMA.Columns WHERE table_name='ebh_billchecks' AND table_schema='ebh2' [ RunTime:0.000955s ]
[ sql ] [ SQL ] SELECT * FROM INFORMATION_SCHEMA.Columns WHERE table_name='ebh_billdetails' AND table_schema='ebh2' [ RunTime:0.000915s ]
[ sql ] [ SQL ] SELECT * FROM INFORMATION_SCHEMA.Columns WHERE table_name='ebh_billrooms' AND table_schema='ebh2' [ RunTime:0.000840s ]
[ sql ] [ SQL ] SELECT * FROM INFORMATION_SCHEMA.Columns WHERE table_name='ebh_bills' AND table_schema='ebh2' [ RunTime:0.000933s ]
[ sql ] [ SQL ] SELECT * FROM INFORMATION_SCHEMA.Columns WHERE table_name='ebh_billsettings' AND table_schema='ebh2' [ RunTime:0.000849s ]
[ sql ] [ SQL ] SELECT * FROM INFORMATION_SCHEMA.Columns WHERE table_name='ebh_billteachrole' AND table_schema='ebh2' [ RunTime:0.000959s ]
[ sql ] [ SQL ] SELECT * FROM INFORMATION_SCHEMA.Columns WHERE table_name='ebh_billusers' AND table_schema='ebh2' [ RunTime:0.000837s ]
[ sql ] [ SQL ] SELECT * FROM INFORMATION_SCHEMA.Columns WHERE table_name='ebh_billwithdraw' AND table_schema='ebh2' [ RunTime:0.000953s ]
[ sql ] [ SQL ] SELECT * FROM INFORMATION_SCHEMA.Columns WHERE table_name='ebh_billwithdrawset' AND table_schema='ebh2' [ RunTime:0.001230s ]
[ sql ] [ SQL ] SELECT * FROM INFORMATION_SCHEMA.Columns WHERE table_name='ebh_binds' AND table_schema='ebh2' [ RunTime:0.001041s ]
[ sql ] [ SQL ] SELECT * FROM INFORMATION_SCHEMA.Columns WHERE table_name='ebh_blacklists' AND table_schema='ebh2' [ RunTime:0.001153s ]
[ sql ] [ SQL ] SELECT * FROM INFORMATION_SCHEMA.Columns WHERE table_name='ebh_bonusissues' AND table_schema='ebh2' [ RunTime:0.000936s ]
[ sql ] [ SQL ] SELECT * FROM INFORMATION_SCHEMA.Columns WHERE table_name='ebh_bundle_assos' AND table_schema='ebh2' [ RunTime:0.001012s ]
[ sql ] [ SQL ] SELECT * FROM INFORMATION_SCHEMA.Columns WHERE table_name='ebh_bundlelogs' AND table_schema='ebh2' [ RunTime:0.000868s ]
[ sql ] [ SQL ] SELECT * FROM INFORMATION_SCHEMA.Columns WHERE table_name='ebh_bundles' AND table_schema='ebh2' [ RunTime:0.001007s ]
[ sql ] [ SQL ] SELECT * FROM INFORMATION_SCHEMA.Columns WHERE table_name='ebh_cardbatch' AND table_schema='ebh2' [ RunTime:0.000894s ]
[ sql ] [ SQL ] SELECT * FROM INFORMATION_SCHEMA.Columns WHERE table_name='ebh_cards' AND table_schema='ebh2' [ RunTime:0.001214s ]
[ sql ] [ SQL ] SELECT * FROM INFORMATION_SCHEMA.Columns WHERE table_name='ebh_cashback' AND table_schema='ebh2' [ RunTime:0.000898s ]
[ sql ] [ SQL ] SELECT * FROM INFORMATION_SCHEMA.Columns WHERE table_name='ebh_cashrecords' AND table_schema='ebh2' [ RunTime:0.001279s ]
[ sql ] [ SQL ] SELECT * FROM INFORMATION_SCHEMA.Columns WHERE table_name='ebh_cashs' AND table_schema='ebh2' [ RunTime:0.000952s ]
[ sql ] [ SQL ] SELECT * FROM INFORMATION_SCHEMA.Columns WHERE table_name='ebh_categories' AND table_schema='ebh2' [ RunTime:0.000994s ]
[ sql ] [ SQL ] SELECT * FROM INFORMATION_SCHEMA.Columns WHERE table_name='ebh_changeclass' AND table_schema='ebh2' [ RunTime:0.001089s ]
[ sql ] [ SQL ] SELECT * FROM INFORMATION_SCHEMA.Columns WHERE table_name='ebh_chapters' AND table_schema='ebh2' [ RunTime:0.000834s ]
[ sql ] [ SQL ] SELECT * FROM INFORMATION_SCHEMA.Columns WHERE table_name='ebh_charges' AND table_schema='ebh2' [ RunTime:0.001076s ]
[ sql ] [ SQL ] SELECT * FROM INFORMATION_SCHEMA.Columns WHERE table_name='ebh_cities' AND table_schema='ebh2' [ RunTime:0.000892s ]
[ sql ] [ SQL ] SELECT * FROM INFORMATION_SCHEMA.Columns WHERE table_name='ebh_cities_old' AND table_schema='ebh2' [ RunTime:0.000858s ]
[ sql ] [ SQL ] SELECT * FROM INFORMATION_SCHEMA.Columns WHERE table_name='ebh_classcourses' AND table_schema='ebh2' [ RunTime:0.000800s ]
[ sql ] [ SQL ] SELECT * FROM INFORMATION_SCHEMA.Columns WHERE table_name='ebh_classcwstats' AND table_schema='ebh2' [ RunTime:0.000823s ]
[ sql ] [ SQL ] SELECT * FROM INFORMATION_SCHEMA.Columns WHERE table_name='ebh_classes' AND table_schema='ebh2' [ RunTime:0.000982s ]
[ sql ] [ SQL ] SELECT * FROM INFORMATION_SCHEMA.Columns WHERE table_name='ebh_classlog' AND table_schema='ebh2' [ RunTime:0.000926s ]
[ sql ] [ SQL ] SELECT * FROM INFORMATION_SCHEMA.Columns WHERE table_name='ebh_classrooms' AND table_schema='ebh2' [ RunTime:0.001585s ]
[ sql ] [ SQL ] SELECT * FROM INFORMATION_SCHEMA.Columns WHERE table_name='ebh_classslock' AND table_schema='ebh2' [ RunTime:0.000935s ]
[ sql ] [ SQL ] SELECT * FROM INFORMATION_SCHEMA.Columns WHERE table_name='ebh_classstudents' AND table_schema='ebh2' [ RunTime:0.000835s ]
[ sql ] [ SQL ] SELECT * FROM INFORMATION_SCHEMA.Columns WHERE table_name='ebh_classteachers' AND table_schema='ebh2' [ RunTime:0.000823s ]
[ sql ] [ SQL ] SELECT * FROM INFORMATION_SCHEMA.Columns WHERE table_name='ebh_cloudnotes' AND table_schema='ebh2' [ RunTime:0.001166s ]
[ sql ] [ SQL ] SELECT * FROM INFORMATION_SCHEMA.Columns WHERE table_name='ebh_collects' AND table_schema='ebh2' [ RunTime:0.000810s ]
[ sql ] [ SQL ] SELECT * FROM INFORMATION_SCHEMA.Columns WHERE table_name='ebh_commisions' AND table_schema='ebh2' [ RunTime:0.000920s ]
[ sql ] [ SQL ] SELECT * FROM INFORMATION_SCHEMA.Columns WHERE table_name='ebh_component_bases' AND table_schema='ebh2' [ RunTime:0.000941s ]
[ sql ] [ SQL ] SELECT * FROM INFORMATION_SCHEMA.Columns WHERE table_name='ebh_component_item_options' AND table_schema='ebh2' [ RunTime:0.000887s ]
[ sql ] [ SQL ] SELECT * FROM INFORMATION_SCHEMA.Columns WHERE table_name='ebh_component_items' AND table_schema='ebh2' [ RunTime:0.000957s ]
[ sql ] [ SQL ] SELECT * FROM INFORMATION_SCHEMA.Columns WHERE table_name='ebh_component_richtexts' AND table_schema='ebh2' [ RunTime:0.000826s ]
[ sql ] [ SQL ] SELECT * FROM INFORMATION_SCHEMA.Columns WHERE table_name='ebh_component_schools' AND table_schema='ebh2' [ RunTime:0.000875s ]
[ sql ] [ SQL ] SELECT * FROM INFORMATION_SCHEMA.Columns WHERE table_name='ebh_constitution' AND table_schema='ebh2' [ RunTime:0.001131s ]
[ sql ] [ SQL ] SELECT * FROM INFORMATION_SCHEMA.Columns WHERE table_name='ebh_contacts' AND table_schema='ebh2' [ RunTime:0.000904s ]
[ sql ] [ SQL ] SELECT * FROM INFORMATION_SCHEMA.Columns WHERE table_name='ebh_counter' AND table_schema='ebh2' [ RunTime:0.001221s ]
[ sql ] [ SQL ] SELECT * FROM INFORMATION_SCHEMA.Columns WHERE table_name='ebh_coupons' AND table_schema='ebh2' [ RunTime:0.001066s ]
[ sql ] [ SQL ] SELECT * FROM INFORMATION_SCHEMA.Columns WHERE table_name='ebh_course_liveinfos' AND table_schema='ebh2' [ RunTime:0.001713s ]
[ sql ] [ SQL ] SELECT * FROM INFORMATION_SCHEMA.Columns WHERE table_name='ebh_courseranks' AND table_schema='ebh2' [ RunTime:0.001154s ]
[ sql ] [ SQL ] SELECT * FROM INFORMATION_SCHEMA.Columns WHERE table_name='ebh_coursewares' AND table_schema='ebh2' [ RunTime:0.001495s ]
[ sql ] [ SQL ] SELECT * FROM INFORMATION_SCHEMA.Columns WHERE table_name='ebh_creditlogs' AND table_schema='ebh2' [ RunTime:0.001144s ]
[ sql ] [ SQL ] SELECT * FROM INFORMATION_SCHEMA.Columns WHERE table_name='ebh_creditrules' AND table_schema='ebh2' [ RunTime:0.000959s ]
[ sql ] [ SQL ] SELECT * FROM INFORMATION_SCHEMA.Columns WHERE table_name='ebh_crons' AND table_schema='ebh2' [ RunTime:0.001070s ]
[ sql ] [ SQL ] SELECT * FROM INFORMATION_SCHEMA.Columns WHERE table_name='ebh_custommessages' AND table_schema='ebh2' [ RunTime:0.001022s ]
[ sql ] [ SQL ] SELECT * FROM INFORMATION_SCHEMA.Columns WHERE table_name='ebh_cwusers' AND table_schema='ebh2' [ RunTime:0.000867s ]
[ sql ] [ SQL ] SELECT * FROM INFORMATION_SCHEMA.Columns WHERE table_name='ebh_designcoursewares' AND table_schema='ebh2' [ RunTime:0.001557s ]
[ sql ] [ SQL ] SELECT * FROM INFORMATION_SCHEMA.Columns WHERE table_name='ebh_domainchecks' AND table_schema='ebh2' [ RunTime:0.000937s ]
[ sql ] [ SQL ] SELECT * FROM INFORMATION_SCHEMA.Columns WHERE table_name='ebh_domains' AND table_schema='ebh2' [ RunTime:0.000784s ]
[ sql ] [ SQL ] SELECT * FROM INFORMATION_SCHEMA.Columns WHERE table_name='ebh_errorbook' AND table_schema='ebh2' [ RunTime:0.000886s ]
[ sql ] [ SQL ] SELECT * FROM INFORMATION_SCHEMA.Columns WHERE table_name='ebh_eth_messages' AND table_schema='ebh2' [ RunTime:0.000807s ]
[ sql ] [ SQL ] SELECT * FROM INFORMATION_SCHEMA.Columns WHERE table_name='ebh_evaluate_answers' AND table_schema='ebh2' [ RunTime:0.000903s ]
[ sql ] [ SQL ] SELECT * FROM INFORMATION_SCHEMA.Columns WHERE table_name='ebh_evaluate_questions' AND table_schema='ebh2' [ RunTime:0.000856s ]
[ sql ] [ SQL ] SELECT * FROM INFORMATION_SCHEMA.Columns WHERE table_name='ebh_evaluate_refers' AND table_schema='ebh2' [ RunTime:0.000870s ]
[ sql ] [ SQL ] SELECT * FROM INFORMATION_SCHEMA.Columns WHERE table_name='ebh_evaluates' AND table_schema='ebh2' [ RunTime:0.000857s ]
[ sql ] [ SQL ] SELECT * FROM INFORMATION_SCHEMA.Columns WHERE table_name='ebh_exam_favsubjects' AND table_schema='ebh2' [ RunTime:0.000872s ]
[ sql ] [ SQL ] SELECT * FROM INFORMATION_SCHEMA.Columns WHERE table_name='ebh_examanswers' AND table_schema='ebh2' [ RunTime:0.000859s ]
[ sql ] [ SQL ] SELECT * FROM INFORMATION_SCHEMA.Columns WHERE table_name='ebh_examapplys' AND table_schema='ebh2' [ RunTime:0.001023s ]
[ sql ] [ SQL ] SELECT * FROM INFORMATION_SCHEMA.Columns WHERE table_name='ebh_examawards' AND table_schema='ebh2' [ RunTime:0.001054s ]
[ sql ] [ SQL ] SELECT * FROM INFORMATION_SCHEMA.Columns WHERE table_name='ebh_examchecks' AND table_schema='ebh2' [ RunTime:0.000857s ]
[ sql ] [ SQL ] SELECT * FROM INFORMATION_SCHEMA.Columns WHERE table_name='ebh_exampapers' AND table_schema='ebh2' [ RunTime:0.000882s ]
[ sql ] [ SQL ] SELECT * FROM INFORMATION_SCHEMA.Columns WHERE table_name='ebh_exams' AND table_schema='ebh2' [ RunTime:0.000892s ]
[ sql ] [ SQL ] SELECT * FROM INFORMATION_SCHEMA.Columns WHERE table_name='ebh_excel_sources' AND table_schema='ebh2' [ RunTime:0.000824s ]
[ sql ] [ SQL ] SELECT * FROM INFORMATION_SCHEMA.Columns WHERE table_name='ebh_experiences' AND table_schema='ebh2' [ RunTime:0.000828s ]
[ sql ] [ SQL ] SELECT * FROM INFORMATION_SCHEMA.Columns WHERE table_name='ebh_favchapters' AND table_schema='ebh2' [ RunTime:0.000873s ]
[ sql ] [ SQL ] SELECT * FROM INFORMATION_SCHEMA.Columns WHERE table_name='ebh_favorites' AND table_schema='ebh2' [ RunTime:0.000899s ]
[ sql ] [ SQL ] SELECT * FROM INFORMATION_SCHEMA.Columns WHERE table_name='ebh_feedbacks' AND table_schema='ebh2' [ RunTime:0.000875s ]
[ sql ] [ SQL ] SELECT * FROM INFORMATION_SCHEMA.Columns WHERE table_name='ebh_filters' AND table_schema='ebh2' [ RunTime:0.001550s ]
[ sql ] [ SQL ] SELECT * FROM INFORMATION_SCHEMA.Columns WHERE table_name='ebh_folder_intros' AND table_schema='ebh2' [ RunTime:0.001065s ]
[ sql ] [ SQL ] SELECT * FROM INFORMATION_SCHEMA.Columns WHERE table_name='ebh_folders' AND table_schema='ebh2' [ RunTime:0.001349s ]
[ sql ] [ SQL ] SELECT * FROM INFORMATION_SCHEMA.Columns WHERE table_name='ebh_foldertargets' AND table_schema='ebh2' [ RunTime:0.000837s ]
[ sql ] [ SQL ] SELECT * FROM INFORMATION_SCHEMA.Columns WHERE table_name='ebh_forums' AND table_schema='ebh2' [ RunTime:0.000860s ]
[ sql ] [ SQL ] SELECT * FROM INFORMATION_SCHEMA.Columns WHERE table_name='ebh_forums_categorys' AND table_schema='ebh2' [ RunTime:0.000849s ]
[ sql ] [ SQL ] SELECT * FROM INFORMATION_SCHEMA.Columns WHERE table_name='ebh_forums_contents' AND table_schema='ebh2' [ RunTime:0.000832s ]
[ sql ] [ SQL ] SELECT * FROM INFORMATION_SCHEMA.Columns WHERE table_name='ebh_forums_follows' AND table_schema='ebh2' [ RunTime:0.000793s ]
[ sql ] [ SQL ] SELECT * FROM INFORMATION_SCHEMA.Columns WHERE table_name='ebh_forums_managers' AND table_schema='ebh2' [ RunTime:0.000850s ]
[ sql ] [ SQL ] SELECT * FROM INFORMATION_SCHEMA.Columns WHERE table_name='ebh_forums_subject_replys' AND table_schema='ebh2' [ RunTime:0.001714s ]
[ sql ] [ SQL ] SELECT * FROM INFORMATION_SCHEMA.Columns WHERE table_name='ebh_forums_subjects' AND table_schema='ebh2' [ RunTime:0.001162s ]
[ sql ] [ SQL ] SELECT * FROM INFORMATION_SCHEMA.Columns WHERE table_name='ebh_freezn_times' AND table_schema='ebh2' [ RunTime:0.000878s ]
[ sql ] [ SQL ] SELECT * FROM INFORMATION_SCHEMA.Columns WHERE table_name='ebh_grades' AND table_schema='ebh2' [ RunTime:0.001092s ]
[ sql ] [ SQL ] SELECT * FROM INFORMATION_SCHEMA.Columns WHERE table_name='ebh_groups' AND table_schema='ebh2' [ RunTime:0.001282s ]
[ sql ] [ SQL ] SELECT * FROM INFORMATION_SCHEMA.Columns WHERE table_name='ebh_health_comment' AND table_schema='ebh2' [ RunTime:0.000927s ]
[ sql ] [ SQL ] SELECT * FROM INFORMATION_SCHEMA.Columns WHERE table_name='ebh_ia_class' AND table_schema='ebh2' [ RunTime:0.000938s ]
[ sql ] [ SQL ] SELECT * FROM INFORMATION_SCHEMA.Columns WHERE table_name='ebh_iaclassroom' AND table_schema='ebh2' [ RunTime:0.000814s ]
[ sql ] [ SQL ] SELECT * FROM INFORMATION_SCHEMA.Columns WHERE table_name='ebh_iaclassroomlog' AND table_schema='ebh2' [ RunTime:0.000898s ]
[ sql ] [ SQL ] SELECT * FROM INFORMATION_SCHEMA.Columns WHERE table_name='ebh_icanswers' AND table_schema='ebh2' [ RunTime:0.000810s ]
[ sql ] [ SQL ] SELECT * FROM INFORMATION_SCHEMA.Columns WHERE table_name='ebh_icfolders' AND table_schema='ebh2' [ RunTime:0.000838s ]
[ sql ] [ SQL ] SELECT * FROM INFORMATION_SCHEMA.Columns WHERE table_name='ebh_icitems' AND table_schema='ebh2' [ RunTime:0.000821s ]
[ sql ] [ SQL ] SELECT * FROM INFORMATION_SCHEMA.Columns WHERE table_name='ebh_icquestions' AND table_schema='ebh2' [ RunTime:0.000843s ]
[ sql ] [ SQL ] SELECT * FROM INFORMATION_SCHEMA.Columns WHERE table_name='ebh_ics' AND table_schema='ebh2' [ RunTime:0.000938s ]
[ sql ] [ SQL ] SELECT * FROM INFORMATION_SCHEMA.Columns WHERE table_name='ebh_imfiles' AND table_schema='ebh2' [ RunTime:0.000891s ]
[ sql ] [ SQL ] SELECT * FROM INFORMATION_SCHEMA.Columns WHERE table_name='ebh_imfriends' AND table_schema='ebh2' [ RunTime:0.000804s ]
[ sql ] [ SQL ] SELECT * FROM INFORMATION_SCHEMA.Columns WHERE table_name='ebh_imgroups' AND table_schema='ebh2' [ RunTime:0.000783s ]
[ sql ] [ SQL ] SELECT * FROM INFORMATION_SCHEMA.Columns WHERE table_name='ebh_immessages' AND table_schema='ebh2' [ RunTime:0.001289s ]
[ sql ] [ SQL ] SELECT * FROM INFORMATION_SCHEMA.Columns WHERE table_name='ebh_imqunmembers' AND table_schema='ebh2' [ RunTime:0.000927s ]
[ sql ] [ SQL ] SELECT * FROM INFORMATION_SCHEMA.Columns WHERE table_name='ebh_imquns' AND table_schema='ebh2' [ RunTime:0.000926s ]
[ sql ] [ SQL ] SELECT * FROM INFORMATION_SCHEMA.Columns WHERE table_name='ebh_ip_blacklists' AND table_schema='ebh2' [ RunTime:0.000859s ]
[ sql ] [ SQL ] SELECT * FROM INFORMATION_SCHEMA.Columns WHERE table_name='ebh_ipstrs' AND table_schema='ebh2' [ RunTime:0.001446s ]
[ sql ] [ SQL ] SELECT * FROM INFORMATION_SCHEMA.Columns WHERE table_name='ebh_isps' AND table_schema='ebh2' [ RunTime:0.000997s ]
[ sql ] [ SQL ] SELECT * FROM INFORMATION_SCHEMA.Columns WHERE table_name='ebh_items' AND table_schema='ebh2' [ RunTime:0.001062s ]
[ sql ] [ SQL ] SELECT * FROM INFORMATION_SCHEMA.Columns WHERE table_name='ebh_jsapplys' AND table_schema='ebh2' [ RunTime:0.001006s ]
[ sql ] [ SQL ] SELECT * FROM INFORMATION_SCHEMA.Columns WHERE table_name='ebh_jsauths' AND table_schema='ebh2' [ RunTime:0.000882s ]
[ sql ] [ SQL ] SELECT * FROM INFORMATION_SCHEMA.Columns WHERE table_name='ebh_keywords' AND table_schema='ebh2' [ RunTime:0.000875s ]
[ sql ] [ SQL ] SELECT * FROM INFORMATION_SCHEMA.Columns WHERE table_name='ebh_labels' AND table_schema='ebh2' [ RunTime:0.000840s ]
[ sql ] [ SQL ] SELECT * FROM INFORMATION_SCHEMA.Columns WHERE table_name='ebh_lguidcoods' AND table_schema='ebh2' [ RunTime:0.000876s ]
[ sql ] [ SQL ] SELECT * FROM INFORMATION_SCHEMA.Columns WHERE table_name='ebh_lguides' AND table_schema='ebh2' [ RunTime:0.000935s ]
[ sql ] [ SQL ] SELECT * FROM INFORMATION_SCHEMA.Columns WHERE table_name='ebh_lguideusers' AND table_schema='ebh2' [ RunTime:0.000737s ]
[ sql ] [ SQL ] SELECT * FROM INFORMATION_SCHEMA.Columns WHERE table_name='ebh_lifegroups' AND table_schema='ebh2' [ RunTime:0.000833s ]
[ sql ] [ SQL ] SELECT * FROM INFORMATION_SCHEMA.Columns WHERE table_name='ebh_limitlogs' AND table_schema='ebh2' [ RunTime:0.001347s ]
[ sql ] [ SQL ] SELECT * FROM INFORMATION_SCHEMA.Columns WHERE table_name='ebh_loginlogs' AND table_schema='ebh2' [ RunTime:0.001070s ]
[ sql ] [ SQL ] SELECT * FROM INFORMATION_SCHEMA.Columns WHERE table_name='ebh_logs' AND table_schema='ebh2' [ RunTime:0.001969s ]
[ sql ] [ SQL ] SELECT * FROM INFORMATION_SCHEMA.Columns WHERE table_name='ebh_machines' AND table_schema='ebh2' [ RunTime:0.001152s ]
[ sql ] [ SQL ] SELECT * FROM INFORMATION_SCHEMA.Columns WHERE table_name='ebh_manual_courses' AND table_schema='ebh2' [ RunTime:0.000932s ]
[ sql ] [ SQL ] SELECT * FROM INFORMATION_SCHEMA.Columns WHERE table_name='ebh_masters' AND table_schema='ebh2' [ RunTime:0.000871s ]
[ sql ] [ SQL ] SELECT * FROM INFORMATION_SCHEMA.Columns WHERE table_name='ebh_mediacenters' AND table_schema='ebh2' [ RunTime:0.000911s ]
[ sql ] [ SQL ] SELECT * FROM INFORMATION_SCHEMA.Columns WHERE table_name='ebh_members' AND table_schema='ebh2' [ RunTime:0.001468s ]
[ sql ] [ SQL ] SELECT * FROM INFORMATION_SCHEMA.Columns WHERE table_name='ebh_mentaltests' AND table_schema='ebh2' [ RunTime:0.001036s ]
[ sql ] [ SQL ] SELECT * FROM INFORMATION_SCHEMA.Columns WHERE table_name='ebh_menus' AND table_schema='ebh2' [ RunTime:0.001347s ]
[ sql ] [ SQL ] SELECT * FROM INFORMATION_SCHEMA.Columns WHERE table_name='ebh_messages' AND table_schema='ebh2' [ RunTime:0.001361s ]
[ sql ] [ SQL ] SELECT * FROM INFORMATION_SCHEMA.Columns WHERE table_name='ebh_mobilelocations' AND table_schema='ebh2' [ RunTime:0.000819s ]
[ sql ] [ SQL ] SELECT * FROM INFORMATION_SCHEMA.Columns WHERE table_name='ebh_modules' AND table_schema='ebh2' [ RunTime:0.000855s ]
[ sql ] [ SQL ] SELECT * FROM INFORMATION_SCHEMA.Columns WHERE table_name='ebh_modulevedios' AND table_schema='ebh2' [ RunTime:0.000828s ]
[ sql ] [ SQL ] SELECT * FROM INFORMATION_SCHEMA.Columns WHERE table_name='ebh_news' AND table_schema='ebh2' [ RunTime:0.000925s ]
[ sql ] [ SQL ] SELECT * FROM INFORMATION_SCHEMA.Columns WHERE table_name='ebh_news_reviews' AND table_schema='ebh2' [ RunTime:0.000835s ]
[ sql ] [ SQL ] SELECT * FROM INFORMATION_SCHEMA.Columns WHERE table_name='ebh_noteattas' AND table_schema='ebh2' [ RunTime:0.000913s ]
[ sql ] [ SQL ] SELECT * FROM INFORMATION_SCHEMA.Columns WHERE table_name='ebh_notes' AND table_schema='ebh2' [ RunTime:0.000902s ]
[ sql ] [ SQL ] SELECT * FROM INFORMATION_SCHEMA.Columns WHERE table_name='ebh_notice_receipts' AND table_schema='ebh2' [ RunTime:0.001025s ]
[ sql ] [ SQL ] SELECT * FROM INFORMATION_SCHEMA.Columns WHERE table_name='ebh_notices' AND table_schema='ebh2' [ RunTime:0.000924s ]
[ sql ] [ SQL ] SELECT * FROM INFORMATION_SCHEMA.Columns WHERE table_name='ebh_onlineatts' AND table_schema='ebh2' [ RunTime:0.000846s ]
[ sql ] [ SQL ] SELECT * FROM INFORMATION_SCHEMA.Columns WHERE table_name='ebh_onlinecourse_classes' AND table_schema='ebh2' [ RunTime:0.000821s ]
[ sql ] [ SQL ] SELECT * FROM INFORMATION_SCHEMA.Columns WHERE table_name='ebh_onlinecourses' AND table_schema='ebh2' [ RunTime:0.000964s ]
[ sql ] [ SQL ] SELECT * FROM INFORMATION_SCHEMA.Columns WHERE table_name='ebh_openwxs' AND table_schema='ebh2' [ RunTime:0.000896s ]
[ sql ] [ SQL ] SELECT * FROM INFORMATION_SCHEMA.Columns WHERE table_name='ebh_operations' AND table_schema='ebh2' [ RunTime:0.000883s ]
[ sql ] [ SQL ] SELECT * FROM INFORMATION_SCHEMA.Columns WHERE table_name='ebh_ordercash' AND table_schema='ebh2' [ RunTime:0.000866s ]
[ sql ] [ SQL ] SELECT * FROM INFORMATION_SCHEMA.Columns WHERE table_name='ebh_orders' AND table_schema='ebh2' [ RunTime:0.000863s ]
[ sql ] [ SQL ] SELECT * FROM INFORMATION_SCHEMA.Columns WHERE table_name='ebh_ousers' AND table_schema='ebh2' [ RunTime:0.000841s ]
[ sql ] [ SQL ] SELECT * FROM INFORMATION_SCHEMA.Columns WHERE table_name='ebh_pads' AND table_schema='ebh2' [ RunTime:0.000916s ]
[ sql ] [ SQL ] SELECT * FROM INFORMATION_SCHEMA.Columns WHERE table_name='ebh_padstypes' AND table_schema='ebh2' [ RunTime:0.000896s ]
[ sql ] [ SQL ] SELECT * FROM INFORMATION_SCHEMA.Columns WHERE table_name='ebh_pay_items' AND table_schema='ebh2' [ RunTime:0.001221s ]
[ sql ] [ SQL ] SELECT * FROM INFORMATION_SCHEMA.Columns WHERE table_name='ebh_pay_orderdetails' AND table_schema='ebh2' [ RunTime:0.001020s ]
[ sql ] [ SQL ] SELECT * FROM INFORMATION_SCHEMA.Columns WHERE table_name='ebh_pay_orders' AND table_schema='ebh2' [ RunTime:0.001015s ]
[ sql ] [ SQL ] SELECT * FROM INFORMATION_SCHEMA.Columns WHERE table_name='ebh_pay_packages' AND table_schema='ebh2' [ RunTime:0.001506s ]
[ sql ] [ SQL ] SELECT * FROM INFORMATION_SCHEMA.Columns WHERE table_name='ebh_pay_sorts' AND table_schema='ebh2' [ RunTime:0.001006s ]
[ sql ] [ SQL ] SELECT * FROM INFORMATION_SCHEMA.Columns WHERE table_name='ebh_pay_terms' AND table_schema='ebh2' [ RunTime:0.000833s ]
[ sql ] [ SQL ] SELECT * FROM INFORMATION_SCHEMA.Columns WHERE table_name='ebh_pay_torders' AND table_schema='ebh2' [ RunTime:0.000958s ]
[ sql ] [ SQL ] SELECT * FROM INFORMATION_SCHEMA.Columns WHERE table_name='ebh_pcategories' AND table_schema='ebh2' [ RunTime:0.000879s ]
[ sql ] [ SQL ] SELECT * FROM INFORMATION_SCHEMA.Columns WHERE table_name='ebh_permissions' AND table_schema='ebh2' [ RunTime:0.000829s ]
[ sql ] [ SQL ] SELECT * FROM INFORMATION_SCHEMA.Columns WHERE table_name='ebh_pitems' AND table_schema='ebh2' [ RunTime:0.000965s ]
[ sql ] [ SQL ] SELECT * FROM INFORMATION_SCHEMA.Columns WHERE table_name='ebh_playlogs' AND table_schema='ebh2' [ RunTime:0.000990s ]
[ sql ] [ SQL ] SELECT * FROM INFORMATION_SCHEMA.Columns WHERE table_name='ebh_polls' AND table_schema='ebh2' [ RunTime:0.000910s ]
[ sql ] [ SQL ] SELECT * FROM INFORMATION_SCHEMA.Columns WHERE table_name='ebh_posts' AND table_schema='ebh2' [ RunTime:0.000864s ]
[ sql ] [ SQL ] SELECT * FROM INFORMATION_SCHEMA.Columns WHERE table_name='ebh_previewnotes' AND table_schema='ebh2' [ RunTime:0.000798s ]
[ sql ] [ SQL ] SELECT * FROM INFORMATION_SCHEMA.Columns WHERE table_name='ebh_previews' AND table_schema='ebh2' [ RunTime:0.000806s ]
[ sql ] [ SQL ] SELECT * FROM INFORMATION_SCHEMA.Columns WHERE table_name='ebh_products' AND table_schema='ebh2' [ RunTime:0.000991s ]
[ sql ] [ SQL ] SELECT * FROM INFORMATION_SCHEMA.Columns WHERE table_name='ebh_projectfeedbacks' AND table_schema='ebh2' [ RunTime:0.000940s ]
[ sql ] [ SQL ] SELECT * FROM INFORMATION_SCHEMA.Columns WHERE table_name='ebh_promotions' AND table_schema='ebh2' [ RunTime:0.000881s ]
[ sql ] [ SQL ] SELECT * FROM INFORMATION_SCHEMA.Columns WHERE table_name='ebh_questions' AND table_schema='ebh2' [ RunTime:0.000810s ]
[ sql ] [ SQL ] SELECT * FROM INFORMATION_SCHEMA.Columns WHERE table_name='ebh_records' AND table_schema='ebh2' [ RunTime:0.000814s ]
[ sql ] [ SQL ] SELECT * FROM INFORMATION_SCHEMA.Columns WHERE table_name='ebh_redeem_cards' AND table_schema='ebh2' [ RunTime:0.000854s ]
[ sql ] [ SQL ] SELECT * FROM INFORMATION_SCHEMA.Columns WHERE table_name='ebh_redeem_lots' AND table_schema='ebh2' [ RunTime:0.000898s ]
[ sql ] [ SQL ] SELECT * FROM INFORMATION_SCHEMA.Columns WHERE table_name='ebh_resgroups' AND table_schema='ebh2' [ RunTime:0.000827s ]
[ sql ] [ SQL ] SELECT * FROM INFORMATION_SCHEMA.Columns WHERE table_name='ebh_reslibs' AND table_schema='ebh2' [ RunTime:0.000856s ]
[ sql ] [ SQL ] SELECT * FROM INFORMATION_SCHEMA.Columns WHERE table_name='ebh_revert' AND table_schema='ebh2' [ RunTime:0.001282s ]
[ sql ] [ SQL ] SELECT * FROM INFORMATION_SCHEMA.Columns WHERE table_name='ebh_reviews' AND table_schema='ebh2' [ RunTime:0.001212s ]
[ sql ] [ SQL ] SELECT * FROM INFORMATION_SCHEMA.Columns WHERE table_name='ebh_reward_totals' AND table_schema='ebh2' [ RunTime:0.001396s ]
[ sql ] [ SQL ] SELECT * FROM INFORMATION_SCHEMA.Columns WHERE table_name='ebh_rewards' AND table_schema='ebh2' [ RunTime:0.001124s ]
[ sql ] [ SQL ] SELECT * FROM INFORMATION_SCHEMA.Columns WHERE table_name='ebh_rfiles' AND table_schema='ebh2' [ RunTime:0.001260s ]
[ sql ] [ SQL ] SELECT * FROM INFORMATION_SCHEMA.Columns WHERE table_name='ebh_robots' AND table_schema='ebh2' [ RunTime:0.000953s ]
[ sql ] [ SQL ] SELECT * FROM INFORMATION_SCHEMA.Columns WHERE table_name='ebh_rollcalls' AND table_schema='ebh2' [ RunTime:0.000800s ]
[ sql ] [ SQL ] SELECT * FROM INFORMATION_SCHEMA.Columns WHERE table_name='ebh_rollcallusers' AND table_schema='ebh2' [ RunTime:0.000834s ]
[ sql ] [ SQL ] SELECT * FROM INFORMATION_SCHEMA.Columns WHERE table_name='ebh_room_configs' AND table_schema='ebh2' [ RunTime:0.000805s ]
[ sql ] [ SQL ] SELECT * FROM INFORMATION_SCHEMA.Columns WHERE table_name='ebh_roomalbums' AND table_schema='ebh2' [ RunTime:0.000867s ]
[ sql ] [ SQL ] SELECT * FROM INFORMATION_SCHEMA.Columns WHERE table_name='ebh_roomapps' AND table_schema='ebh2' [ RunTime:0.000781s ]
[ sql ] [ SQL ] SELECT * FROM INFORMATION_SCHEMA.Columns WHERE table_name='ebh_roomcontrols' AND table_schema='ebh2' [ RunTime:0.000862s ]
[ sql ] [ SQL ] SELECT * FROM INFORMATION_SCHEMA.Columns WHERE table_name='ebh_roomcourses' AND table_schema='ebh2' [ RunTime:0.000959s ]
[ sql ] [ SQL ] SELECT * FROM INFORMATION_SCHEMA.Columns WHERE table_name='ebh_roomdesigns' AND table_schema='ebh2' [ RunTime:0.000925s ]
[ sql ] [ SQL ] SELECT * FROM INFORMATION_SCHEMA.Columns WHERE table_name='ebh_roommenus' AND table_schema='ebh2' [ RunTime:0.000812s ]
[ sql ] [ SQL ] SELECT * FROM INFORMATION_SCHEMA.Columns WHERE table_name='ebh_roommodules' AND table_schema='ebh2' [ RunTime:0.000885s ]
[ sql ] [ SQL ] SELECT * FROM INFORMATION_SCHEMA.Columns WHERE table_name='ebh_roompermissions' AND table_schema='ebh2' [ RunTime:0.000832s ]
[ sql ] [ SQL ] SELECT * FROM INFORMATION_SCHEMA.Columns WHERE table_name='ebh_roomphotos' AND table_schema='ebh2' [ RunTime:0.000907s ]
[ sql ] [ SQL ] SELECT * FROM INFORMATION_SCHEMA.Columns WHERE table_name='ebh_roomsms' AND table_schema='ebh2' [ RunTime:0.000883s ]
[ sql ] [ SQL ] SELECT * FROM INFORMATION_SCHEMA.Columns WHERE table_name='ebh_roomteachers' AND table_schema='ebh2' [ RunTime:0.000855s ]
[ sql ] [ SQL ] SELECT * FROM INFORMATION_SCHEMA.Columns WHERE table_name='ebh_roomtypes' AND table_schema='ebh2' [ RunTime:0.000807s ]
[ sql ] [ SQL ] SELECT * FROM INFORMATION_SCHEMA.Columns WHERE table_name='ebh_roomusers' AND table_schema='ebh2' [ RunTime:0.000965s ]
[ sql ] [ SQL ] SELECT * FROM INFORMATION_SCHEMA.Columns WHERE table_name='ebh_schcatalogfolders' AND table_schema='ebh2' [ RunTime:0.000793s ]
[ sql ] [ SQL ] SELECT * FROM INFORMATION_SCHEMA.Columns WHERE table_name='ebh_schcatalogs' AND table_schema='ebh2' [ RunTime:0.000875s ]
[ sql ] [ SQL ] SELECT * FROM INFORMATION_SCHEMA.Columns WHERE table_name='ebh_schchapters' AND table_schema='ebh2' [ RunTime:0.000868s ]
[ sql ] [ SQL ] SELECT * FROM INFORMATION_SCHEMA.Columns WHERE table_name='ebh_schcoursewares' AND table_schema='ebh2' [ RunTime:0.000948s ]
[ sql ] [ SQL ] SELECT * FROM INFORMATION_SCHEMA.Columns WHERE table_name='ebh_schcredit' AND table_schema='ebh2' [ RunTime:0.001112s ]
[ sql ] [ SQL ] SELECT * FROM INFORMATION_SCHEMA.Columns WHERE table_name='ebh_schcreditlog' AND table_schema='ebh2' [ RunTime:0.002122s ]
[ sql ] [ SQL ] SELECT * FROM INFORMATION_SCHEMA.Columns WHERE table_name='ebh_schexam_estype' AND table_schema='ebh2' [ RunTime:0.001114s ]
[ sql ] [ SQL ] SELECT * FROM INFORMATION_SCHEMA.Columns WHERE table_name='ebh_schexamanswers' AND table_schema='ebh2' [ RunTime:0.000982s ]
[ sql ] [ SQL ] SELECT * FROM INFORMATION_SCHEMA.Columns WHERE table_name='ebh_schexams' AND table_schema='ebh2' [ RunTime:0.001333s ]
[ sql ] [ SQL ] SELECT * FROM INFORMATION_SCHEMA.Columns WHERE table_name='ebh_schnotes' AND table_schema='ebh2' [ RunTime:0.001146s ]
[ sql ] [ SQL ] SELECT * FROM INFORMATION_SCHEMA.Columns WHERE table_name='ebh_school_year' AND table_schema='ebh2' [ RunTime:0.000816s ]
[ sql ] [ SQL ] SELECT * FROM INFORMATION_SCHEMA.Columns WHERE table_name='ebh_schquechapters' AND table_schema='ebh2' [ RunTime:0.001630s ]
[ sql ] [ SQL ] SELECT * FROM INFORMATION_SCHEMA.Columns WHERE table_name='ebh_schquestions' AND table_schema='ebh2' [ RunTime:0.001187s ]
[ sql ] [ SQL ] SELECT * FROM INFORMATION_SCHEMA.Columns WHERE table_name='ebh_schsourceclaasitems' AND table_schema='ebh2' [ RunTime:0.000906s ]
[ sql ] [ SQL ] SELECT * FROM INFORMATION_SCHEMA.Columns WHERE table_name='ebh_schsourceitems' AND table_schema='ebh2' [ RunTime:0.001350s ]
[ sql ] [ SQL ] SELECT * FROM INFORMATION_SCHEMA.Columns WHERE table_name='ebh_schsources' AND table_schema='ebh2' [ RunTime:0.000844s ]
[ sql ] [ SQL ] SELECT * FROM INFORMATION_SCHEMA.Columns WHERE table_name='ebh_searchableclassrooms' AND table_schema='ebh2' [ RunTime:0.000795s ]
[ sql ] [ SQL ] SELECT * FROM INFORMATION_SCHEMA.Columns WHERE table_name='ebh_sections' AND table_schema='ebh2' [ RunTime:0.000876s ]
[ sql ] [ SQL ] SELECT * FROM INFORMATION_SCHEMA.Columns WHERE table_name='ebh_selectcourse' AND table_schema='ebh2' [ RunTime:0.012324s ]
[ sql ] [ SQL ] SELECT * FROM INFORMATION_SCHEMA.Columns WHERE table_name='ebh_selectcourseterms' AND table_schema='ebh2' [ RunTime:0.001121s ]
[ sql ] [ SQL ] SELECT * FROM INFORMATION_SCHEMA.Columns WHERE table_name='ebh_selectcourseusers' AND table_schema='ebh2' [ RunTime:0.000914s ]
[ sql ] [ SQL ] SELECT * FROM INFORMATION_SCHEMA.Columns WHERE table_name='ebh_sendinfo' AND table_schema='ebh2' [ RunTime:0.000887s ]
[ sql ] [ SQL ] SELECT * FROM INFORMATION_SCHEMA.Columns WHERE table_name='ebh_serials' AND table_schema='ebh2' [ RunTime:0.000827s ]
[ sql ] [ SQL ] SELECT * FROM INFORMATION_SCHEMA.Columns WHERE table_name='ebh_settings' AND table_schema='ebh2' [ RunTime:0.000796s ]
[ sql ] [ SQL ] SELECT * FROM INFORMATION_SCHEMA.Columns WHERE table_name='ebh_shortcuts' AND table_schema='ebh2' [ RunTime:0.001806s ]
[ sql ] [ SQL ] SELECT * FROM INFORMATION_SCHEMA.Columns WHERE table_name='ebh_signlogs' AND table_schema='ebh2' [ RunTime:0.001091s ]
[ sql ] [ SQL ] SELECT * FROM INFORMATION_SCHEMA.Columns WHERE table_name='ebh_slock' AND table_schema='ebh2' [ RunTime:0.000845s ]
[ sql ] [ SQL ] SELECT * FROM INFORMATION_SCHEMA.Columns WHERE table_name='ebh_smarterrorbook' AND table_schema='ebh2' [ RunTime:0.000874s ]
[ sql ] [ SQL ] SELECT * FROM INFORMATION_SCHEMA.Columns WHERE table_name='ebh_smartexamanswers' AND table_schema='ebh2' [ RunTime:0.000987s ]
[ sql ] [ SQL ] SELECT * FROM INFORMATION_SCHEMA.Columns WHERE table_name='ebh_smartexamfolders' AND table_schema='ebh2' [ RunTime:0.000810s ]
[ sql ] [ SQL ] SELECT * FROM INFORMATION_SCHEMA.Columns WHERE table_name='ebh_smartexams' AND table_schema='ebh2' [ RunTime:0.000959s ]
[ sql ] [ SQL ] SELECT * FROM INFORMATION_SCHEMA.Columns WHERE table_name='ebh_smartexamsummary' AND table_schema='ebh2' [ RunTime:0.000836s ]
[ sql ] [ SQL ] SELECT * FROM INFORMATION_SCHEMA.Columns WHERE table_name='ebh_smscharge' AND table_schema='ebh2' [ RunTime:0.001009s ]
[ sql ] [ SQL ] SELECT * FROM INFORMATION_SCHEMA.Columns WHERE table_name='ebh_sources' AND table_schema='ebh2' [ RunTime:0.000903s ]
[ sql ] [ SQL ] SELECT * FROM INFORMATION_SCHEMA.Columns WHERE table_name='ebh_specialeffects' AND table_schema='ebh2' [ RunTime:0.001294s ]
[ sql ] [ SQL ] SELECT * FROM INFORMATION_SCHEMA.Columns WHERE table_name='ebh_specials' AND table_schema='ebh2' [ RunTime:0.000906s ]
[ sql ] [ SQL ] SELECT * FROM INFORMATION_SCHEMA.Columns WHERE table_name='ebh_sph_counter' AND table_schema='ebh2' [ RunTime:0.000759s ]
[ sql ] [ SQL ] SELECT * FROM INFORMATION_SCHEMA.Columns WHERE table_name='ebh_studentactivitys' AND table_schema='ebh2' [ RunTime:0.000860s ]
[ sql ] [ SQL ] SELECT * FROM INFORMATION_SCHEMA.Columns WHERE table_name='ebh_studentlinks' AND table_schema='ebh2' [ RunTime:0.001545s ]
[ sql ] [ SQL ] SELECT * FROM INFORMATION_SCHEMA.Columns WHERE table_name='ebh_studycreditlogs' AND table_schema='ebh2' [ RunTime:0.000963s ]
[ sql ] [ SQL ] SELECT * FROM INFORMATION_SCHEMA.Columns WHERE table_name='ebh_studylogs' AND table_schema='ebh2' [ RunTime:0.001431s ]
[ sql ] [ SQL ] SELECT * FROM INFORMATION_SCHEMA.Columns WHERE table_name='ebh_stuexams' AND table_schema='ebh2' [ RunTime:0.001324s ]
[ sql ] [ SQL ] SELECT * FROM INFORMATION_SCHEMA.Columns WHERE table_name='ebh_styles' AND table_schema='ebh2' [ RunTime:0.000881s ]
[ sql ] [ SQL ] SELECT * FROM INFORMATION_SCHEMA.Columns WHERE table_name='ebh_subjects' AND table_schema='ebh2' [ RunTime:0.000785s ]
[ sql ] [ SQL ] SELECT * FROM INFORMATION_SCHEMA.Columns WHERE table_name='ebh_surveyanswers' AND table_schema='ebh2' [ RunTime:0.001215s ]
[ sql ] [ SQL ] SELECT * FROM INFORMATION_SCHEMA.Columns WHERE table_name='ebh_surveyoptions' AND table_schema='ebh2' [ RunTime:0.001708s ]
[ sql ] [ SQL ] SELECT * FROM INFORMATION_SCHEMA.Columns WHERE table_name='ebh_surveyquestion_groups' AND table_schema='ebh2' [ RunTime:0.000978s ]
[ sql ] [ SQL ] SELECT * FROM INFORMATION_SCHEMA.Columns WHERE table_name='ebh_surveyquestions' AND table_schema='ebh2' [ RunTime:0.000867s ]
[ sql ] [ SQL ] SELECT * FROM INFORMATION_SCHEMA.Columns WHERE table_name='ebh_surveys' AND table_schema='ebh2' [ RunTime:0.000952s ]
[ sql ] [ SQL ] SELECT * FROM INFORMATION_SCHEMA.Columns WHERE table_name='ebh_systemsettings' AND table_schema='ebh2' [ RunTime:0.001347s ]
[ sql ] [ SQL ] SELECT * FROM INFORMATION_SCHEMA.Columns WHERE table_name='ebh_tags' AND table_schema='ebh2' [ RunTime:0.001664s ]
[ sql ] [ SQL ] SELECT * FROM INFORMATION_SCHEMA.Columns WHERE table_name='ebh_take_accounts' AND table_schema='ebh2' [ RunTime:0.000901s ]
[ sql ] [ SQL ] SELECT * FROM INFORMATION_SCHEMA.Columns WHERE table_name='ebh_take_details' AND table_schema='ebh2' [ RunTime:0.000877s ]
[ sql ] [ SQL ] SELECT * FROM INFORMATION_SCHEMA.Columns WHERE table_name='ebh_takes' AND table_schema='ebh2' [ RunTime:0.000841s ]
[ sql ] [ SQL ] SELECT * FROM INFORMATION_SCHEMA.Columns WHERE table_name='ebh_tasks' AND table_schema='ebh2' [ RunTime:0.000861s ]
[ sql ] [ SQL ] SELECT * FROM INFORMATION_SCHEMA.Columns WHERE table_name='ebh_teacher_roles' AND table_schema='ebh2' [ RunTime:0.001339s ]
[ sql ] [ SQL ] SELECT * FROM INFORMATION_SCHEMA.Columns WHERE table_name='ebh_teacherfolders' AND table_schema='ebh2' [ RunTime:0.000871s ]
[ sql ] [ SQL ] SELECT * FROM INFORMATION_SCHEMA.Columns WHERE table_name='ebh_teachergroups' AND table_schema='ebh2' [ RunTime:0.000828s ]
[ sql ] [ SQL ] SELECT * FROM INFORMATION_SCHEMA.Columns WHERE table_name='ebh_teachers' AND table_schema='ebh2' [ RunTime:0.001822s ]
[ sql ] [ SQL ] SELECT * FROM INFORMATION_SCHEMA.Columns WHERE table_name='ebh_teachingplanatts' AND table_schema='ebh2' [ RunTime:0.001236s ]
[ sql ] [ SQL ] SELECT * FROM INFORMATION_SCHEMA.Columns WHERE table_name='ebh_teachingplans' AND table_schema='ebh2' [ RunTime:0.000953s ]
[ sql ] [ SQL ] SELECT * FROM INFORMATION_SCHEMA.Columns WHERE table_name='ebh_tempincomes' AND table_schema='ebh2' [ RunTime:0.000898s ]
[ sql ] [ SQL ] SELECT * FROM INFORMATION_SCHEMA.Columns WHERE table_name='ebh_tempstudents' AND table_schema='ebh2' [ RunTime:0.000979s ]
[ sql ] [ SQL ] SELECT * FROM INFORMATION_SCHEMA.Columns WHERE table_name='ebh_test' AND table_schema='ebh2' [ RunTime:0.000795s ]
[ sql ] [ SQL ] SELECT * FROM INFORMATION_SCHEMA.Columns WHERE table_name='ebh_testfiles' AND table_schema='ebh2' [ RunTime:0.000834s ]
[ sql ] [ SQL ] SELECT * FROM INFORMATION_SCHEMA.Columns WHERE table_name='ebh_tgroups' AND table_schema='ebh2' [ RunTime:0.000789s ]
[ sql ] [ SQL ] SELECT * FROM INFORMATION_SCHEMA.Columns WHERE table_name='ebh_user_blacklists' AND table_schema='ebh2' [ RunTime:0.000855s ]
[ sql ] [ SQL ] SELECT * FROM INFORMATION_SCHEMA.Columns WHERE table_name='ebh_user_composite' AND table_schema='ebh2' [ RunTime:0.000802s ]
[ sql ] [ SQL ] SELECT * FROM INFORMATION_SCHEMA.Columns WHERE table_name='ebh_userclients' AND table_schema='ebh2' [ RunTime:0.000901s ]
[ sql ] [ SQL ] SELECT * FROM INFORMATION_SCHEMA.Columns WHERE table_name='ebh_usercoursewares' AND table_schema='ebh2' [ RunTime:0.000892s ]
[ sql ] [ SQL ] SELECT * FROM INFORMATION_SCHEMA.Columns WHERE table_name='ebh_usergroups' AND table_schema='ebh2' [ RunTime:0.000968s ]
[ sql ] [ SQL ] SELECT * FROM INFORMATION_SCHEMA.Columns WHERE table_name='ebh_usernotices' AND table_schema='ebh2' [ RunTime:0.000854s ]
[ sql ] [ SQL ] SELECT * FROM INFORMATION_SCHEMA.Columns WHERE table_name='ebh_userpermisions' AND table_schema='ebh2' [ RunTime:0.000897s ]
[ sql ] [ SQL ] SELECT * FROM INFORMATION_SCHEMA.Columns WHERE table_name='ebh_users' AND table_schema='ebh2' [ RunTime:0.001105s ]
[ sql ] [ SQL ] SELECT * FROM INFORMATION_SCHEMA.Columns WHERE table_name='ebh_usershares' AND table_schema='ebh2' [ RunTime:0.000874s ]
[ sql ] [ SQL ] SELECT * FROM INFORMATION_SCHEMA.Columns WHERE table_name='ebh_userstates' AND table_schema='ebh2' [ RunTime:0.000808s ]
[ sql ] [ SQL ] SELECT * FROM INFORMATION_SCHEMA.Columns WHERE table_name='ebh_useruploads' AND table_schema='ebh2' [ RunTime:0.000934s ]
[ sql ] [ SQL ] SELECT * FROM INFORMATION_SCHEMA.Columns WHERE table_name='ebh_userzan' AND table_schema='ebh2' [ RunTime:0.000850s ]
[ sql ] [ SQL ] SELECT * FROM INFORMATION_SCHEMA.Columns WHERE table_name='ebh_weixinbindings' AND table_schema='ebh2' [ RunTime:0.000846s ]
[ sql ] [ SQL ] SELECT * FROM INFORMATION_SCHEMA.Columns WHERE table_name='ebh_weixinhistorys' AND table_schema='ebh2' [ RunTime:0.000941s ]
[ sql ] [ SQL ] SELECT * FROM INFORMATION_SCHEMA.Columns WHERE table_name='ebh_weixinreplies' AND table_schema='ebh2' [ RunTime:0.000909s ]
[ sql ] [ SQL ] SELECT * FROM INFORMATION_SCHEMA.Columns WHERE table_name='ebh_weixinuserinfos' AND table_schema='ebh2' [ RunTime:0.000920s ]
[ sql ] [ SQL ] SELECT * FROM INFORMATION_SCHEMA.Columns WHERE table_name='ebh_xk_activitys' AND table_schema='ebh2' [ RunTime:0.000955s ]
[ sql ] [ SQL ] SELECT * FROM INFORMATION_SCHEMA.Columns WHERE table_name='ebh_xk_courses' AND table_schema='ebh2' [ RunTime:0.001041s ]
[ sql ] [ SQL ] SELECT * FROM INFORMATION_SCHEMA.Columns WHERE table_name='ebh_xk_msgs' AND table_schema='ebh2' [ RunTime:0.000922s ]
[ sql ] [ SQL ] SELECT * FROM INFORMATION_SCHEMA.Columns WHERE table_name='ebh_xk_rules' AND table_schema='ebh2' [ RunTime:0.001141s ]
[ sql ] [ SQL ] SELECT * FROM INFORMATION_SCHEMA.Columns WHERE table_name='ebh_xk_students' AND table_schema='ebh2' [ RunTime:0.000908s ]
[ sql ] [ SQL ] SELECT * FROM INFORMATION_SCHEMA.Columns WHERE table_name='ebh_yearcards' AND table_schema='ebh2' [ RunTime:0.000987s ]
[ sql ] [ SQL ] SELECT * FROM INFORMATION_SCHEMA.Columns WHERE table_name='migrations' AND table_schema='ebh2' [ RunTime:0.000833s ]
[ sql ] [ SQL ] SELECT * FROM INFORMATION_SCHEMA.Columns WHERE table_name='mytest' AND table_schema='ebh2' [ RunTime:0.000724s ]
[ sql ] [ SQL ] SELECT * FROM INFORMATION_SCHEMA.Columns WHERE table_name='myu' AND table_schema='ebh2' [ RunTime:0.000880s ]
[ sql ] [ SQL ] SELECT * FROM INFORMATION_SCHEMA.Columns WHERE table_name='registrations' AND table_schema='ebh2' [ RunTime:0.000779s ]
[ sql ] [ SQL ] SELECT * FROM INFORMATION_SCHEMA.Columns WHERE table_name='temp1' AND table_schema='ebh2' [ RunTime:0.001227s ]
[ sql ] [ SQL ] SELECT * FROM INFORMATION_SCHEMA.Columns WHERE table_name='temp2' AND table_schema='ebh2' [ RunTime:0.000881s ]
[ sql ] [ SQL ] SELECT * FROM INFORMATION_SCHEMA.Columns WHERE table_name='tempfolder' AND table_schema='ebh2' [ RunTime:0.000789s ]
[ sql ] [ SQL ] SELECT * FROM INFORMATION_SCHEMA.Columns WHERE table_name='temproomcourse' AND table_schema='ebh2' [ RunTime:0.000821s ]
[ sql ] [ SQL ] SELECT * FROM INFORMATION_SCHEMA.Columns WHERE table_name='tempstuinsert' AND table_schema='ebh2' [ RunTime:0.001069s ]
[ sql ] [ SQL ] SELECT * FROM INFORMATION_SCHEMA.Columns WHERE table_name='testplaylogs' AND table_schema='ebh2' [ RunTime:0.001095s ]
[ sql ] [ SQL ] SELECT * FROM INFORMATION_SCHEMA.Columns WHERE table_name='thirduser' AND table_schema='ebh2' [ RunTime:0.000937s ]
[ sql ] [ SQL ] SELECT * FROM INFORMATION_SCHEMA.Columns WHERE table_name='thirduserfix' AND table_schema='ebh2' [ RunTime:0.000776s ]
[ sql ] [ SQL ] SELECT * FROM INFORMATION_SCHEMA.Columns WHERE table_name='tmpuname' AND table_schema='ebh2' [ RunTime:0.000794s ]
[ sql ] [ SQL ] SELECT * FROM INFORMATION_SCHEMA.Columns WHERE table_name='users' AND table_schema='ebh2' [ RunTime:0.001666s ]
---------------------------------------------------------------
[ 2018-07-31T09:43:38+08:00 ] 192.168.0.85 192.168.0.213 GET /db/index/index.html
[ info ] gl.xlh.net/db/index/index.html [运行时间：0.586620s][吞吐率：1.70req/s] [内存消耗：579.48kb] [文件加载：55]
[ sql ] [ DB ] CONNECT:[ UseTime:0.000792s ] mysql:dbname=ebh2;host=192.168.0.85;charset=utf8
[ sql ] [ SQL ] SELECT TABLE_NAME,TABLE_COMMENT,TABLE_ROWS FROM information_schema.TABLES WHERE table_schema='ebh2' [ RunTime:0.026990s ]
[ sql ] [ SQL ] SELECT * FROM INFORMATION_SCHEMA.Columns WHERE table_name='aaa' AND table_schema='ebh2' [ RunTime:0.001007s ]
[ sql ] [ SQL ] SELECT * FROM INFORMATION_SCHEMA.Columns WHERE table_name='ebh_aaaa' AND table_schema='ebh2' [ RunTime:0.000789s ]
[ sql ] [ SQL ] SELECT * FROM INFORMATION_SCHEMA.Columns WHERE table_name='ebh_abc' AND table_schema='ebh2' [ RunTime:0.000984s ]
[ sql ] [ SQL ] SELECT * FROM INFORMATION_SCHEMA.Columns WHERE table_name='ebh_activitys' AND table_schema='ebh2' [ RunTime:0.000939s ]
[ sql ] [ SQL ] SELECT * FROM INFORMATION_SCHEMA.Columns WHERE table_name='ebh_ads' AND table_schema='ebh2' [ RunTime:0.001125s ]
[ sql ] [ SQL ] SELECT * FROM INFORMATION_SCHEMA.Columns WHERE table_name='ebh_ads_copy' AND table_schema='ebh2' [ RunTime:0.000987s ]
[ sql ] [ SQL ] SELECT * FROM INFORMATION_SCHEMA.Columns WHERE table_name='ebh_agents' AND table_schema='ebh2' [ RunTime:0.001143s ]
[ sql ] [ SQL ] SELECT * FROM INFORMATION_SCHEMA.Columns WHERE table_name='ebh_alibpayresult' AND table_schema='ebh2' [ RunTime:0.000986s ]
[ sql ] [ SQL ] SELECT * FROM INFORMATION_SCHEMA.Columns WHERE table_name='ebh_app_navigations' AND table_schema='ebh2' [ RunTime:0.001084s ]
[ sql ] [ SQL ] SELECT * FROM INFORMATION_SCHEMA.Columns WHERE table_name='ebh_app_pushs' AND table_schema='ebh2' [ RunTime:0.001225s ]
[ sql ] [ SQL ] SELECT * FROM INFORMATION_SCHEMA.Columns WHERE table_name='ebh_app_sliders' AND table_schema='ebh2' [ RunTime:0.001857s ]
[ sql ] [ SQL ] SELECT * FROM INFORMATION_SCHEMA.Columns WHERE table_name='ebh_applycards' AND table_schema='ebh2' [ RunTime:0.001320s ]
[ sql ] [ SQL ] SELECT * FROM INFORMATION_SCHEMA.Columns WHERE table_name='ebh_applycash' AND table_schema='ebh2' [ RunTime:0.001845s ]
[ sql ] [ SQL ] SELECT * FROM INFORMATION_SCHEMA.Columns WHERE table_name='ebh_applys' AND table_schema='ebh2' [ RunTime:0.001121s ]
[ sql ] [ SQL ] SELECT * FROM INFORMATION_SCHEMA.Columns WHERE table_name='ebh_appmodules' AND table_schema='ebh2' [ RunTime:0.003770s ]
[ sql ] [ SQL ] SELECT * FROM INFORMATION_SCHEMA.Columns WHERE table_name='ebh_aquestions' AND table_schema='ebh2' [ RunTime:0.002326s ]
[ sql ] [ SQL ] SELECT * FROM INFORMATION_SCHEMA.Columns WHERE table_name='ebh_areviews' AND table_schema='ebh2' [ RunTime:0.000896s ]
[ sql ] [ SQL ] SELECT * FROM INFORMATION_SCHEMA.Columns WHERE table_name='ebh_askanswers' AND table_schema='ebh2' [ RunTime:0.001337s ]
[ sql ] [ SQL ] SELECT * FROM INFORMATION_SCHEMA.Columns WHERE table_name='ebh_askfavorites' AND table_schema='ebh2' [ RunTime:0.001381s ]
[ sql ] [ SQL ] SELECT * FROM INFORMATION_SCHEMA.Columns WHERE table_name='ebh_askquestions' AND table_schema='ebh2' [ RunTime:0.001138s ]
[ sql ] [ SQL ] SELECT * FROM INFORMATION_SCHEMA.Columns WHERE table_name='ebh_attachments' AND table_schema='ebh2' [ RunTime:0.000996s ]
[ sql ] [ SQL ] SELECT * FROM INFORMATION_SCHEMA.Columns WHERE table_name='ebh_attendances' AND table_schema='ebh2' [ RunTime:0.000832s ]
[ sql ] [ SQL ] SELECT * FROM INFORMATION_SCHEMA.Columns WHERE table_name='ebh_best_itemlabels' AND table_schema='ebh2' [ RunTime:0.000864s ]
[ sql ] [ SQL ] SELECT * FROM INFORMATION_SCHEMA.Columns WHERE table_name='ebh_best_items' AND table_schema='ebh2' [ RunTime:0.001166s ]
[ sql ] [ SQL ] SELECT * FROM INFORMATION_SCHEMA.Columns WHERE table_name='ebh_best_labels' AND table_schema='ebh2' [ RunTime:0.000910s ]
[ sql ] [ SQL ] SELECT * FROM INFORMATION_SCHEMA.Columns WHERE table_name='ebh_best_select' AND table_schema='ebh2' [ RunTime:0.000899s ]
[ sql ] [ SQL ] SELECT * FROM INFORMATION_SCHEMA.Columns WHERE table_name='ebh_best_sorts' AND table_schema='ebh2' [ RunTime:0.001018s ]
[ sql ] [ SQL ] SELECT * FROM INFORMATION_SCHEMA.Columns WHERE table_name='ebh_billchecks' AND table_schema='ebh2' [ RunTime:0.001033s ]
[ sql ] [ SQL ] SELECT * FROM INFORMATION_SCHEMA.Columns WHERE table_name='ebh_billdetails' AND table_schema='ebh2' [ RunTime:0.001047s ]
[ sql ] [ SQL ] SELECT * FROM INFORMATION_SCHEMA.Columns WHERE table_name='ebh_billrooms' AND table_schema='ebh2' [ RunTime:0.000824s ]
[ sql ] [ SQL ] SELECT * FROM INFORMATION_SCHEMA.Columns WHERE table_name='ebh_bills' AND table_schema='ebh2' [ RunTime:0.000863s ]
[ sql ] [ SQL ] SELECT * FROM INFORMATION_SCHEMA.Columns WHERE table_name='ebh_billsettings' AND table_schema='ebh2' [ RunTime:0.000800s ]
[ sql ] [ SQL ] SELECT * FROM INFORMATION_SCHEMA.Columns WHERE table_name='ebh_billteachrole' AND table_schema='ebh2' [ RunTime:0.000704s ]
[ sql ] [ SQL ] SELECT * FROM INFORMATION_SCHEMA.Columns WHERE table_name='ebh_billusers' AND table_schema='ebh2' [ RunTime:0.001043s ]
[ sql ] [ SQL ] SELECT * FROM INFORMATION_SCHEMA.Columns WHERE table_name='ebh_billwithdraw' AND table_schema='ebh2' [ RunTime:0.001802s ]
[ sql ] [ SQL ] SELECT * FROM INFORMATION_SCHEMA.Columns WHERE table_name='ebh_billwithdrawset' AND table_schema='ebh2' [ RunTime:0.001015s ]
[ sql ] [ SQL ] SELECT * FROM INFORMATION_SCHEMA.Columns WHERE table_name='ebh_binds' AND table_schema='ebh2' [ RunTime:0.000900s ]
[ sql ] [ SQL ] SELECT * FROM INFORMATION_SCHEMA.Columns WHERE table_name='ebh_blacklists' AND table_schema='ebh2' [ RunTime:0.000819s ]
[ sql ] [ SQL ] SELECT * FROM INFORMATION_SCHEMA.Columns WHERE table_name='ebh_bonusissues' AND table_schema='ebh2' [ RunTime:0.001396s ]
[ sql ] [ SQL ] SELECT * FROM INFORMATION_SCHEMA.Columns WHERE table_name='ebh_bundle_assos' AND table_schema='ebh2' [ RunTime:0.001037s ]
[ sql ] [ SQL ] SELECT * FROM INFORMATION_SCHEMA.Columns WHERE table_name='ebh_bundlelogs' AND table_schema='ebh2' [ RunTime:0.000811s ]
[ sql ] [ SQL ] SELECT * FROM INFORMATION_SCHEMA.Columns WHERE table_name='ebh_bundles' AND table_schema='ebh2' [ RunTime:0.001717s ]
[ sql ] [ SQL ] SELECT * FROM INFORMATION_SCHEMA.Columns WHERE table_name='ebh_cardbatch' AND table_schema='ebh2' [ RunTime:0.001259s ]
[ sql ] [ SQL ] SELECT * FROM INFORMATION_SCHEMA.Columns WHERE table_name='ebh_cards' AND table_schema='ebh2' [ RunTime:0.001044s ]
[ sql ] [ SQL ] SELECT * FROM INFORMATION_SCHEMA.Columns WHERE table_name='ebh_cashback' AND table_schema='ebh2' [ RunTime:0.000867s ]
[ sql ] [ SQL ] SELECT * FROM INFORMATION_SCHEMA.Columns WHERE table_name='ebh_cashrecords' AND table_schema='ebh2' [ RunTime:0.000829s ]
[ sql ] [ SQL ] SELECT * FROM INFORMATION_SCHEMA.Columns WHERE table_name='ebh_cashs' AND table_schema='ebh2' [ RunTime:0.001398s ]
[ sql ] [ SQL ] SELECT * FROM INFORMATION_SCHEMA.Columns WHERE table_name='ebh_categories' AND table_schema='ebh2' [ RunTime:0.001502s ]
[ sql ] [ SQL ] SELECT * FROM INFORMATION_SCHEMA.Columns WHERE table_name='ebh_changeclass' AND table_schema='ebh2' [ RunTime:0.000884s ]
[ sql ] [ SQL ] SELECT * FROM INFORMATION_SCHEMA.Columns WHERE table_name='ebh_chapters' AND table_schema='ebh2' [ RunTime:0.000920s ]
[ sql ] [ SQL ] SELECT * FROM INFORMATION_SCHEMA.Columns WHERE table_name='ebh_charges' AND table_schema='ebh2' [ RunTime:0.001105s ]
[ sql ] [ SQL ] SELECT * FROM INFORMATION_SCHEMA.Columns WHERE table_name='ebh_cities' AND table_schema='ebh2' [ RunTime:0.001088s ]
[ sql ] [ SQL ] SELECT * FROM INFORMATION_SCHEMA.Columns WHERE table_name='ebh_cities_old' AND table_schema='ebh2' [ RunTime:0.000949s ]
[ sql ] [ SQL ] SELECT * FROM INFORMATION_SCHEMA.Columns WHERE table_name='ebh_classcourses' AND table_schema='ebh2' [ RunTime:0.000878s ]
[ sql ] [ SQL ] SELECT * FROM INFORMATION_SCHEMA.Columns WHERE table_name='ebh_classcwstats' AND table_schema='ebh2' [ RunTime:0.001769s ]
[ sql ] [ SQL ] SELECT * FROM INFORMATION_SCHEMA.Columns WHERE table_name='ebh_classes' AND table_schema='ebh2' [ RunTime:0.000936s ]
[ sql ] [ SQL ] SELECT * FROM INFORMATION_SCHEMA.Columns WHERE table_name='ebh_classlog' AND table_schema='ebh2' [ RunTime:0.000815s ]
[ sql ] [ SQL ] SELECT * FROM INFORMATION_SCHEMA.Columns WHERE table_name='ebh_classrooms' AND table_schema='ebh2' [ RunTime:0.001365s ]
[ sql ] [ SQL ] SELECT * FROM INFORMATION_SCHEMA.Columns WHERE table_name='ebh_classslock' AND table_schema='ebh2' [ RunTime:0.001289s ]
[ sql ] [ SQL ] SELECT * FROM INFORMATION_SCHEMA.Columns WHERE table_name='ebh_classstudents' AND table_schema='ebh2' [ RunTime:0.000887s ]
[ sql ] [ SQL ] SELECT * FROM INFORMATION_SCHEMA.Columns WHERE table_name='ebh_classteachers' AND table_schema='ebh2' [ RunTime:0.001654s ]
[ sql ] [ SQL ] SELECT * FROM INFORMATION_SCHEMA.Columns WHERE table_name='ebh_cloudnotes' AND table_schema='ebh2' [ RunTime:0.001312s ]
[ sql ] [ SQL ] SELECT * FROM INFORMATION_SCHEMA.Columns WHERE table_name='ebh_collects' AND table_schema='ebh2' [ RunTime:0.000870s ]
[ sql ] [ SQL ] SELECT * FROM INFORMATION_SCHEMA.Columns WHERE table_name='ebh_commisions' AND table_schema='ebh2' [ RunTime:0.000835s ]
[ sql ] [ SQL ] SELECT * FROM INFORMATION_SCHEMA.Columns WHERE table_name='ebh_component_bases' AND table_schema='ebh2' [ RunTime:0.000802s ]
[ sql ] [ SQL ] SELECT * FROM INFORMATION_SCHEMA.Columns WHERE table_name='ebh_component_item_options' AND table_schema='ebh2' [ RunTime:0.000893s ]
[ sql ] [ SQL ] SELECT * FROM INFORMATION_SCHEMA.Columns WHERE table_name='ebh_component_items' AND table_schema='ebh2' [ RunTime:0.000898s ]
[ sql ] [ SQL ] SELECT * FROM INFORMATION_SCHEMA.Columns WHERE table_name='ebh_component_richtexts' AND table_schema='ebh2' [ RunTime:0.001070s ]
[ sql ] [ SQL ] SELECT * FROM INFORMATION_SCHEMA.Columns WHERE table_name='ebh_component_schools' AND table_schema='ebh2' [ RunTime:0.000850s ]
[ sql ] [ SQL ] SELECT * FROM INFORMATION_SCHEMA.Columns WHERE table_name='ebh_constitution' AND table_schema='ebh2' [ RunTime:0.001065s ]
[ sql ] [ SQL ] SELECT * FROM INFORMATION_SCHEMA.Columns WHERE table_name='ebh_contacts' AND table_schema='ebh2' [ RunTime:0.000826s ]
[ sql ] [ SQL ] SELECT * FROM INFORMATION_SCHEMA.Columns WHERE table_name='ebh_counter' AND table_schema='ebh2' [ RunTime:0.000756s ]
[ sql ] [ SQL ] SELECT * FROM INFORMATION_SCHEMA.Columns WHERE table_name='ebh_coupons' AND table_schema='ebh2' [ RunTime:0.000785s ]
[ sql ] [ SQL ] SELECT * FROM INFORMATION_SCHEMA.Columns WHERE table_name='ebh_course_liveinfos' AND table_schema='ebh2' [ RunTime:0.000912s ]
[ sql ] [ SQL ] SELECT * FROM INFORMATION_SCHEMA.Columns WHERE table_name='ebh_courseranks' AND table_schema='ebh2' [ RunTime:0.000785s ]
[ sql ] [ SQL ] SELECT * FROM INFORMATION_SCHEMA.Columns WHERE table_name='ebh_coursewares' AND table_schema='ebh2' [ RunTime:0.001145s ]
[ sql ] [ SQL ] SELECT * FROM INFORMATION_SCHEMA.Columns WHERE table_name='ebh_creditlogs' AND table_schema='ebh2' [ RunTime:0.000874s ]
[ sql ] [ SQL ] SELECT * FROM INFORMATION_SCHEMA.Columns WHERE table_name='ebh_creditrules' AND table_schema='ebh2' [ RunTime:0.000807s ]
[ sql ] [ SQL ] SELECT * FROM INFORMATION_SCHEMA.Columns WHERE table_name='ebh_crons' AND table_schema='ebh2' [ RunTime:0.000922s ]
[ sql ] [ SQL ] SELECT * FROM INFORMATION_SCHEMA.Columns WHERE table_name='ebh_custommessages' AND table_schema='ebh2' [ RunTime:0.000912s ]
[ sql ] [ SQL ] SELECT * FROM INFORMATION_SCHEMA.Columns WHERE table_name='ebh_cwusers' AND table_schema='ebh2' [ RunTime:0.001074s ]
[ sql ] [ SQL ] SELECT * FROM INFORMATION_SCHEMA.Columns WHERE table_name='ebh_designcoursewares' AND table_schema='ebh2' [ RunTime:0.001020s ]
[ sql ] [ SQL ] SELECT * FROM INFORMATION_SCHEMA.Columns WHERE table_name='ebh_domainchecks' AND table_schema='ebh2' [ RunTime:0.000747s ]
[ sql ] [ SQL ] SELECT * FROM INFORMATION_SCHEMA.Columns WHERE table_name='ebh_domains' AND table_schema='ebh2' [ RunTime:0.001203s ]
[ sql ] [ SQL ] SELECT * FROM INFORMATION_SCHEMA.Columns WHERE table_name='ebh_errorbook' AND table_schema='ebh2' [ RunTime:0.000986s ]
[ sql ] [ SQL ] SELECT * FROM INFORMATION_SCHEMA.Columns WHERE table_name='ebh_eth_messages' AND table_schema='ebh2' [ RunTime:0.000784s ]
[ sql ] [ SQL ] SELECT * FROM INFORMATION_SCHEMA.Columns WHERE table_name='ebh_evaluate_answers' AND table_schema='ebh2' [ RunTime:0.000863s ]
[ sql ] [ SQL ] SELECT * FROM INFORMATION_SCHEMA.Columns WHERE table_name='ebh_evaluate_questions' AND table_schema='ebh2' [ RunTime:0.000827s ]
[ sql ] [ SQL ] SELECT * FROM INFORMATION_SCHEMA.Columns WHERE table_name='ebh_evaluate_refers' AND table_schema='ebh2' [ RunTime:0.000805s ]
[ sql ] [ SQL ] SELECT * FROM INFORMATION_SCHEMA.Columns WHERE table_name='ebh_evaluates' AND table_schema='ebh2' [ RunTime:0.000836s ]
[ sql ] [ SQL ] SELECT * FROM INFORMATION_SCHEMA.Columns WHERE table_name='ebh_exam_favsubjects' AND table_schema='ebh2' [ RunTime:0.000708s ]
[ sql ] [ SQL ] SELECT * FROM INFORMATION_SCHEMA.Columns WHERE table_name='ebh_examanswers' AND table_schema='ebh2' [ RunTime:0.000804s ]
[ sql ] [ SQL ] SELECT * FROM INFORMATION_SCHEMA.Columns WHERE table_name='ebh_examapplys' AND table_schema='ebh2' [ RunTime:0.000972s ]
[ sql ] [ SQL ] SELECT * FROM INFORMATION_SCHEMA.Columns WHERE table_name='ebh_examawards' AND table_schema='ebh2' [ RunTime:0.000776s ]
[ sql ] [ SQL ] SELECT * FROM INFORMATION_SCHEMA.Columns WHERE table_name='ebh_examchecks' AND table_schema='ebh2' [ RunTime:0.000769s ]
[ sql ] [ SQL ] SELECT * FROM INFORMATION_SCHEMA.Columns WHERE table_name='ebh_exampapers' AND table_schema='ebh2' [ RunTime:0.000843s ]
[ sql ] [ SQL ] SELECT * FROM INFORMATION_SCHEMA.Columns WHERE table_name='ebh_exams' AND table_schema='ebh2' [ RunTime:0.000865s ]
[ sql ] [ SQL ] SELECT * FROM INFORMATION_SCHEMA.Columns WHERE table_name='ebh_excel_sources' AND table_schema='ebh2' [ RunTime:0.000904s ]
[ sql ] [ SQL ] SELECT * FROM INFORMATION_SCHEMA.Columns WHERE table_name='ebh_experiences' AND table_schema='ebh2' [ RunTime:0.000785s ]
[ sql ] [ SQL ] SELECT * FROM INFORMATION_SCHEMA.Columns WHERE table_name='ebh_favchapters' AND table_schema='ebh2' [ RunTime:0.000781s ]
[ sql ] [ SQL ] SELECT * FROM INFORMATION_SCHEMA.Columns WHERE table_name='ebh_favorites' AND table_schema='ebh2' [ RunTime:0.000844s ]
[ sql ] [ SQL ] SELECT * FROM INFORMATION_SCHEMA.Columns WHERE table_name='ebh_feedbacks' AND table_schema='ebh2' [ RunTime:0.000844s ]
[ sql ] [ SQL ] SELECT * FROM INFORMATION_SCHEMA.Columns WHERE table_name='ebh_filters' AND table_schema='ebh2' [ RunTime:0.000821s ]
[ sql ] [ SQL ] SELECT * FROM INFORMATION_SCHEMA.Columns WHERE table_name='ebh_folder_intros' AND table_schema='ebh2' [ RunTime:0.000791s ]
[ sql ] [ SQL ] SELECT * FROM INFORMATION_SCHEMA.Columns WHERE table_name='ebh_folders' AND table_schema='ebh2' [ RunTime:0.001027s ]
[ sql ] [ SQL ] SELECT * FROM INFORMATION_SCHEMA.Columns WHERE table_name='ebh_foldertargets' AND table_schema='ebh2' [ RunTime:0.000835s ]
[ sql ] [ SQL ] SELECT * FROM INFORMATION_SCHEMA.Columns WHERE table_name='ebh_forums' AND table_schema='ebh2' [ RunTime:0.000833s ]
[ sql ] [ SQL ] SELECT * FROM INFORMATION_SCHEMA.Columns WHERE table_name='ebh_forums_categorys' AND table_schema='ebh2' [ RunTime:0.001162s ]
[ sql ] [ SQL ] SELECT * FROM INFORMATION_SCHEMA.Columns WHERE table_name='ebh_forums_contents' AND table_schema='ebh2' [ RunTime:0.001002s ]
[ sql ] [ SQL ] SELECT * FROM INFORMATION_SCHEMA.Columns WHERE table_name='ebh_forums_follows' AND table_schema='ebh2' [ RunTime:0.001394s ]
[ sql ] [ SQL ] SELECT * FROM INFORMATION_SCHEMA.Columns WHERE table_name='ebh_forums_managers' AND table_schema='ebh2' [ RunTime:0.000850s ]
[ sql ] [ SQL ] SELECT * FROM INFORMATION_SCHEMA.Columns WHERE table_name='ebh_forums_subject_replys' AND table_schema='ebh2' [ RunTime:0.000875s ]
[ sql ] [ SQL ] SELECT * FROM INFORMATION_SCHEMA.Columns WHERE table_name='ebh_forums_subjects' AND table_schema='ebh2' [ RunTime:0.000921s ]
[ sql ] [ SQL ] SELECT * FROM INFORMATION_SCHEMA.Columns WHERE table_name='ebh_freezn_times' AND table_schema='ebh2' [ RunTime:0.000845s ]
[ sql ] [ SQL ] SELECT * FROM INFORMATION_SCHEMA.Columns WHERE table_name='ebh_grades' AND table_schema='ebh2' [ RunTime:0.000803s ]
[ sql ] [ SQL ] SELECT * FROM INFORMATION_SCHEMA.Columns WHERE table_name='ebh_groups' AND table_schema='ebh2' [ RunTime:0.001345s ]
[ sql ] [ SQL ] SELECT * FROM INFORMATION_SCHEMA.Columns WHERE table_name='ebh_health_comment' AND table_schema='ebh2' [ RunTime:0.000905s ]
[ sql ] [ SQL ] SELECT * FROM INFORMATION_SCHEMA.Columns WHERE table_name='ebh_ia_class' AND table_schema='ebh2' [ RunTime:0.000781s ]
[ sql ] [ SQL ] SELECT * FROM INFORMATION_SCHEMA.Columns WHERE table_name='ebh_iaclassroom' AND table_schema='ebh2' [ RunTime:0.000820s ]
[ sql ] [ SQL ] SELECT * FROM INFORMATION_SCHEMA.Columns WHERE table_name='ebh_iaclassroomlog' AND table_schema='ebh2' [ RunTime:0.001148s ]
[ sql ] [ SQL ] SELECT * FROM INFORMATION_SCHEMA.Columns WHERE table_name='ebh_icanswers' AND table_schema='ebh2' [ RunTime:0.000772s ]
[ sql ] [ SQL ] SELECT * FROM INFORMATION_SCHEMA.Columns WHERE table_name='ebh_icfolders' AND table_schema='ebh2' [ RunTime:0.000779s ]
[ sql ] [ SQL ] SELECT * FROM INFORMATION_SCHEMA.Columns WHERE table_name='ebh_icitems' AND table_schema='ebh2' [ RunTime:0.000764s ]
[ sql ] [ SQL ] SELECT * FROM INFORMATION_SCHEMA.Columns WHERE table_name='ebh_icquestions' AND table_schema='ebh2' [ RunTime:0.000778s ]
[ sql ] [ SQL ] SELECT * FROM INFORMATION_SCHEMA.Columns WHERE table_name='ebh_ics' AND table_schema='ebh2' [ RunTime:0.000836s ]
[ sql ] [ SQL ] SELECT * FROM INFORMATION_SCHEMA.Columns WHERE table_name='ebh_imfiles' AND table_schema='ebh2' [ RunTime:0.000778s ]
[ sql ] [ SQL ] SELECT * FROM INFORMATION_SCHEMA.Columns WHERE table_name='ebh_imfriends' AND table_schema='ebh2' [ RunTime:0.000792s ]
[ sql ] [ SQL ] SELECT * FROM INFORMATION_SCHEMA.Columns WHERE table_name='ebh_imgroups' AND table_schema='ebh2' [ RunTime:0.000957s ]
[ sql ] [ SQL ] SELECT * FROM INFORMATION_SCHEMA.Columns WHERE table_name='ebh_immessages' AND table_schema='ebh2' [ RunTime:0.001070s ]
[ sql ] [ SQL ] SELECT * FROM INFORMATION_SCHEMA.Columns WHERE table_name='ebh_imqunmembers' AND table_schema='ebh2' [ RunTime:0.000837s ]
[ sql ] [ SQL ] SELECT * FROM INFORMATION_SCHEMA.Columns WHERE table_name='ebh_imquns' AND table_schema='ebh2' [ RunTime:0.000955s ]
[ sql ] [ SQL ] SELECT * FROM INFORMATION_SCHEMA.Columns WHERE table_name='ebh_ip_blacklists' AND table_schema='ebh2' [ RunTime:0.002088s ]
[ sql ] [ SQL ] SELECT * FROM INFORMATION_SCHEMA.Columns WHERE table_name='ebh_ipstrs' AND table_schema='ebh2' [ RunTime:0.001141s ]
[ sql ] [ SQL ] SELECT * FROM INFORMATION_SCHEMA.Columns WHERE table_name='ebh_isps' AND table_schema='ebh2' [ RunTime:0.000879s ]
[ sql ] [ SQL ] SELECT * FROM INFORMATION_SCHEMA.Columns WHERE table_name='ebh_items' AND table_schema='ebh2' [ RunTime:0.001000s ]
[ sql ] [ SQL ] SELECT * FROM INFORMATION_SCHEMA.Columns WHERE table_name='ebh_jsapplys' AND table_schema='ebh2' [ RunTime:0.000999s ]
[ sql ] [ SQL ] SELECT * FROM INFORMATION_SCHEMA.Columns WHERE table_name='ebh_jsauths' AND table_schema='ebh2' [ RunTime:0.000907s ]
[ sql ] [ SQL ] SELECT * FROM INFORMATION_SCHEMA.Columns WHERE table_name='ebh_keywords' AND table_schema='ebh2' [ RunTime:0.000946s ]
[ sql ] [ SQL ] SELECT * FROM INFORMATION_SCHEMA.Columns WHERE table_name='ebh_labels' AND table_schema='ebh2' [ RunTime:0.000921s ]
[ sql ] [ SQL ] SELECT * FROM INFORMATION_SCHEMA.Columns WHERE table_name='ebh_lguidcoods' AND table_schema='ebh2' [ RunTime:0.000841s ]
[ sql ] [ SQL ] SELECT * FROM INFORMATION_SCHEMA.Columns WHERE table_name='ebh_lguides' AND table_schema='ebh2' [ RunTime:0.001582s ]
[ sql ] [ SQL ] SELECT * FROM INFORMATION_SCHEMA.Columns WHERE table_name='ebh_lguideusers' AND table_schema='ebh2' [ RunTime:0.000878s ]
[ sql ] [ SQL ] SELECT * FROM INFORMATION_SCHEMA.Columns WHERE table_name='ebh_lifegroups' AND table_schema='ebh2' [ RunTime:0.000811s ]
[ sql ] [ SQL ] SELECT * FROM INFORMATION_SCHEMA.Columns WHERE table_name='ebh_limitlogs' AND table_schema='ebh2' [ RunTime:0.000827s ]
[ sql ] [ SQL ] SELECT * FROM INFORMATION_SCHEMA.Columns WHERE table_name='ebh_loginlogs' AND table_schema='ebh2' [ RunTime:0.000897s ]
[ sql ] [ SQL ] SELECT * FROM INFORMATION_SCHEMA.Columns WHERE table_name='ebh_logs' AND table_schema='ebh2' [ RunTime:0.001094s ]
[ sql ] [ SQL ] SELECT * FROM INFORMATION_SCHEMA.Columns WHERE table_name='ebh_machines' AND table_schema='ebh2' [ RunTime:0.000770s ]
[ sql ] [ SQL ] SELECT * FROM INFORMATION_SCHEMA.Columns WHERE table_name='ebh_manual_courses' AND table_schema='ebh2' [ RunTime:0.000793s ]
[ sql ] [ SQL ] SELECT * FROM INFORMATION_SCHEMA.Columns WHERE table_name='ebh_masters' AND table_schema='ebh2' [ RunTime:0.000768s ]
[ sql ] [ SQL ] SELECT * FROM INFORMATION_SCHEMA.Columns WHERE table_name='ebh_mediacenters' AND table_schema='ebh2' [ RunTime:0.000840s ]
[ sql ] [ SQL ] SELECT * FROM INFORMATION_SCHEMA.Columns WHERE table_name='ebh_members' AND table_schema='ebh2' [ RunTime:0.001128s ]
[ sql ] [ SQL ] SELECT * FROM INFORMATION_SCHEMA.Columns WHERE table_name='ebh_mentaltests' AND table_schema='ebh2' [ RunTime:0.000806s ]
[ sql ] [ SQL ] SELECT * FROM INFORMATION_SCHEMA.Columns WHERE table_name='ebh_menus' AND table_schema='ebh2' [ RunTime:0.000868s ]
[ sql ] [ SQL ] SELECT * FROM INFORMATION_SCHEMA.Columns WHERE table_name='ebh_messages' AND table_schema='ebh2' [ RunTime:0.001162s ]
[ sql ] [ SQL ] SELECT * FROM INFORMATION_SCHEMA.Columns WHERE table_name='ebh_mobilelocations' AND table_schema='ebh2' [ RunTime:0.000952s ]
[ sql ] [ SQL ] SELECT * FROM INFORMATION_SCHEMA.Columns WHERE table_name='ebh_modules' AND table_schema='ebh2' [ RunTime:0.000844s ]
[ sql ] [ SQL ] SELECT * FROM INFORMATION_SCHEMA.Columns WHERE table_name='ebh_modulevedios' AND table_schema='ebh2' [ RunTime:0.000803s ]
[ sql ] [ SQL ] SELECT * FROM INFORMATION_SCHEMA.Columns WHERE table_name='ebh_news' AND table_schema='ebh2' [ RunTime:0.000964s ]
[ sql ] [ SQL ] SELECT * FROM INFORMATION_SCHEMA.Columns WHERE table_name='ebh_news_reviews' AND table_schema='ebh2' [ RunTime:0.001504s ]
[ sql ] [ SQL ] SELECT * FROM INFORMATION_SCHEMA.Columns WHERE table_name='ebh_noteattas' AND table_schema='ebh2' [ RunTime:0.001140s ]
[ sql ] [ SQL ] SELECT * FROM INFORMATION_SCHEMA.Columns WHERE table_name='ebh_notes' AND table_schema='ebh2' [ RunTime:0.000862s ]
[ sql ] [ SQL ] SELECT * FROM INFORMATION_SCHEMA.Columns WHERE table_name='ebh_notice_receipts' AND table_schema='ebh2' [ RunTime:0.000779s ]
[ sql ] [ SQL ] SELECT * FROM INFORMATION_SCHEMA.Columns WHERE table_name='ebh_notices' AND table_schema='ebh2' [ RunTime:0.000873s ]
[ sql ] [ SQL ] SELECT * FROM INFORMATION_SCHEMA.Columns WHERE table_name='ebh_onlineatts' AND table_schema='ebh2' [ RunTime:0.000819s ]
[ sql ] [ SQL ] SELECT * FROM INFORMATION_SCHEMA.Columns WHERE table_name='ebh_onlinecourse_classes' AND table_schema='ebh2' [ RunTime:0.000871s ]
[ sql ] [ SQL ] SELECT * FROM INFORMATION_SCHEMA.Columns WHERE table_name='ebh_onlinecourses' AND table_schema='ebh2' [ RunTime:0.000921s ]
[ sql ] [ SQL ] SELECT * FROM INFORMATION_SCHEMA.Columns WHERE table_name='ebh_openwxs' AND table_schema='ebh2' [ RunTime:0.001207s ]
[ sql ] [ SQL ] SELECT * FROM INFORMATION_SCHEMA.Columns WHERE table_name='ebh_operations' AND table_schema='ebh2' [ RunTime:0.001767s ]
[ sql ] [ SQL ] SELECT * FROM INFORMATION_SCHEMA.Columns WHERE table_name='ebh_ordercash' AND table_schema='ebh2' [ RunTime:0.001116s ]
[ sql ] [ SQL ] SELECT * FROM INFORMATION_SCHEMA.Columns WHERE table_name='ebh_orders' AND table_schema='ebh2' [ RunTime:0.001008s ]
[ sql ] [ SQL ] SELECT * FROM INFORMATION_SCHEMA.Columns WHERE table_name='ebh_ousers' AND table_schema='ebh2' [ RunTime:0.000990s ]
[ sql ] [ SQL ] SELECT * FROM INFORMATION_SCHEMA.Columns WHERE table_name='ebh_pads' AND table_schema='ebh2' [ RunTime:0.001599s ]
[ sql ] [ SQL ] SELECT * FROM INFORMATION_SCHEMA.Columns WHERE table_name='ebh_padstypes' AND table_schema='ebh2' [ RunTime:0.001336s ]
[ sql ] [ SQL ] SELECT * FROM INFORMATION_SCHEMA.Columns WHERE table_name='ebh_pay_items' AND table_schema='ebh2' [ RunTime:0.001270s ]
[ sql ] [ SQL ] SELECT * FROM INFORMATION_SCHEMA.Columns WHERE table_name='ebh_pay_orderdetails' AND table_schema='ebh2' [ RunTime:0.000979s ]
[ sql ] [ SQL ] SELECT * FROM INFORMATION_SCHEMA.Columns WHERE table_name='ebh_pay_orders' AND table_schema='ebh2' [ RunTime:0.001106s ]
[ sql ] [ SQL ] SELECT * FROM INFORMATION_SCHEMA.Columns WHERE table_name='ebh_pay_packages' AND table_schema='ebh2' [ RunTime:0.003155s ]
[ sql ] [ SQL ] SELECT * FROM INFORMATION_SCHEMA.Columns WHERE table_name='ebh_pay_sorts' AND table_schema='ebh2' [ RunTime:0.001074s ]
[ sql ] [ SQL ] SELECT * FROM INFORMATION_SCHEMA.Columns WHERE table_name='ebh_pay_terms' AND table_schema='ebh2' [ RunTime:0.000934s ]
[ sql ] [ SQL ] SELECT * FROM INFORMATION_SCHEMA.Columns WHERE table_name='ebh_pay_torders' AND table_schema='ebh2' [ RunTime:0.002437s ]
[ sql ] [ SQL ] SELECT * FROM INFORMATION_SCHEMA.Columns WHERE table_name='ebh_pcategories' AND table_schema='ebh2' [ RunTime:0.001562s ]
[ sql ] [ SQL ] SELECT * FROM INFORMATION_SCHEMA.Columns WHERE table_name='ebh_permissions' AND table_schema='ebh2' [ RunTime:0.001398s ]
[ sql ] [ SQL ] SELECT * FROM INFORMATION_SCHEMA.Columns WHERE table_name='ebh_pitems' AND table_schema='ebh2' [ RunTime:0.001392s ]
[ sql ] [ SQL ] SELECT * FROM INFORMATION_SCHEMA.Columns WHERE table_name='ebh_playlogs' AND table_schema='ebh2' [ RunTime:0.000947s ]
[ sql ] [ SQL ] SELECT * FROM INFORMATION_SCHEMA.Columns WHERE table_name='ebh_polls' AND table_schema='ebh2' [ RunTime:0.000803s ]
[ sql ] [ SQL ] SELECT * FROM INFORMATION_SCHEMA.Columns WHERE table_name='ebh_posts' AND table_schema='ebh2' [ RunTime:0.001074s ]
[ sql ] [ SQL ] SELECT * FROM INFORMATION_SCHEMA.Columns WHERE table_name='ebh_previewnotes' AND table_schema='ebh2' [ RunTime:0.000917s ]
[ sql ] [ SQL ] SELECT * FROM INFORMATION_SCHEMA.Columns WHERE table_name='ebh_previews' AND table_schema='ebh2' [ RunTime:0.000905s ]
[ sql ] [ SQL ] SELECT * FROM INFORMATION_SCHEMA.Columns WHERE table_name='ebh_products' AND table_schema='ebh2' [ RunTime:0.001187s ]
[ sql ] [ SQL ] SELECT * FROM INFORMATION_SCHEMA.Columns WHERE table_name='ebh_projectfeedbacks' AND table_schema='ebh2' [ RunTime:0.000859s ]
[ sql ] [ SQL ] SELECT * FROM INFORMATION_SCHEMA.Columns WHERE table_name='ebh_promotions' AND table_schema='ebh2' [ RunTime:0.000769s ]
[ sql ] [ SQL ] SELECT * FROM INFORMATION_SCHEMA.Columns WHERE table_name='ebh_questions' AND table_schema='ebh2' [ RunTime:0.000852s ]
[ sql ] [ SQL ] SELECT * FROM INFORMATION_SCHEMA.Columns WHERE table_name='ebh_records' AND table_schema='ebh2' [ RunTime:0.000783s ]
[ sql ] [ SQL ] SELECT * FROM INFORMATION_SCHEMA.Columns WHERE table_name='ebh_redeem_cards' AND table_schema='ebh2' [ RunTime:0.000809s ]
[ sql ] [ SQL ] SELECT * FROM INFORMATION_SCHEMA.Columns WHERE table_name='ebh_redeem_lots' AND table_schema='ebh2' [ RunTime:0.001191s ]
[ sql ] [ SQL ] SELECT * FROM INFORMATION_SCHEMA.Columns WHERE table_name='ebh_resgroups' AND table_schema='ebh2' [ RunTime:0.000746s ]
[ sql ] [ SQL ] SELECT * FROM INFORMATION_SCHEMA.Columns WHERE table_name='ebh_reslibs' AND table_schema='ebh2' [ RunTime:0.000736s ]
[ sql ] [ SQL ] SELECT * FROM INFORMATION_SCHEMA.Columns WHERE table_name='ebh_revert' AND table_schema='ebh2' [ RunTime:0.000819s ]
[ sql ] [ SQL ] SELECT * FROM INFORMATION_SCHEMA.Columns WHERE table_name='ebh_reviews' AND table_schema='ebh2' [ RunTime:0.001444s ]
[ sql ] [ SQL ] SELECT * FROM INFORMATION_SCHEMA.Columns WHERE table_name='ebh_reward_totals' AND table_schema='ebh2' [ RunTime:0.000833s ]
[ sql ] [ SQL ] SELECT * FROM INFORMATION_SCHEMA.Columns WHERE table_name='ebh_rewards' AND table_schema='ebh2' [ RunTime:0.000833s ]
[ sql ] [ SQL ] SELECT * FROM INFORMATION_SCHEMA.Columns WHERE table_name='ebh_rfiles' AND table_schema='ebh2' [ RunTime:0.000814s ]
[ sql ] [ SQL ] SELECT * FROM INFORMATION_SCHEMA.Columns WHERE table_name='ebh_robots' AND table_schema='ebh2' [ RunTime:0.000930s ]
[ sql ] [ SQL ] SELECT * FROM INFORMATION_SCHEMA.Columns WHERE table_name='ebh_rollcalls' AND table_schema='ebh2' [ RunTime:0.000728s ]
[ sql ] [ SQL ] SELECT * FROM INFORMATION_SCHEMA.Columns WHERE table_name='ebh_rollcallusers' AND table_schema='ebh2' [ RunTime:0.000686s ]
[ sql ] [ SQL ] SELECT * FROM INFORMATION_SCHEMA.Columns WHERE table_name='ebh_room_configs' AND table_schema='ebh2' [ RunTime:0.000679s ]
[ sql ] [ SQL ] SELECT * FROM INFORMATION_SCHEMA.Columns WHERE table_name='ebh_roomalbums' AND table_schema='ebh2' [ RunTime:0.000682s ]
[ sql ] [ SQL ] SELECT * FROM INFORMATION_SCHEMA.Columns WHERE table_name='ebh_roomapps' AND table_schema='ebh2' [ RunTime:0.000599s ]
[ sql ] [ SQL ] SELECT * FROM INFORMATION_SCHEMA.Columns WHERE table_name='ebh_roomcontrols' AND table_schema='ebh2' [ RunTime:0.000632s ]
[ sql ] [ SQL ] SELECT * FROM INFORMATION_SCHEMA.Columns WHERE table_name='ebh_roomcourses' AND table_schema='ebh2' [ RunTime:0.000764s ]
[ sql ] [ SQL ] SELECT * FROM INFORMATION_SCHEMA.Columns WHERE table_name='ebh_roomdesigns' AND table_schema='ebh2' [ RunTime:0.000792s ]
[ sql ] [ SQL ] SELECT * FROM INFORMATION_SCHEMA.Columns WHERE table_name='ebh_roommenus' AND table_schema='ebh2' [ RunTime:0.000750s ]
[ sql ] [ SQL ] SELECT * FROM INFORMATION_SCHEMA.Columns WHERE table_name='ebh_roommodules' AND table_schema='ebh2' [ RunTime:0.000708s ]
[ sql ] [ SQL ] SELECT * FROM INFORMATION_SCHEMA.Columns WHERE table_name='ebh_roompermissions' AND table_schema='ebh2' [ RunTime:0.000859s ]
[ sql ] [ SQL ] SELECT * FROM INFORMATION_SCHEMA.Columns WHERE table_name='ebh_roomphotos' AND table_schema='ebh2' [ RunTime:0.001488s ]
[ sql ] [ SQL ] SELECT * FROM INFORMATION_SCHEMA.Columns WHERE table_name='ebh_roomsms' AND table_schema='ebh2' [ RunTime:0.000909s ]
[ sql ] [ SQL ] SELECT * FROM INFORMATION_SCHEMA.Columns WHERE table_name='ebh_roomteachers' AND table_schema='ebh2' [ RunTime:0.000816s ]
[ sql ] [ SQL ] SELECT * FROM INFORMATION_SCHEMA.Columns WHERE table_name='ebh_roomtypes' AND table_schema='ebh2' [ RunTime:0.000656s ]
[ sql ] [ SQL ] SELECT * FROM INFORMATION_SCHEMA.Columns WHERE table_name='ebh_roomusers' AND table_schema='ebh2' [ RunTime:0.000826s ]
[ sql ] [ SQL ] SELECT * FROM INFORMATION_SCHEMA.Columns WHERE table_name='ebh_schcatalogfolders' AND table_schema='ebh2' [ RunTime:0.000968s ]
[ sql ] [ SQL ] SELECT * FROM INFORMATION_SCHEMA.Columns WHERE table_name='ebh_schcatalogs' AND table_schema='ebh2' [ RunTime:0.000846s ]
[ sql ] [ SQL ] SELECT * FROM INFORMATION_SCHEMA.Columns WHERE table_name='ebh_schchapters' AND table_schema='ebh2' [ RunTime:0.000701s ]
[ sql ] [ SQL ] SELECT * FROM INFORMATION_SCHEMA.Columns WHERE table_name='ebh_schcoursewares' AND table_schema='ebh2' [ RunTime:0.000895s ]
[ sql ] [ SQL ] SELECT * FROM INFORMATION_SCHEMA.Columns WHERE table_name='ebh_schcredit' AND table_schema='ebh2' [ RunTime:0.000766s ]
[ sql ] [ SQL ] SELECT * FROM INFORMATION_SCHEMA.Columns WHERE table_name='ebh_schcreditlog' AND table_schema='ebh2' [ RunTime:0.000762s ]
[ sql ] [ SQL ] SELECT * FROM INFORMATION_SCHEMA.Columns WHERE table_name='ebh_schexam_estype' AND table_schema='ebh2' [ RunTime:0.000754s ]
[ sql ] [ SQL ] SELECT * FROM INFORMATION_SCHEMA.Columns WHERE table_name='ebh_schexamanswers' AND table_schema='ebh2' [ RunTime:0.000757s ]
[ sql ] [ SQL ] SELECT * FROM INFORMATION_SCHEMA.Columns WHERE table_name='ebh_schexams' AND table_schema='ebh2' [ RunTime:0.000781s ]
[ sql ] [ SQL ] SELECT * FROM INFORMATION_SCHEMA.Columns WHERE table_name='ebh_schnotes' AND table_schema='ebh2' [ RunTime:0.000959s ]
[ sql ] [ SQL ] SELECT * FROM INFORMATION_SCHEMA.Columns WHERE table_name='ebh_school_year' AND table_schema='ebh2' [ RunTime:0.000729s ]
[ sql ] [ SQL ] SELECT * FROM INFORMATION_SCHEMA.Columns WHERE table_name='ebh_schquechapters' AND table_schema='ebh2' [ RunTime:0.000664s ]
[ sql ] [ SQL ] SELECT * FROM INFORMATION_SCHEMA.Columns WHERE table_name='ebh_schquestions' AND table_schema='ebh2' [ RunTime:0.000800s ]
[ sql ] [ SQL ] SELECT * FROM INFORMATION_SCHEMA.Columns WHERE table_name='ebh_schsourceclaasitems' AND table_schema='ebh2' [ RunTime:0.000617s ]
[ sql ] [ SQL ] SELECT * FROM INFORMATION_SCHEMA.Columns WHERE table_name='ebh_schsourceitems' AND table_schema='ebh2' [ RunTime:0.000670s ]
[ sql ] [ SQL ] SELECT * FROM INFORMATION_SCHEMA.Columns WHERE table_name='ebh_schsources' AND table_schema='ebh2' [ RunTime:0.000698s ]
[ sql ] [ SQL ] SELECT * FROM INFORMATION_SCHEMA.Columns WHERE table_name='ebh_searchableclassrooms' AND table_schema='ebh2' [ RunTime:0.000722s ]
[ sql ] [ SQL ] SELECT * FROM INFORMATION_SCHEMA.Columns WHERE table_name='ebh_sections' AND table_schema='ebh2' [ RunTime:0.000905s ]
[ sql ] [ SQL ] SELECT * FROM INFORMATION_SCHEMA.Columns WHERE table_name='ebh_selectcourse' AND table_schema='ebh2' [ RunTime:0.000689s ]
[ sql ] [ SQL ] SELECT * FROM INFORMATION_SCHEMA.Columns WHERE table_name='ebh_selectcourseterms' AND table_schema='ebh2' [ RunTime:0.000686s ]
[ sql ] [ SQL ] SELECT * FROM INFORMATION_SCHEMA.Columns WHERE table_name='ebh_selectcourseusers' AND table_schema='ebh2' [ RunTime:0.000673s ]
[ sql ] [ SQL ] SELECT * FROM INFORMATION_SCHEMA.Columns WHERE table_name='ebh_sendinfo' AND table_schema='ebh2' [ RunTime:0.001208s ]
[ sql ] [ SQL ] SELECT * FROM INFORMATION_SCHEMA.Columns WHERE table_name='ebh_serials' AND table_schema='ebh2' [ RunTime:0.001177s ]
[ sql ] [ SQL ] SELECT * FROM INFORMATION_SCHEMA.Columns WHERE table_name='ebh_settings' AND table_schema='ebh2' [ RunTime:0.000969s ]
[ sql ] [ SQL ] SELECT * FROM INFORMATION_SCHEMA.Columns WHERE table_name='ebh_shortcuts' AND table_schema='ebh2' [ RunTime:0.000838s ]
[ sql ] [ SQL ] SELECT * FROM INFORMATION_SCHEMA.Columns WHERE table_name='ebh_signlogs' AND table_schema='ebh2' [ RunTime:0.000777s ]
[ sql ] [ SQL ] SELECT * FROM INFORMATION_SCHEMA.Columns WHERE table_name='ebh_slock' AND table_schema='ebh2' [ RunTime:0.000653s ]
[ sql ] [ SQL ] SELECT * FROM INFORMATION_SCHEMA.Columns WHERE table_name='ebh_smarterrorbook' AND table_schema='ebh2' [ RunTime:0.000974s ]
[ sql ] [ SQL ] SELECT * FROM INFORMATION_SCHEMA.Columns WHERE table_name='ebh_smartexamanswers' AND table_schema='ebh2' [ RunTime:0.001207s ]
[ sql ] [ SQL ] SELECT * FROM INFORMATION_SCHEMA.Columns WHERE table_name='ebh_smartexamfolders' AND table_schema='ebh2' [ RunTime:0.000957s ]
[ sql ] [ SQL ] SELECT * FROM INFORMATION_SCHEMA.Columns WHERE table_name='ebh_smartexams' AND table_schema='ebh2' [ RunTime:0.000837s ]
[ sql ] [ SQL ] SELECT * FROM INFORMATION_SCHEMA.Columns WHERE table_name='ebh_smartexamsummary' AND table_schema='ebh2' [ RunTime:0.000692s ]
[ sql ] [ SQL ] SELECT * FROM INFORMATION_SCHEMA.Columns WHERE table_name='ebh_smscharge' AND table_schema='ebh2' [ RunTime:0.001327s ]
[ sql ] [ SQL ] SELECT * FROM INFORMATION_SCHEMA.Columns WHERE table_name='ebh_sources' AND table_schema='ebh2' [ RunTime:0.001441s ]
[ sql ] [ SQL ] SELECT * FROM INFORMATION_SCHEMA.Columns WHERE table_name='ebh_specialeffects' AND table_schema='ebh2' [ RunTime:0.000952s ]
[ sql ] [ SQL ] SELECT * FROM INFORMATION_SCHEMA.Columns WHERE table_name='ebh_specials' AND table_schema='ebh2' [ RunTime:0.000688s ]
[ sql ] [ SQL ] SELECT * FROM INFORMATION_SCHEMA.Columns WHERE table_name='ebh_sph_counter' AND table_schema='ebh2' [ RunTime:0.000876s ]
[ sql ] [ SQL ] SELECT * FROM INFORMATION_SCHEMA.Columns WHERE table_name='ebh_studentactivitys' AND table_schema='ebh2' [ RunTime:0.000827s ]
[ sql ] [ SQL ] SELECT * FROM INFORMATION_SCHEMA.Columns WHERE table_name='ebh_studentlinks' AND table_schema='ebh2' [ RunTime:0.000756s ]
[ sql ] [ SQL ] SELECT * FROM INFORMATION_SCHEMA.Columns WHERE table_name='ebh_studycreditlogs' AND table_schema='ebh2' [ RunTime:0.000813s ]
[ sql ] [ SQL ] SELECT * FROM INFORMATION_SCHEMA.Columns WHERE table_name='ebh_studylogs' AND table_schema='ebh2' [ RunTime:0.000851s ]
[ sql ] [ SQL ] SELECT * FROM INFORMATION_SCHEMA.Columns WHERE table_name='ebh_stuexams' AND table_schema='ebh2' [ RunTime:0.000921s ]
[ sql ] [ SQL ] SELECT * FROM INFORMATION_SCHEMA.Columns WHERE table_name='ebh_styles' AND table_schema='ebh2' [ RunTime:0.000744s ]
[ sql ] [ SQL ] SELECT * FROM INFORMATION_SCHEMA.Columns WHERE table_name='ebh_subjects' AND table_schema='ebh2' [ RunTime:0.000671s ]
[ sql ] [ SQL ] SELECT * FROM INFORMATION_SCHEMA.Columns WHERE table_name='ebh_surveyanswers' AND table_schema='ebh2' [ RunTime:0.000744s ]
[ sql ] [ SQL ] SELECT * FROM INFORMATION_SCHEMA.Columns WHERE table_name='ebh_surveyoptions' AND table_schema='ebh2' [ RunTime:0.000700s ]
[ sql ] [ SQL ] SELECT * FROM INFORMATION_SCHEMA.Columns WHERE table_name='ebh_surveyquestion_groups' AND table_schema='ebh2' [ RunTime:0.000695s ]
[ sql ] [ SQL ] SELECT * FROM INFORMATION_SCHEMA.Columns WHERE table_name='ebh_surveyquestions' AND table_schema='ebh2' [ RunTime:0.000713s ]
[ sql ] [ SQL ] SELECT * FROM INFORMATION_SCHEMA.Columns WHERE table_name='ebh_surveys' AND table_schema='ebh2' [ RunTime:0.000797s ]
[ sql ] [ SQL ] SELECT * FROM INFORMATION_SCHEMA.Columns WHERE table_name='ebh_systemsettings' AND table_schema='ebh2' [ RunTime:0.000979s ]
[ sql ] [ SQL ] SELECT * FROM INFORMATION_SCHEMA.Columns WHERE table_name='ebh_tags' AND table_schema='ebh2' [ RunTime:0.001271s ]
[ sql ] [ SQL ] SELECT * FROM INFORMATION_SCHEMA.Columns WHERE table_name='ebh_take_accounts' AND table_schema='ebh2' [ RunTime:0.000719s ]
[ sql ] [ SQL ] SELECT * FROM INFORMATION_SCHEMA.Columns WHERE table_name='ebh_take_details' AND table_schema='ebh2' [ RunTime:0.000747s ]
[ sql ] [ SQL ] SELECT * FROM INFORMATION_SCHEMA.Columns WHERE table_name='ebh_takes' AND table_schema='ebh2' [ RunTime:0.000737s ]
[ sql ] [ SQL ] SELECT * FROM INFORMATION_SCHEMA.Columns WHERE table_name='ebh_tasks' AND table_schema='ebh2' [ RunTime:0.000735s ]
[ sql ] [ SQL ] SELECT * FROM INFORMATION_SCHEMA.Columns WHERE table_name='ebh_teacher_roles' AND table_schema='ebh2' [ RunTime:0.000706s ]
[ sql ] [ SQL ] SELECT * FROM INFORMATION_SCHEMA.Columns WHERE table_name='ebh_teacherfolders' AND table_schema='ebh2' [ RunTime:0.000659s ]
[ sql ] [ SQL ] SELECT * FROM INFORMATION_SCHEMA.Columns WHERE table_name='ebh_teachergroups' AND table_schema='ebh2' [ RunTime:0.000808s ]
[ sql ] [ SQL ] SELECT * FROM INFORMATION_SCHEMA.Columns WHERE table_name='ebh_teachers' AND table_schema='ebh2' [ RunTime:0.000812s ]
[ sql ] [ SQL ] SELECT * FROM INFORMATION_SCHEMA.Columns WHERE table_name='ebh_teachingplanatts' AND table_schema='ebh2' [ RunTime:0.000702s ]
[ sql ] [ SQL ] SELECT * FROM INFORMATION_SCHEMA.Columns WHERE table_name='ebh_teachingplans' AND table_schema='ebh2' [ RunTime:0.000735s ]
[ sql ] [ SQL ] SELECT * FROM INFORMATION_SCHEMA.Columns WHERE table_name='ebh_tempincomes' AND table_schema='ebh2' [ RunTime:0.000749s ]
[ sql ] [ SQL ] SELECT * FROM INFORMATION_SCHEMA.Columns WHERE table_name='ebh_tempstudents' AND table_schema='ebh2' [ RunTime:0.000828s ]
[ sql ] [ SQL ] SELECT * FROM INFORMATION_SCHEMA.Columns WHERE table_name='ebh_test' AND table_schema='ebh2' [ RunTime:0.000721s ]
[ sql ] [ SQL ] SELECT * FROM INFORMATION_SCHEMA.Columns WHERE table_name='ebh_testfiles' AND table_schema='ebh2' [ RunTime:0.000817s ]
[ sql ] [ SQL ] SELECT * FROM INFORMATION_SCHEMA.Columns WHERE table_name='ebh_tgroups' AND table_schema='ebh2' [ RunTime:0.000703s ]
[ sql ] [ SQL ] SELECT * FROM INFORMATION_SCHEMA.Columns WHERE table_name='ebh_user_blacklists' AND table_schema='ebh2' [ RunTime:0.000701s ]
[ sql ] [ SQL ] SELECT * FROM INFORMATION_SCHEMA.Columns WHERE table_name='ebh_user_composite' AND table_schema='ebh2' [ RunTime:0.000675s ]
[ sql ] [ SQL ] SELECT * FROM INFORMATION_SCHEMA.Columns WHERE table_name='ebh_userclients' AND table_schema='ebh2' [ RunTime:0.000733s ]
[ sql ] [ SQL ] SELECT * FROM INFORMATION_SCHEMA.Columns WHERE table_name='ebh_usercoursewares' AND table_schema='ebh2' [ RunTime:0.000746s ]
[ sql ] [ SQL ] SELECT * FROM INFORMATION_SCHEMA.Columns WHERE table_name='ebh_usergroups' AND table_schema='ebh2' [ RunTime:0.000646s ]
[ sql ] [ SQL ] SELECT * FROM INFORMATION_SCHEMA.Columns WHERE table_name='ebh_usernotices' AND table_schema='ebh2' [ RunTime:0.000722s ]
[ sql ] [ SQL ] SELECT * FROM INFORMATION_SCHEMA.Columns WHERE table_name='ebh_userpermisions' AND table_schema='ebh2' [ RunTime:0.000734s ]
[ sql ] [ SQL ] SELECT * FROM INFORMATION_SCHEMA.Columns WHERE table_name='ebh_users' AND table_schema='ebh2' [ RunTime:0.000889s ]
[ sql ] [ SQL ] SELECT * FROM INFORMATION_SCHEMA.Columns WHERE table_name='ebh_usershares' AND table_schema='ebh2' [ RunTime:0.000645s ]
[ sql ] [ SQL ] SELECT * FROM INFORMATION_SCHEMA.Columns WHERE table_name='ebh_userstates' AND table_schema='ebh2' [ RunTime:0.000666s ]
[ sql ] [ SQL ] SELECT * FROM INFORMATION_SCHEMA.Columns WHERE table_name='ebh_useruploads' AND table_schema='ebh2' [ RunTime:0.000790s ]
[ sql ] [ SQL ] SELECT * FROM INFORMATION_SCHEMA.Columns WHERE table_name='ebh_userzan' AND table_schema='ebh2' [ RunTime:0.000700s ]
[ sql ] [ SQL ] SELECT * FROM INFORMATION_SCHEMA.Columns WHERE table_name='ebh_weixinbindings' AND table_schema='ebh2' [ RunTime:0.000749s ]
[ sql ] [ SQL ] SELECT * FROM INFORMATION_SCHEMA.Columns WHERE table_name='ebh_weixinhistorys' AND table_schema='ebh2' [ RunTime:0.000737s ]
[ sql ] [ SQL ] SELECT * FROM INFORMATION_SCHEMA.Columns WHERE table_name='ebh_weixinreplies' AND table_schema='ebh2' [ RunTime:0.000743s ]
[ sql ] [ SQL ] SELECT * FROM INFORMATION_SCHEMA.Columns WHERE table_name='ebh_weixinuserinfos' AND table_schema='ebh2' [ RunTime:0.000721s ]
[ sql ] [ SQL ] SELECT * FROM INFORMATION_SCHEMA.Columns WHERE table_name='ebh_xk_activitys' AND table_schema='ebh2' [ RunTime:0.001101s ]
[ sql ] [ SQL ] SELECT * FROM INFORMATION_SCHEMA.Columns WHERE table_name='ebh_xk_courses' AND table_schema='ebh2' [ RunTime:0.000975s ]
[ sql ] [ SQL ] SELECT * FROM INFORMATION_SCHEMA.Columns WHERE table_name='ebh_xk_msgs' AND table_schema='ebh2' [ RunTime:0.000827s ]
[ sql ] [ SQL ] SELECT * FROM INFORMATION_SCHEMA.Columns WHERE table_name='ebh_xk_rules' AND table_schema='ebh2' [ RunTime:0.000708s ]
[ sql ] [ SQL ] SELECT * FROM INFORMATION_SCHEMA.Columns WHERE table_name='ebh_xk_students' AND table_schema='ebh2' [ RunTime:0.000750s ]
[ sql ] [ SQL ] SELECT * FROM INFORMATION_SCHEMA.Columns WHERE table_name='ebh_yearcards' AND table_schema='ebh2' [ RunTime:0.000848s ]
[ sql ] [ SQL ] SELECT * FROM INFORMATION_SCHEMA.Columns WHERE table_name='migrations' AND table_schema='ebh2' [ RunTime:0.000734s ]
[ sql ] [ SQL ] SELECT * FROM INFORMATION_SCHEMA.Columns WHERE table_name='mytest' AND table_schema='ebh2' [ RunTime:0.000724s ]
[ sql ] [ SQL ] SELECT * FROM INFORMATION_SCHEMA.Columns WHERE table_name='myu' AND table_schema='ebh2' [ RunTime:0.000854s ]
[ sql ] [ SQL ] SELECT * FROM INFORMATION_SCHEMA.Columns WHERE table_name='registrations' AND table_schema='ebh2' [ RunTime:0.001199s ]
[ sql ] [ SQL ] SELECT * FROM INFORMATION_SCHEMA.Columns WHERE table_name='temp1' AND table_schema='ebh2' [ RunTime:0.000693s ]
[ sql ] [ SQL ] SELECT * FROM INFORMATION_SCHEMA.Columns WHERE table_name='temp2' AND table_schema='ebh2' [ RunTime:0.000651s ]
[ sql ] [ SQL ] SELECT * FROM INFORMATION_SCHEMA.Columns WHERE table_name='tempfolder' AND table_schema='ebh2' [ RunTime:0.000646s ]
[ sql ] [ SQL ] SELECT * FROM INFORMATION_SCHEMA.Columns WHERE table_name='temproomcourse' AND table_schema='ebh2' [ RunTime:0.000679s ]
[ sql ] [ SQL ] SELECT * FROM INFORMATION_SCHEMA.Columns WHERE table_name='tempstuinsert' AND table_schema='ebh2' [ RunTime:0.000685s ]
[ sql ] [ SQL ] SELECT * FROM INFORMATION_SCHEMA.Columns WHERE table_name='testplaylogs' AND table_schema='ebh2' [ RunTime:0.000755s ]
[ sql ] [ SQL ] SELECT * FROM INFORMATION_SCHEMA.Columns WHERE table_name='thirduser' AND table_schema='ebh2' [ RunTime:0.000737s ]
[ sql ] [ SQL ] SELECT * FROM INFORMATION_SCHEMA.Columns WHERE table_name='thirduserfix' AND table_schema='ebh2' [ RunTime:0.000671s ]
[ sql ] [ SQL ] SELECT * FROM INFORMATION_SCHEMA.Columns WHERE table_name='tmpuname' AND table_schema='ebh2' [ RunTime:0.000628s ]
[ sql ] [ SQL ] SELECT * FROM INFORMATION_SCHEMA.Columns WHERE table_name='users' AND table_schema='ebh2' [ RunTime:0.000727s ]
---------------------------------------------------------------
error - 2018-07-31 10:01:11 -->
目录名称:gl_xlh/application/db/model/
主目录:gl_xlh
---------------------------------------------------------------
error - 2018-07-31 10:01:11 -->
shell命令:mkdir -p /test/gl_xlh/application/db/model/ && cp -r /test/gl_xlh /mnt/hgfs/mytest/MYDIR && rm -rf /test/gl_xlh
---------------------------------------------------------------
error - 2018-07-31 10:04:18 -->
目录名称:gl_xlh/application/db/controller
主目录:gl_xlh
---------------------------------------------------------------
error - 2018-07-31 10:04:18 -->
shell命令:mkdir -p /test/gl_xlh/application/db/controller && cp -r /test/gl_xlh /mnt/hgfs/mytest/MYDIR && rm -rf /test/gl_xlh
---------------------------------------------------------------
error - 2018-07-31 10:05:56 -->
目录名称:gl_xlh/application/db/controller
主目录:gl_xlh
---------------------------------------------------------------
error - 2018-07-31 10:05:56 -->
shell命令:mkdir -p /test/gl_xlh/application/db/controller && cp -r /test/gl_xlh /mnt/hgfs/mytest/MYDIR && rm -rf /test/gl_xlh
---------------------------------------------------------------
error - 2018-07-31 10:07:00 -->
目录名称:gl_xlh/application/db/controller
主目录:gl_xlh
---------------------------------------------------------------
error - 2018-07-31 10:07:00 -->
shell命令:mkdir -p /test/gl_xlh/application/db/controller && cp -r /test/gl_xlh /mnt/hgfs/mytest/MYDIR && rm -rf /test/gl_xlh
---------------------------------------------------------------
error - 2018-07-31 10:09:35 -->
目录名称:gl_xlh/application/db/controller
主目录:gl_xlh
---------------------------------------------------------------
error - 2018-07-31 10:09:35 -->
shell命令:mkdir -p /test/gl_xlh/application/db/controller && cp -r /test/gl_xlh /mnt/hgfs/mytest/MYDIR && rm -rf /test/gl_xlh
---------------------------------------------------------------
error - 2018-07-31 10:10:11 -->
目录名称:gl_xlh/application/db/controller
主目录:gl_xlh
---------------------------------------------------------------
error - 2018-07-31 10:10:11 -->
shell命令:mkdir -p /test/gl_xlh/application/db/controller && cp -r /test/gl_xlh /mnt/hgfs/mytest/MYDIR && rm -rf /test/gl_xlh
---------------------------------------------------------------
error - 2018-07-31 10:11:02 -->
目录名称:gl_xlh/application/db/controller
主目录:gl_xlh
---------------------------------------------------------------
error - 2018-07-31 10:11:02 -->
shell命令:mkdir -p /test/gl_xlh/application/db/controller && cp -r /test/gl_xlh /mnt/hgfs/mytest/MYDIR && rm -rf /test/gl_xlh
---------------------------------------------------------------
error - 2018-07-31 10:11:27 -->
目录名称:gl_xlh/application/db/controller
主目录:gl_xlh
---------------------------------------------------------------
error - 2018-07-31 10:11:27 -->
shell命令:mkdir -p /test/gl_xlh/application/db/controller && cp -r /test/gl_xlh /mnt/hgfs/mytest/MYDIR && rm -rf /test/gl_xlh
---------------------------------------------------------------
[ 2018-07-31T10:14:38+08:00 ] 192.168.0.85 192.168.0.213 GET /api/v1/test/page
[ info ] gl.xlh.net/api/v1/test/page [运行时间：1.761954s][吞吐率：0.57req/s] [内存消耗：596.91kb] [文件加载：64]
[ sql ] [ DB ] CONNECT:[ UseTime:0.000765s ] mysql:dbname=ebh2;host=192.168.0.85;charset=utf8
[ sql ] [ SQL ] SHOW COLUMNS FROM `ebh_users` [ RunTime:0.001121s ]
[ sql ] [ SQL ] SELECT COUNT(*) AS tp_count FROM `ebh_users` WHERE  `status` = 1 LIMIT 1 [ RunTime:1.529721s ]
[ sql ] [ SQL ] SELECT `uid`,`username`,`realname`,`dateline`,`lastloginip` FROM `ebh_users` WHERE  `status` = 1 ORDER BY uid desc LIMIT 0,10 [ RunTime:0.001640s ]
---------------------------------------------------------------
[ 2018-07-31T10:15:29+08:00 ] 192.168.0.85 192.168.0.213 GET /api/v1/test/page
[ info ] gl.xlh.net/api/v1/test/page [运行时间：0.212447s][吞吐率：4.71req/s] [内存消耗：595.69kb] [文件加载：64]
[ sql ] [ DB ] CONNECT:[ UseTime:0.000613s ] mysql:dbname=ebh2;host=192.168.0.85;charset=utf8
[ sql ] [ SQL ] SHOW COLUMNS FROM `ebh_users` [ RunTime:0.001193s ]
[ sql ] [ SQL ] SELECT COUNT(*) AS tp_count FROM `ebh_users` WHERE  `status` = 1 LIMIT 1 [ RunTime:0.145523s ]
[ sql ] [ SQL ] SELECT `uid`,`username`,`realname`,`dateline`,`lastloginip` FROM `ebh_users` WHERE  `status` = 1 ORDER BY uid desc LIMIT 0,10 [ RunTime:0.000543s ]
---------------------------------------------------------------
[ 2018-07-31T10:15:33+08:00 ] 192.168.0.85 192.168.0.213 GET /api/v1/test/page?page=2
[ info ] gl.xlh.net/api/v1/test/page?page=2 [运行时间：0.211863s][吞吐率：4.72req/s] [内存消耗：595.73kb] [文件加载：64]
[ sql ] [ DB ] CONNECT:[ UseTime:0.000544s ] mysql:dbname=ebh2;host=192.168.0.85;charset=utf8
[ sql ] [ SQL ] SHOW COLUMNS FROM `ebh_users` [ RunTime:0.001110s ]
[ sql ] [ SQL ] SELECT COUNT(*) AS tp_count FROM `ebh_users` WHERE  `status` = 1 LIMIT 1 [ RunTime:0.145354s ]
[ sql ] [ SQL ] SELECT `uid`,`username`,`realname`,`dateline`,`lastloginip` FROM `ebh_users` WHERE  `status` = 1 ORDER BY uid desc LIMIT 10,10 [ RunTime:0.000600s ]
---------------------------------------------------------------
[ 2018-07-31T10:15:34+08:00 ] 192.168.0.85 192.168.0.213 GET /api/v1/test/page?page=3
[ info ] gl.xlh.net/api/v1/test/page?page=3 [运行时间：0.198306s][吞吐率：5.04req/s] [内存消耗：595.73kb] [文件加载：64]
[ sql ] [ DB ] CONNECT:[ UseTime:0.000848s ] mysql:dbname=ebh2;host=192.168.0.85;charset=utf8
[ sql ] [ SQL ] SHOW COLUMNS FROM `ebh_users` [ RunTime:0.001168s ]
[ sql ] [ SQL ] SELECT COUNT(*) AS tp_count FROM `ebh_users` WHERE  `status` = 1 LIMIT 1 [ RunTime:0.133247s ]
[ sql ] [ SQL ] SELECT `uid`,`username`,`realname`,`dateline`,`lastloginip` FROM `ebh_users` WHERE  `status` = 1 ORDER BY uid desc LIMIT 20,10 [ RunTime:0.000603s ]
---------------------------------------------------------------
[ 2018-07-31T10:15:35+08:00 ] 192.168.0.85 192.168.0.213 GET /api/v1/test/page?page=4
[ info ] gl.xlh.net/api/v1/test/page?page=4 [运行时间：0.216311s][吞吐率：4.62req/s] [内存消耗：595.73kb] [文件加载：64]
[ sql ] [ DB ] CONNECT:[ UseTime:0.000544s ] mysql:dbname=ebh2;host=192.168.0.85;charset=utf8
[ sql ] [ SQL ] SHOW COLUMNS FROM `ebh_users` [ RunTime:0.001105s ]
[ sql ] [ SQL ] SELECT COUNT(*) AS tp_count FROM `ebh_users` WHERE  `status` = 1 LIMIT 1 [ RunTime:0.147843s ]
[ sql ] [ SQL ] SELECT `uid`,`username`,`realname`,`dateline`,`lastloginip` FROM `ebh_users` WHERE  `status` = 1 ORDER BY uid desc LIMIT 30,10 [ RunTime:0.000852s ]
---------------------------------------------------------------
[ 2018-07-31T10:15:36+08:00 ] 192.168.0.85 192.168.0.213 GET /api/v1/test/page?page=5
[ info ] gl.xlh.net/api/v1/test/page?page=5 [运行时间：0.183388s][吞吐率：5.45req/s] [内存消耗：595.71kb] [文件加载：64]
[ sql ] [ DB ] CONNECT:[ UseTime:0.000633s ] mysql:dbname=ebh2;host=192.168.0.85;charset=utf8
[ sql ] [ SQL ] SHOW COLUMNS FROM `ebh_users` [ RunTime:0.001401s ]
[ sql ] [ SQL ] SELECT COUNT(*) AS tp_count FROM `ebh_users` WHERE  `status` = 1 LIMIT 1 [ RunTime:0.130376s ]
[ sql ] [ SQL ] SELECT `uid`,`username`,`realname`,`dateline`,`lastloginip` FROM `ebh_users` WHERE  `status` = 1 ORDER BY uid desc LIMIT 40,10 [ RunTime:0.000626s ]
---------------------------------------------------------------
[ 2018-07-31T10:15:36+08:00 ] 192.168.0.85 192.168.0.213 GET /api/v1/test/page?page=6
[ info ] gl.xlh.net/api/v1/test/page?page=6 [运行时间：0.223952s][吞吐率：4.47req/s] [内存消耗：596.01kb] [文件加载：64]
[ sql ] [ DB ] CONNECT:[ UseTime:0.000859s ] mysql:dbname=ebh2;host=192.168.0.85;charset=utf8
[ sql ] [ SQL ] SHOW COLUMNS FROM `ebh_users` [ RunTime:0.001258s ]
[ sql ] [ SQL ] SELECT COUNT(*) AS tp_count FROM `ebh_users` WHERE  `status` = 1 LIMIT 1 [ RunTime:0.147645s ]
[ sql ] [ SQL ] SELECT `uid`,`username`,`realname`,`dateline`,`lastloginip` FROM `ebh_users` WHERE  `status` = 1 ORDER BY uid desc LIMIT 50,10 [ RunTime:0.000611s ]
