---------------------------------------------------------------
[ 2018-06-19T15:44:29+08:00 ] 192.168.0.85 192.168.0.213 GET /index.php/db/test/test/test3.html
[ info ] gl.xlh.net/index.php/db/test/test/test3.html [运行时间：0.045233s][吞吐率：22.11req/s] [内存消耗：429.69kb] [文件加载：54]
[ info ] [ LANG ] /mnt/hgfs/mytest/gl_xlh/thinkphp/lang/zh-cn.php
[ info ] [ ROUTE ] array (
  'type' => 'module',
  'module' => 
  array (
    0 => 'db',
    1 => 'test',
    2 => 'test',
  ),
)
[ info ] [ HEADER ] array (
  'connection' => 'keep-alive',
  'accept-encoding' => 'gzip, deflate',
  'host' => 'gl.xlh.net',
  'accept' => '*/*',
  'user-agent' => 'PostmanRuntime/7.1.1',
  'postman-token' => '21883743-fafd-48e1-9b24-0c1a909777ae',
  'cache-control' => 'no-cache',
  'authorization' => 'eyJ0eXAiOiJKV1QiLCJhbGciOiJIUzI1NiJ9.eyJ1aWQiOjEyMzQ1NiwiaWF0IjoxNTI5MDQyMzU5LCJleHAiOjE1Mzc2ODIzNTl9.hoGnzw\\/tx+e02Xob9\\/a5f9MeB7P2oD37Q4lXGkm7KDQ=',
  'content-type' => 'application/x-www-form-urlencoded',
  'content-length' => '',
)
[ info ] [ PARAM ] array (
)
[ info ] [ DB ] INIT mysql
[ info ] [ RUN ] app\db\controller\Test->test[ /mnt/hgfs/mytest/gl_xlh/application/db/controller/Test.php ]
[ info ] [ LOG ] INIT File
---------------------------------------------------------------
[ 2018-06-19T15:58:55+08:00 ] 192.168.0.85 192.168.0.213 GET /exc
[ info ] gl.xlh.net/exc [运行时间：0.047250s][吞吐率：21.16req/s] [内存消耗：426.29kb] [文件加载：62]
[ info ] [ LANG ] /mnt/hgfs/mytest/gl_xlh/thinkphp/lang/zh-cn.php
[ info ] [ ROUTE ] array (
  'type' => 'module',
  'module' => 
  array (
    0 => 'db',
    1 => 'test.Test',
    2 => 'testException',
  ),
  'convert' => false,
)
[ info ] [ HEADER ] array (
  'connection' => 'keep-alive',
  'accept-encoding' => 'gzip, deflate',
  'host' => 'gl.xlh.net',
  'accept' => '*/*',
  'user-agent' => 'PostmanRuntime/7.1.1',
  'postman-token' => 'aa4bbe5e-f0ad-47e7-a08d-c3b19c415b85',
  'cache-control' => 'no-cache',
  'authorization' => 'eyJ0eXAiOiJKV1QiLCJhbGciOiJIUzI1NiJ9.eyJ1aWQiOjEyMzQ1NiwiaWF0IjoxNTI5MDQyMzU5LCJleHAiOjE1Mzc2ODIzNTl9.hoGnzw\\/tx+e02Xob9\\/a5f9MeB7P2oD37Q4lXGkm7KDQ=',
  'content-type' => 'application/x-www-form-urlencoded',
  'content-length' => '',
)
[ info ] [ PARAM ] array (
)
[ info ] [ DB ] INIT mysql
[ info ] [ RUN ] app\db\controller\test\Test->testException[ /mnt/hgfs/mytest/gl_xlh/application/db/controller/test/Test.php ]
[ info ] [ LOG ] INIT File
[ error ] [400][/mnt/hgfs/mytest/gl_xlh/application/db/controller/test/Test.php:262]
---------------------------------------------------------------
[ 2018-06-19T16:07:38+08:00 ] 192.168.0.85 192.168.0.213 GET /exc
[ info ] gl.xlh.net/exc [运行时间：0.049735s][吞吐率：20.11req/s] [内存消耗：422.84kb] [文件加载：61]
[ info ] [ LANG ] /mnt/hgfs/mytest/gl_xlh/thinkphp/lang/zh-cn.php
[ info ] [ ROUTE ] array (
  'type' => 'module',
  'module' => 
  array (
    0 => 'db',
    1 => 'test.Test',
    2 => 'testException',
  ),
  'convert' => false,
)
[ info ] [ HEADER ] array (
  'connection' => 'keep-alive',
  'accept-encoding' => 'gzip, deflate',
  'host' => 'gl.xlh.net',
  'accept' => '*/*',
  'user-agent' => 'PostmanRuntime/7.1.1',
  'postman-token' => 'ba958a6c-b4dd-445c-aa82-a28cf6d9b273',
  'cache-control' => 'no-cache',
  'authorization' => 'eyJ0eXAiOiJKV1QiLCJhbGciOiJIUzI1NiJ9.eyJ1aWQiOjEyMzQ1NiwiaWF0IjoxNTI5MDQyMzU5LCJleHAiOjE1Mzc2ODIzNTl9.hoGnzw\\/tx+e02Xob9\\/a5f9MeB7P2oD37Q4lXGkm7KDQ=',
  'content-type' => 'application/x-www-form-urlencoded',
  'content-length' => '',
)
[ info ] [ PARAM ] array (
)
[ info ] [ DB ] INIT mysql
[ info ] [ RUN ] app\db\controller\test\Test->testException[ /mnt/hgfs/mytest/gl_xlh/application/db/controller/test/Test.php ]
[ info ] [ LOG ] INIT File
[ error ] [2]Division by zero[/mnt/hgfs/mytest/gl_xlh/application/db/model/User.php:96]
---------------------------------------------------------------
[ 2018-06-19T16:08:55+08:00 ] 192.168.0.85 192.168.0.213 GET /exc
[ error ] [2]Division by zero
[ error ] Division by zero
