---------------------------------------------------------------
error - 2018-07-27 16:47:31 -->
目录名称:gl_xlh/application/db/controller/v1
主目录:gl_xlh
---------------------------------------------------------------
error - 2018-07-27 16:47:31 -->
shell命令:mkdir -p /test/gl_xlh/application/db/controller/v1 && cp -r /test/gl_xlh /mnt/hgfs/mytest/MYDIR && rm -rf /test/gl_xlh
---------------------------------------------------------------
error - 2018-07-27 16:49:38 -->
目录名称:gl_xlh/application/db/controller/v1
主目录:gl_xlh
---------------------------------------------------------------
error - 2018-07-27 16:49:38 -->
shell命令:mkdir -p /test/gl_xlh/application/db/controller/v1 && cp -r /test/gl_xlh /mnt/hgfs/mytest/MYDIR && rm -rf /test/gl_xlh
---------------------------------------------------------------
error - 2018-07-27 16:50:06 -->
目录名称:gl_xlh/application/db/controller/v1
主目录:gl_xlh
---------------------------------------------------------------
error - 2018-07-27 16:50:06 -->
shell命令:mkdir -p /test/gl_xlh/application/db/controller/v1 && cp -r /test/gl_xlh /mnt/hgfs/mytest/MYDIR && rm -rf /test/gl_xlh
---------------------------------------------------------------
error - 2018-07-27 17:09:38 -->
目录名称:ebhservice/Ebh/Model/
主目录:ebhservice
---------------------------------------------------------------
error - 2018-07-27 17:09:38 -->
shell命令:mkdir -p /test/ebhservice/Ebh/Model/ && cp -r /test/ebhservice /mnt/hgfs/mytest/MYDIR && rm -rf /test/ebhservice
---------------------------------------------------------------
error - 2018-07-27 17:10:47 -->
目录名称:ebhservice/Ebh/Model/
主目录:ebhservice
---------------------------------------------------------------
error - 2018-07-27 17:10:47 -->
shell命令:mkdir -p /test/ebhservice/Ebh/Model/ && cp -r /test/ebhservice /mnt/hgfs/mytest/MYDIR && rm -rf /test/ebhservice
---------------------------------------------------------------
error - 2018-07-27 17:11:06 -->
目录名称:ebhservice/Ebh/Model/
主目录:ebhservice
---------------------------------------------------------------
error - 2018-07-27 17:11:06 -->
shell命令:mkdir -p /test/ebhservice/Ebh/Model/ && cp -r /test/ebhservice /mnt/hgfs/mytest/MYDIR && rm -rf /test/ebhservice
---------------------------------------------------------------
error - 2018-07-27 17:11:12 -->
目录名称:ebhservice/Ebh/Model/
主目录:ebhservice
---------------------------------------------------------------
error - 2018-07-27 17:11:12 -->
shell命令:mkdir -p /test/ebhservice/Ebh/Model/ && cp -r /test/ebhservice /mnt/hgfs/mytest/MYDIR && rm -rf /test/ebhservice
---------------------------------------------------------------
error - 2018-07-27 17:13:32 -->
目录名称:ebhservice/Ebh/Model/
主目录:ebhservice
---------------------------------------------------------------
error - 2018-07-27 17:13:32 -->
shell命令:mkdir -p /test/ebhservice/Ebh/Model/ && cp -r /test/ebhservice /mnt/hgfs/mytest/MYDIR && rm -rf /test/ebhservice
---------------------------------------------------------------
error - 2018-07-27 17:15:04 -->
目录名称:ebhservice/Ebh/Model/
主目录:ebhservice
---------------------------------------------------------------
error - 2018-07-27 17:15:04 -->
shell命令:mkdir -p /test/ebhservice/Ebh/Model/ && cp -r /test/ebhservice /mnt/hgfs/mytest/MYDIR && rm -rf /test/ebhservice
---------------------------------------------------------------
error - 2018-07-27 17:15:43 -->
目录名称:ebhservice/Ebh/Model/
主目录:ebhservice
---------------------------------------------------------------
error - 2018-07-27 17:15:43 -->
shell命令:mkdir -p /test/ebhservice/Ebh/Model/ && cp -r /test/ebhservice /mnt/hgfs/mytest/MYDIR && rm -rf /test/ebhservice
